
  ==========================================
  Studio Pro version: 8.7.11
  Started at: 11/1/2023 15:21:23
  ==========================================
  

[2023-01-11T21:22:04.279Z] : [success]: Robot saved successfully

[2023-01-11T21:22:04.636Z] : [info]: ---------------------------------------------

[2023-01-11T21:22:04.640Z] : [success]: Bot started

[2023-01-11T21:22:04.644Z] : [info]: Robot start

[2023-01-11T21:22:12.884Z] : [success]: Bot finished successfully, total execution time: 8s 240ms

[2023-01-11T21:22:12.889Z] : [info]: ---------------------------------------------

[2023-01-11T21:23:54.837Z] : [success]: Robot saved successfully

[2023-01-11T21:23:55.261Z] : [success]: Bot started

[2023-01-11T21:23:55.270Z] : [info]: Robot start

[2023-01-11T21:24:03.443Z] : [success]: Bot finished successfully, total execution time: 8s 172ms

[2023-01-11T21:24:03.448Z] : [info]: ---------------------------------------------

[2023-01-11T21:24:52.530Z] : [success]: Robot saved successfully

[2023-01-11T21:24:53.007Z] : [success]: Bot started

[2023-01-11T21:24:53.012Z] : [info]: Robot start

[2023-01-11T21:25:01.167Z] : [success]: Bot finished successfully, total execution time: 8s 154ms

[2023-01-11T21:25:01.171Z] : [info]: ---------------------------------------------

[2023-01-11T21:26:30.410Z] : [success]: Robot saved successfully


  ==========================================
  Studio Pro version: 8.7.11
  Started at: 11/1/2023 15:27:44
  ==========================================
  

[2023-01-11T21:27:47.718Z] : [success]: Robot saved successfully

