[2023-03-07T02:11:54.149Z] : [error]: Script Stopped.

[2023-03-07T02:11:54.168Z] : [info]: Total execution time: 55s 20ms

[2023-03-07T02:11:54.172Z] : [info]: ---------------------------------------------


  ==========================================
  Studio Pro version: 9.0.5
  Started at: 6/3/2023 19:11:54
  ==========================================
  


  ==========================================
  Studio Pro version: 9.0.5
  Started at: 6/3/2023 19:17:11
  ==========================================
  

[2023-03-07T02:19:18.806Z] : [success]: Robot saved successfully

[2023-03-07T02:21:18.099Z] : [error]: Script Stopped.

[2023-03-07T02:21:18.105Z] : [info]: Total execution time: 1m 40s 721ms

[2023-03-07T02:21:18.109Z] : [info]: ---------------------------------------------


  ==========================================
  Studio Pro version: 9.0.5
  Started at: 6/3/2023 19:21:18
  ==========================================
  

[2023-03-07T02:27:11.526Z] : [success]: Robot saved successfully

[2023-03-07T02:27:14.560Z] : [success]: Robot saved successfully


  ==========================================
  Studio Pro version: 9.0.5
  Started at: 6/3/2023 19:32:24
  ==========================================
  

[2023-03-07T02:32:32.794Z] : [success]: Robot saved successfully

