
  ==========================================
  Studio Pro version: 9.0.5
  Started at: 24/1/2023 15:51:04
  ==========================================
  

[2023-01-24T21:51:26.794Z] : [success]: Robot saved successfully


  ==========================================
  Studio Pro version: 9.0.5
  Started at: 24/1/2023 15:51:35
  ==========================================
  

[2023-01-24T21:51:38.337Z] : [success]: Robot saved successfully

[2023-01-24T21:52:04.932Z] : [error]: Script Stopped.

[2023-01-24T21:52:04.938Z] : [info]: Total execution time: 16s 925ms

[2023-01-24T21:52:04.987Z] : [info]: ---------------------------------------------


  ==========================================
  Studio Pro version: 9.0.5
  Started at: 24/1/2023 15:52:05
  ==========================================
  

[2023-01-24T21:52:19.269Z] : [success]: Robot saved successfully


  ==========================================
  Studio Pro version: 9.0.5
  Started at: 24/1/2023 15:52:29
  ==========================================
  

[2023-01-24T21:52:31.552Z] : [success]: Robot saved successfully


  ==========================================
  Studio Pro version: 9.0.5
  Started at: 24/1/2023 15:55:31
  ==========================================
  

[2023-01-24T21:57:30.970Z] : [success]: Robot saved successfully

[2023-01-24T21:57:31.475Z] : [success]: Bot started

[2023-01-24T21:57:31.479Z] : [info]: Robot start

[2023-01-24T21:57:35.893Z] : [error]: Script Stopped.

[2023-01-24T21:57:35.898Z] : [info]: Total execution time: 4s 413ms

[2023-01-24T21:57:35.901Z] : [info]: ---------------------------------------------

[2023-01-24T21:58:20.135Z] : [success]: Robot saved successfully

[2023-01-24T21:59:28.360Z] : [success]: Robot saved successfully

