
  ==========================================
  Studio Pro version: 9.0.5
  Started at: 3/2/2023 20:14:29
  ==========================================
  

[2023-02-04T03:23:02.128Z] : [success]: Robot saved successfully

[2023-02-04T03:23:02.999Z] : [success]: Bot started

[2023-02-04T03:23:03.004Z] : [info]: Robot start

[2023-02-04T03:23:18.473Z] : [success]: Bot finished successfully, total execution time: 15s 469ms

[2023-02-04T03:23:18.478Z] : [info]: ---------------------------------------------

[2023-02-04T03:27:16.529Z] : [success]: Robot saved successfully

[2023-02-04T03:27:22.972Z] : [success]: Bot started

[2023-02-04T03:27:22.976Z] : [info]: Robot start

[2023-02-04T03:27:42.243Z] : [info]: 11

[2023-02-04T03:27:42.656Z] : [info]: 1

[2023-02-04T03:27:42.984Z] : [info]: 2

[2023-02-04T03:27:43.256Z] : [info]: 3

[2023-02-04T03:27:44.211Z] : [info]: 4

[2023-02-04T03:29:25.321Z] : [success]: Robot saved successfully

[2023-02-04T03:29:37.544Z] : [success]: Bot started

[2023-02-04T03:29:37.549Z] : [info]: Robot start

[2023-02-04T03:29:56.656Z] : [info]: 11

[2023-02-04T04:15:10.346Z] : [success]: Robot saved successfully

[2023-02-04T04:15:10.496Z] : [success]: Bot started

[2023-02-04T04:15:10.500Z] : [info]: Robot start

[2023-02-04T04:15:29.551Z] : [info]: 11

[2023-02-04T04:15:29.909Z] : [info]: 1

[2023-02-04T04:15:30.250Z] : [info]: 2

[2023-02-04T04:15:30.623Z] : [info]: 3

[2023-02-04T04:15:31.487Z] : [info]: 4

[2023-02-04T04:16:51.339Z] : [success]: Robot saved successfully

[2023-02-04T04:16:59.686Z] : [success]: Bot started

[2023-02-04T04:16:59.691Z] : [info]: Robot start

[2023-02-04T04:17:18.616Z] : [info]: 11

[2023-02-04T04:17:19.030Z] : [info]: 1

[2023-02-04T04:17:19.423Z] : [info]: 2

[2023-02-04T04:17:19.710Z] : [info]: 3

[2023-02-04T04:17:20.739Z] : [info]: 4

[2023-02-04T04:18:20.074Z] : [success]: Robot saved successfully

[2023-02-04T04:18:28.278Z] : [success]: Bot started

[2023-02-04T04:18:28.281Z] : [info]: Robot start

[2023-02-04T04:18:47.306Z] : [info]: 11

[2023-02-04T04:18:47.739Z] : [info]: 1

[2023-02-04T04:18:48.132Z] : [info]: 2

[2023-02-04T04:18:48.456Z] : [info]: 3

[2023-02-04T04:18:49.335Z] : [info]: 4

[2023-02-04T04:18:50.385Z] : [info]: 5

[2023-02-04T04:18:50.885Z] : [info]: 6

[2023-02-04T04:18:51.276Z] : [info]: 7

[2023-02-04T04:18:51.572Z] : [info]: 8

[2023-02-04T04:18:51.978Z] : [info]: 9

[2023-02-04T04:18:52.560Z] : [info]: 10

[2023-02-04T04:18:53.906Z] : [info]: 11

[2023-02-04T04:19:03.900Z] : [success]: Bot finished successfully, total execution time: 35s 618ms

[2023-02-04T04:19:03.931Z] : [info]: ---------------------------------------------

[2023-02-04T04:19:19.805Z] : [success]: Robot saved successfully

