
  ==========================================
  Studio Pro version: 9.0.4
  Started at: 23/2/2023 17:05:15
  ==========================================
  

[2023-02-24T00:05:25.357Z] : [warn]: There is a small amount of free memory (RAM) left, 92.06% of RAM is being used (7468 MBs). The performance of Studio Pro and bots during execution may be unstable. Close applications that are not being used, increase the memory, or optimize the workflow.

[2023-02-24T00:09:16.818Z] : [success]: Robot saved successfully

[2023-02-24T00:09:44.973Z] : [success]: Robot saved successfully

[2023-02-24T00:17:25.377Z] : [warn]: There is a small amount of free memory (RAM) left, 93.87% of RAM is being used (7615 MBs). The performance of Studio Pro and bots during execution may be unstable. Close applications that are not being used, increase the memory, or optimize the workflow.

[2023-02-24T00:20:25.420Z] : [warn]: There is a small amount of free memory (RAM) left, 95.73% of RAM is being used (7766 MBs). The performance of Studio Pro and bots during execution may be unstable. Close applications that are not being used, increase the memory, or optimize the workflow.

[2023-02-24T00:28:01.595Z] : [success]: Robot saved successfully

[2023-02-24T00:28:55.407Z] : [warn]: There is a small amount of free memory (RAM) left, 93.11% of RAM is being used (7553 MBs). The performance of Studio Pro and bots during execution may be unstable. Close applications that are not being used, increase the memory, or optimize the workflow.

[2023-02-24T00:29:55.411Z] : [warn]: There is a small amount of free memory (RAM) left, 92.49% of RAM is being used (7503 MBs). The performance of Studio Pro and bots during execution may be unstable. Close applications that are not being used, increase the memory, or optimize the workflow.

[2023-02-24T00:30:15.718Z] : [success]: The workflow has been exported successfully

[2023-02-24T00:32:55.405Z] : [warn]: There is a small amount of free memory (RAM) left, 94.07% of RAM is being used (7631 MBs). The performance of Studio Pro and bots during execution may be unstable. Close applications that are not being used, increase the memory, or optimize the workflow.

[2023-02-24T00:35:55.449Z] : [warn]: There is a small amount of free memory (RAM) left, 90.25% of RAM is being used (7321 MBs). The performance of Studio Pro and bots during execution may be unstable. Close applications that are not being used, increase the memory, or optimize the workflow.

[2023-02-24T00:36:36.247Z] : [success]: Robot saved successfully

[2023-02-24T00:58:25.373Z] : [warn]: There is a small amount of free memory (RAM) left, 90.53% of RAM is being used (7344 MBs). The performance of Studio Pro and bots during execution may be unstable. Close applications that are not being used, increase the memory, or optimize the workflow.

[2023-02-24T01:01:25.415Z] : [warn]: There is a small amount of free memory (RAM) left, 94.17% of RAM is being used (7639 MBs). The performance of Studio Pro and bots during execution may be unstable. Close applications that are not being used, increase the memory, or optimize the workflow.

[2023-02-24T01:18:53.033Z] : [success]: Robot saved successfully

[2023-02-24T01:39:55.492Z] : [warn]: There is a small amount of free memory (RAM) left, 90.61% of RAM is being used (7350 MBs). The performance of Studio Pro and bots during execution may be unstable. Close applications that are not being used, increase the memory, or optimize the workflow.

[2023-02-24T01:42:16.743Z] : [info]: Internet connection // error

[2023-02-24T01:42:25.353Z] : [warn]: There is a small amount of free memory (RAM) left, 90.42% of RAM is being used (7335 MBs). The performance of Studio Pro and bots during execution may be unstable. Close applications that are not being used, increase the memory, or optimize the workflow.

[2023-02-24T01:42:52.676Z] : [success]: Connection to our licenses server is restored

[2023-02-24T01:45:25.365Z] : [warn]: There is a small amount of free memory (RAM) left, 91.63% of RAM is being used (7433 MBs). The performance of Studio Pro and bots during execution may be unstable. Close applications that are not being used, increase the memory, or optimize the workflow.

[2023-02-24T01:50:55.535Z] : [warn]: There is a small amount of free memory (RAM) left, 90.52% of RAM is being used (7343 MBs). The performance of Studio Pro and bots during execution may be unstable. Close applications that are not being used, increase the memory, or optimize the workflow.

[2023-02-24T02:24:54.929Z] : [success]: Robot saved successfully

[2023-02-24T02:25:55.405Z] : [warn]: There is a small amount of free memory (RAM) left, 91.26% of RAM is being used (7403 MBs). The performance of Studio Pro and bots during execution may be unstable. Close applications that are not being used, increase the memory, or optimize the workflow.

[2023-02-24T15:40:42.310Z] : [success]: Robot saved successfully

