
  ==========================================
  Studio Pro version: 9.1.4
  Started at: 13/3/2023, 10:39:27
  ==========================================
  

[2023-03-13T18:22:47.352Z] : [success]: Bot started

[2023-03-13T18:22:47.353Z] : [info]: Robot start

[2023-03-13T18:23:09.722Z] : [info]: C:\Users\50378\OneDrive\Escritorio\CONTABILIDAD\ARRASTRE MOTRIZ DE MEXICO SA DE CV\EJERCICIO 2023\GASTOS\01 ENERO

[2023-03-13T18:24:55.353Z] : [success]: Bot finished successfully, total execution time: 2m 7s 998ms

[2023-03-13T18:24:55.354Z] : [info]: ---------------------------------------------

[2023-03-13T18:27:06.548Z] : [success]: Bot started

[2023-03-13T18:27:06.551Z] : [info]: Robot start

[2023-03-13T18:27:24.952Z] : [info]: C:\Users\50378\OneDrive\Escritorio\CONTABILIDAD\ARRASTRE MOTRIZ DE MEXICO SA DE CV\EJERCICIO 2023\GASTOS\01 ENERO

[2023-03-13T18:27:39.092Z] : [success]: Bot finished successfully, total execution time: 32s 539ms

[2023-03-13T18:27:39.093Z] : [info]: ---------------------------------------------

[2023-03-13T18:27:54.412Z] : [success]: Bot started

[2023-03-13T18:27:54.413Z] : [info]: Robot start

[2023-03-13T18:28:14.329Z] : [info]: C:\Users\50378\OneDrive\Escritorio\CONTABILIDAD\ARRASTRE MOTRIZ DE MEXICO SA DE CV\EJERCICIO 2023\GASTOS\01 ENERO

[2023-03-13T18:28:24.823Z] : [success]: Bot finished successfully, total execution time: 30s 408ms

[2023-03-13T18:28:24.825Z] : [info]: ---------------------------------------------

[2023-03-13T18:29:04.514Z] : [success]: Bot started

[2023-03-13T18:29:04.515Z] : [info]: Robot start

[2023-03-13T18:29:20.700Z] : [info]: C:\Users\50378\OneDrive\Escritorio\CONTABILIDAD\ARRASTRE MOTRIZ DE MEXICO SA DE CV\EJERCICIO 2023\GASTOS\01 ENERO

[2023-03-13T18:29:27.404Z] : [success]: Bot finished successfully, total execution time: 22s 887ms

[2023-03-13T18:29:27.406Z] : [info]: ---------------------------------------------

[2023-03-13T18:30:22.628Z] : [success]: Bot started

[2023-03-13T18:30:22.630Z] : [info]: Robot start

[2023-03-13T18:30:38.550Z] : [info]: C:\Users\50378\OneDrive\Escritorio\CONTABILIDAD\ARRASTRE MOTRIZ DE MEXICO SA DE CV\EJERCICIO 2023\GASTOS\01 ENERO

[2023-03-13T18:30:58.603Z] : [info]: 499.8 : Preprocesamiento

[2023-03-13T18:30:58.747Z] : [info]: 499.80 : Procesamiento final

[2023-03-13T18:30:59.031Z] : [info]: 6264 : Preprocesamiento

[2023-03-13T18:30:59.100Z] : [info]: 6264.00 : Procesamiento final

[2023-03-13T18:30:59.328Z] : [info]: 82123.89 : Preprocesamiento

[2023-03-13T18:30:59.423Z] : [info]: 82123.89 : Procesamiento final

[2023-03-13T18:30:59.678Z] : [info]: 7424 : Preprocesamiento

[2023-03-13T18:30:59.758Z] : [info]: 7424.00 : Procesamiento final

[2023-03-13T18:31:00.154Z] : [info]: 51327.42 : Preprocesamiento

[2023-03-13T18:31:00.245Z] : [info]: 51327.42 : Procesamiento final

[2023-03-13T18:31:00.462Z] : [info]: 5547 : Preprocesamiento

[2023-03-13T18:31:00.508Z] : [info]: 5547.00 : Procesamiento final

[2023-03-13T18:31:00.735Z] : [info]: 2429.87 : Preprocesamiento

[2023-03-13T18:31:00.792Z] : [info]: 2429.87 : Procesamiento final

[2023-03-13T18:31:00.996Z] : [info]: 2089.01 : Preprocesamiento

[2023-03-13T18:31:01.062Z] : [info]: 2089.01 : Procesamiento final

[2023-03-13T18:31:01.340Z] : [info]: 1940 : Preprocesamiento

[2023-03-13T18:31:01.392Z] : [info]: 1940.00 : Procesamiento final

[2023-03-13T18:31:01.627Z] : [info]: 30796.46 : Preprocesamiento

[2023-03-13T18:31:01.706Z] : [info]: 30796.46 : Procesamiento final

[2023-03-13T18:31:01.913Z] : [info]: 20530.98 : Preprocesamiento

[2023-03-13T18:31:01.970Z] : [info]: 20530.98 : Procesamiento final

[2023-03-13T18:31:02.226Z] : [info]: 0 : Preprocesamiento

[2023-03-13T18:31:02.289Z] : [info]: 0.00 : Procesamiento final

[2023-03-13T18:31:02.447Z] : [info]: 27794.79 : Preprocesamiento

[2023-03-13T18:31:02.527Z] : [info]: 27794.79 : Procesamiento final

[2023-03-13T18:31:02.746Z] : [info]: 4525.68 : Preprocesamiento

[2023-03-13T18:31:02.814Z] : [info]: 4525.68 : Procesamiento final

[2023-03-13T18:31:03.036Z] : [info]: 125 : Preprocesamiento

[2023-03-13T18:31:03.085Z] : [info]: 125.00 : Procesamiento final

[2023-03-13T18:31:03.305Z] : [info]: 29 : Preprocesamiento

[2023-03-13T18:31:03.385Z] : [info]: 29.00 : Procesamiento final

[2023-03-13T18:31:03.616Z] : [info]: 20530.98 : Preprocesamiento

[2023-03-13T18:31:03.684Z] : [info]: 20530.98 : Procesamiento final

[2023-03-13T18:31:03.920Z] : [info]: 17976 : Preprocesamiento

[2023-03-13T18:31:03.992Z] : [info]: 17976.00 : Procesamiento final

[2023-03-13T18:31:04.222Z] : [info]: 500 : Preprocesamiento

[2023-03-13T18:31:04.293Z] : [info]: 500.00 : Procesamiento final

[2023-03-13T18:31:04.501Z] : [info]: 6421.45 : Preprocesamiento

[2023-03-13T18:31:04.583Z] : [info]: 6421.45 : Procesamiento final

[2023-03-13T18:31:04.820Z] : [info]: 1079.61 : Preprocesamiento

[2023-03-13T18:31:04.884Z] : [info]: 1079.61 : Procesamiento final

[2023-03-13T18:31:05.147Z] : [info]: 700 : Preprocesamiento

[2023-03-13T18:31:05.214Z] : [info]: 700.00 : Procesamiento final

[2023-03-13T18:31:05.483Z] : [info]: 1035.6 : Preprocesamiento

[2023-03-13T18:31:05.610Z] : [info]: 1035.60 : Procesamiento final

[2023-03-13T18:31:05.912Z] : [info]: 630 : Preprocesamiento

[2023-03-13T18:31:05.984Z] : [info]: 630.00 : Procesamiento final

[2023-03-13T18:31:06.229Z] : [info]: 184465.52 : Preprocesamiento

[2023-03-13T18:31:06.304Z] : [info]: 184465.52 : Procesamiento final

[2023-03-13T18:31:06.543Z] : [info]: 1088.33 : Preprocesamiento

[2023-03-13T18:31:06.607Z] : [info]: 1088.33 : Procesamiento final

[2023-03-13T18:31:06.907Z] : [info]: 1440 : Preprocesamiento

[2023-03-13T18:31:06.985Z] : [info]: 1440.00 : Procesamiento final

[2023-03-13T18:31:09.026Z] : [info]: 199.93 : Preprocesamiento

[2023-03-13T18:31:09.133Z] : [info]: 199.93 : Procesamiento final

[2023-03-13T18:31:09.417Z] : [info]: 501.17 : Preprocesamiento

[2023-03-13T18:31:09.497Z] : [info]: 501.17 : Procesamiento final

[2023-03-13T18:31:09.797Z] : [info]: 17400 : Preprocesamiento

[2023-03-13T18:31:09.848Z] : [info]: 17400.00 : Procesamiento final

[2023-03-13T18:31:10.079Z] : [info]: 5576 : Preprocesamiento

[2023-03-13T18:31:10.166Z] : [info]: 5576.00 : Procesamiento final

[2023-03-13T18:31:10.412Z] : [info]: 158.28 : Preprocesamiento

[2023-03-13T18:31:10.475Z] : [info]: 158.28 : Procesamiento final

[2023-03-13T18:31:10.756Z] : [info]: 436158.84 : Preprocesamiento

[2023-03-13T18:31:10.838Z] : [info]: 436158.84 : Procesamiento final

[2023-03-13T18:31:11.153Z] : [info]: 10440 : Preprocesamiento

[2023-03-13T18:31:11.238Z] : [info]: 10440.00 : Procesamiento final

[2023-03-13T18:31:11.500Z] : [info]: 0 : Preprocesamiento

[2023-03-13T18:31:11.578Z] : [info]: 0.00 : Procesamiento final

[2023-03-13T18:31:11.754Z] : [info]: 0 : Preprocesamiento

[2023-03-13T18:31:11.830Z] : [info]: 0.00 : Procesamiento final

[2023-03-13T18:31:12.014Z] : [info]: 8294 : Preprocesamiento

[2023-03-13T18:31:12.074Z] : [info]: 8294.00 : Procesamiento final

[2023-03-13T18:31:12.424Z] : [info]: 2020 : Preprocesamiento

[2023-03-13T18:31:12.482Z] : [info]: 2020.00 : Procesamiento final

[2023-03-13T18:31:12.780Z] : [info]: 17127.02 : Preprocesamiento

[2023-03-13T18:31:12.867Z] : [info]: 17127.02 : Procesamiento final

[2023-03-13T18:31:35.351Z] : [warn]: Keep in mind that it is good practice to set different names for variables. If a global and a local variable have the same name, the local one may shadow the global one. In case, you want to keep the names alike, we recommend you enable the Clear variables before execution option or add a lowercase “g” to the global one

[2023-03-13T18:31:35.646Z] : [success]: Bot finished successfully, total execution time: 1m 13s 15ms

[2023-03-13T18:31:35.648Z] : [info]: ---------------------------------------------

[2023-03-13T18:34:46.664Z] : [success]: Bot started

[2023-03-13T18:34:46.665Z] : [info]: Robot start

[2023-03-13T18:34:51.273Z] : [error]: Canceled by user

[2023-03-13T18:34:51.276Z] : [info]: Total execution time: 4s 607ms

[2023-03-13T18:34:51.278Z] : [info]: ---------------------------------------------

[2023-03-13T18:35:20.657Z] : [success]: Bot started

[2023-03-13T18:35:20.659Z] : [info]: Robot start

[2023-03-13T18:35:38.919Z] : [info]: C:\Users\50378\OneDrive\Escritorio\CONTABILIDAD\ARRASTRE MOTRIZ DE MEXICO SA DE CV\EJERCICIO 2022\GASTOS\09 SEPTIEMBRE

[2023-03-13T18:35:50.977Z] : [success]: Bot finished successfully, total execution time: 30s 318ms

[2023-03-13T18:35:50.979Z] : [info]: ---------------------------------------------

[2023-03-13T18:37:56.405Z] : [success]: Bot started

[2023-03-13T18:37:56.406Z] : [info]: Robot start

[2023-03-13T18:38:13.705Z] : [info]: C:\Users\50378\OneDrive\Escritorio\CONTABILIDAD\ARRASTRE MOTRIZ DE MEXICO SA DE CV\EJERCICIO 2022\GASTOS\09 SEPTIEMBRE

[2023-03-13T18:38:41.578Z] : [success]: Bot finished successfully, total execution time: 45s 171ms

[2023-03-13T18:38:41.580Z] : [info]: ---------------------------------------------

[2023-03-13T18:40:36.917Z] : [success]: Robot saved successfully

[2023-03-13T18:40:37.763Z] : [success]: Bot started

[2023-03-13T18:40:37.764Z] : [info]: Robot start

[2023-03-13T18:40:55.326Z] : [info]: C:\Users\50378\OneDrive\Escritorio\CONTABILIDAD\ARRASTRE MOTRIZ DE MEXICO SA DE CV\EJERCICIO 2022\GASTOS\09 SEPTIEMBRE

[2023-03-13T18:43:18.779Z] : [success]: Bot started

[2023-03-13T18:43:18.780Z] : [info]: Robot start

[2023-03-13T18:43:38.855Z] : [info]: C:\Users\50378\OneDrive\Escritorio\CONTABILIDAD\ARRASTRE MOTRIZ DE MEXICO SA DE CV\EJERCICIO 2022\GASTOS\09 SEPTIEMBRE

[2023-03-13T18:43:56.860Z] : [info]: 923.14 : Preprocesamiento

[2023-03-13T18:43:57.005Z] : [info]: 923.14 : Procesamiento final

[2023-03-13T18:43:58.039Z] : [warn]: Keep in mind that it is good practice to set different names for variables. If a global and a local variable have the same name, the local one may shadow the global one. In case, you want to keep the names alike, we recommend you enable the Clear variables before execution option or add a lowercase “g” to the global one

[2023-03-13T18:48:19.956Z] : [success]: Bot started

[2023-03-13T18:48:19.957Z] : [info]: Robot start

[2023-03-13T18:48:41.427Z] : [info]: C:\Users\50378\OneDrive\Escritorio\CONTABILIDAD\ARRASTRE MOTRIZ DE MEXICO SA DE CV\EJERCICIO 2022\GASTOS\09 SEPTIEMBRE

[2023-03-13T18:48:58.990Z] : [info]: 923.14 : Preprocesamiento

[2023-03-13T18:48:59.117Z] : [info]: 923.14 : Procesamiento final

[2023-03-13T18:49:01.366Z] : [info]: 5100 : Preprocesamiento

[2023-03-13T18:49:01.482Z] : [info]: 5100.00 : Procesamiento final

[2023-03-13T18:49:03.655Z] : [info]: 4640 : Preprocesamiento

[2023-03-13T18:49:03.751Z] : [info]: 4640.00 : Procesamiento final

[2023-03-13T18:49:05.953Z] : [info]: 5247.52 : Preprocesamiento

[2023-03-13T18:49:06.058Z] : [info]: 5247.52 : Procesamiento final

[2023-03-13T18:49:08.515Z] : [info]: 9280 : Preprocesamiento

[2023-03-13T18:49:08.607Z] : [info]: 9280.00 : Procesamiento final

[2023-03-13T18:49:11.321Z] : [info]: 3920.4 : Preprocesamiento

[2023-03-13T18:49:11.497Z] : [info]: 3920.40 : Procesamiento final

[2023-03-13T18:49:14.031Z] : [info]: 3639.19 : Preprocesamiento

[2023-03-13T18:49:14.189Z] : [info]: 3639.19 : Procesamiento final

[2023-03-13T18:49:16.334Z] : [info]: 59400 : Preprocesamiento

[2023-03-13T18:49:16.463Z] : [info]: 59400.00 : Procesamiento final

[2023-03-13T18:49:18.707Z] : [info]: 666.4 : Preprocesamiento

[2023-03-13T18:49:18.861Z] : [info]: 666.40 : Procesamiento final

[2023-03-13T18:49:19.342Z] : [info]: 1039 : Preprocesamiento

[2023-03-13T18:49:19.469Z] : [info]: 1039.00 : Procesamiento final

[2023-03-13T18:49:21.624Z] : [info]: 1440 : Preprocesamiento

[2023-03-13T18:49:21.725Z] : [info]: 1440.00 : Procesamiento final

[2023-03-13T18:49:23.961Z] : [info]: 10265.49 : Preprocesamiento

[2023-03-13T18:49:24.085Z] : [info]: 10265.49 : Procesamiento final

[2023-03-13T18:49:26.333Z] : [info]: 830.96 : Preprocesamiento

[2023-03-13T18:49:26.453Z] : [info]: 830.96 : Procesamiento final

[2023-03-13T18:49:26.907Z] : [info]: 7740.89 : Preprocesamiento

[2023-03-13T18:49:27.050Z] : [info]: 7740.89 : Procesamiento final

[2023-03-13T18:49:27.416Z] : [info]: 408.9 : Preprocesamiento

[2023-03-13T18:49:27.574Z] : [info]: 408.90 : Procesamiento final

[2023-03-13T18:49:29.694Z] : [info]: 205.9 : Preprocesamiento

[2023-03-13T18:49:29.865Z] : [info]: 205.90 : Procesamiento final

[2023-03-13T18:49:30.263Z] : [info]: 0 : Preprocesamiento

[2023-03-13T18:49:30.526Z] : [info]: 0.00 : Procesamiento final

[2023-03-13T18:49:30.769Z] : [info]: 395 : Preprocesamiento

[2023-03-13T18:49:30.864Z] : [info]: 395.00 : Procesamiento final

[2023-03-13T18:49:31.243Z] : [info]: 69.6 : Preprocesamiento

[2023-03-13T18:49:31.383Z] : [info]: 69.60 : Procesamiento final

[2023-03-13T18:49:31.748Z] : [info]: 175 : Preprocesamiento

[2023-03-13T18:49:31.843Z] : [info]: 175.00 : Procesamiento final

[2023-03-13T18:49:34.053Z] : [info]: 151960 : Preprocesamiento

[2023-03-13T18:49:34.146Z] : [info]: 151960.00 : Procesamiento final

[2023-03-13T18:49:36.433Z] : [info]: 2292.87 : Preprocesamiento

[2023-03-13T18:49:36.554Z] : [info]: 2292.87 : Procesamiento final

[2023-03-13T18:49:36.977Z] : [info]: 2273.6 : Preprocesamiento

[2023-03-13T18:49:37.124Z] : [info]: 2273.60 : Procesamiento final

[2023-03-13T18:49:39.316Z] : [info]: 205.9 : Preprocesamiento

[2023-03-13T18:49:39.472Z] : [info]: 205.90 : Procesamiento final

[2023-03-13T18:49:39.962Z] : [info]: 31823.01 : Preprocesamiento

[2023-03-13T18:49:40.073Z] : [info]: 31823.01 : Procesamiento final

[2023-03-13T18:49:42.473Z] : [info]: 5800 : Preprocesamiento

[2023-03-13T18:49:42.591Z] : [info]: 5800.00 : Procesamiento final

[2023-03-13T18:49:44.819Z] : [info]: 1446.12 : Preprocesamiento

[2023-03-13T18:49:44.964Z] : [info]: 1446.12 : Procesamiento final

[2023-03-13T18:49:47.165Z] : [info]: 1923.44 : Preprocesamiento

[2023-03-13T18:49:47.276Z] : [info]: 1923.44 : Procesamiento final

[2023-03-13T18:49:47.752Z] : [info]: 110200 : Preprocesamiento

[2023-03-13T18:49:47.910Z] : [info]: 110200.00 : Procesamiento final

[2023-03-13T18:49:50.334Z] : [info]: 35322 : Preprocesamiento

[2023-03-13T18:49:50.436Z] : [info]: 35322.00 : Procesamiento final

[2023-03-13T18:49:52.810Z] : [info]: 69.95 : Preprocesamiento

[2023-03-13T18:49:52.984Z] : [info]: 69.95 : Procesamiento final

[2023-03-13T18:49:53.379Z] : [info]: 5212.42 : Preprocesamiento

[2023-03-13T18:49:53.506Z] : [info]: 5212.42 : Procesamiento final

[2023-03-13T18:49:53.869Z] : [info]: 39.99 : Preprocesamiento

[2023-03-13T18:49:53.968Z] : [info]: 39.99 : Procesamiento final

[2023-03-13T18:49:54.336Z] : [info]: 220.85 : Preprocesamiento

[2023-03-13T18:49:54.454Z] : [info]: 220.85 : Procesamiento final

[2023-03-13T18:49:54.974Z] : [info]: 556.8 : Preprocesamiento

[2023-03-13T18:49:55.114Z] : [info]: 556.80 : Procesamiento final

[2023-03-13T18:49:55.515Z] : [info]: 5800 : Preprocesamiento

[2023-03-13T18:49:55.624Z] : [info]: 5800.00 : Procesamiento final

[2023-03-13T18:49:57.864Z] : [info]: 158 : Preprocesamiento

[2023-03-13T18:49:57.990Z] : [info]: 158.00 : Procesamiento final

[2023-03-13T18:49:58.495Z] : [info]: 215 : Preprocesamiento

[2023-03-13T18:49:58.591Z] : [info]: 215.00 : Procesamiento final

[2023-03-13T18:49:58.997Z] : [info]: 215 : Preprocesamiento

[2023-03-13T18:49:59.108Z] : [info]: 215.00 : Procesamiento final

[2023-03-13T18:49:59.520Z] : [info]: 215 : Preprocesamiento

[2023-03-13T18:49:59.643Z] : [info]: 215.00 : Procesamiento final

[2023-03-13T18:50:00.056Z] : [info]: 215 : Preprocesamiento

[2023-03-13T18:50:00.171Z] : [info]: 215.00 : Procesamiento final

[2023-03-13T18:50:00.580Z] : [info]: 503.8 : Preprocesamiento

[2023-03-13T18:50:00.724Z] : [info]: 503.80 : Procesamiento final

[2023-03-13T18:50:01.120Z] : [info]: 350 : Preprocesamiento

[2023-03-13T18:50:01.241Z] : [info]: 350.00 : Procesamiento final

[2023-03-13T18:50:01.605Z] : [info]: 154 : Preprocesamiento

[2023-03-13T18:50:01.711Z] : [info]: 154.00 : Procesamiento final

[2023-03-13T18:50:02.095Z] : [info]: 208.9 : Preprocesamiento

[2023-03-13T18:50:02.238Z] : [info]: 208.90 : Procesamiento final

[2023-03-13T18:50:02.632Z] : [info]: 2388.93 : Preprocesamiento

[2023-03-13T18:50:02.744Z] : [info]: 2388.93 : Procesamiento final

[2023-03-13T18:50:03.146Z] : [info]: 503.8 : Preprocesamiento

[2023-03-13T18:50:03.288Z] : [info]: 503.80 : Procesamiento final

[2023-03-13T18:50:03.708Z] : [info]: 15398.23 : Preprocesamiento

[2023-03-13T18:50:03.820Z] : [info]: 15398.23 : Procesamiento final

[2023-03-13T18:50:04.194Z] : [info]: 600 : Preprocesamiento

[2023-03-13T18:50:04.294Z] : [info]: 600.00 : Procesamiento final

[2023-03-13T18:50:04.719Z] : [info]: 500 : Preprocesamiento

[2023-03-13T18:50:04.836Z] : [info]: 500.00 : Procesamiento final

[2023-03-13T18:50:05.247Z] : [info]: 600 : Preprocesamiento

[2023-03-13T18:50:05.358Z] : [info]: 600.00 : Procesamiento final

[2023-03-13T18:50:05.771Z] : [info]: 1890.6 : Preprocesamiento

[2023-03-13T18:50:05.925Z] : [info]: 1890.60 : Procesamiento final

[2023-03-13T18:50:06.336Z] : [info]: 500 : Preprocesamiento

[2023-03-13T18:50:06.447Z] : [info]: 500.00 : Procesamiento final

[2023-03-13T18:50:06.863Z] : [info]: 411.8 : Preprocesamiento

[2023-03-13T18:50:07.014Z] : [info]: 411.80 : Procesamiento final

[2023-03-13T18:50:07.411Z] : [info]: 413.8 : Preprocesamiento

[2023-03-13T18:50:07.558Z] : [info]: 413.80 : Procesamiento final

[2023-03-13T18:50:08.090Z] : [info]: 33876.11 : Preprocesamiento

[2023-03-13T18:50:08.217Z] : [info]: 33876.11 : Procesamiento final

[2023-03-13T18:50:08.582Z] : [info]: 1891 : Preprocesamiento

[2023-03-13T18:50:08.793Z] : [info]: 1891.00 : Procesamiento final

[2023-03-13T18:50:09.262Z] : [info]: 448 : Preprocesamiento

[2023-03-13T18:50:09.372Z] : [info]: 448.00 : Procesamiento final

[2023-03-13T18:50:09.765Z] : [info]: 64 : Preprocesamiento

[2023-03-13T18:50:09.873Z] : [info]: 64.00 : Procesamiento final

[2023-03-13T18:50:10.273Z] : [info]: 144 : Preprocesamiento

[2023-03-13T18:50:10.384Z] : [info]: 144.00 : Procesamiento final

[2023-03-13T18:50:10.757Z] : [info]: 580 : Preprocesamiento

[2023-03-13T18:50:10.848Z] : [info]: 580.00 : Procesamiento final

[2023-03-13T18:50:11.236Z] : [info]: 2014.2 : Preprocesamiento

[2023-03-13T18:50:11.395Z] : [info]: 2014.20 : Procesamiento final

[2023-03-13T18:50:11.770Z] : [info]: 52.2 : Preprocesamiento

[2023-03-13T18:50:11.918Z] : [info]: 52.20 : Procesamiento final

[2023-03-13T18:50:12.336Z] : [info]: 425.8 : Preprocesamiento

[2023-03-13T18:50:12.461Z] : [info]: 425.80 : Procesamiento final

[2023-03-13T18:50:12.886Z] : [info]: 3681.61 : Preprocesamiento

[2023-03-13T18:50:13.012Z] : [info]: 3681.61 : Procesamiento final

[2023-03-13T18:50:13.413Z] : [info]: 9139.2 : Preprocesamiento

[2023-03-13T18:50:13.548Z] : [info]: 9139.20 : Procesamiento final

[2023-03-13T18:50:13.940Z] : [info]: 9247.04 : Preprocesamiento

[2023-03-13T18:50:14.051Z] : [info]: 9247.04 : Procesamiento final

[2023-03-13T18:50:14.451Z] : [info]: 2595.7 : Preprocesamiento

[2023-03-13T18:50:14.603Z] : [info]: 2595.70 : Procesamiento final

[2023-03-13T18:50:14.983Z] : [info]: 4216.18 : Preprocesamiento

[2023-03-13T18:50:15.111Z] : [info]: 4216.18 : Procesamiento final

[2023-03-13T18:50:15.523Z] : [info]: 6712.92 : Preprocesamiento

[2023-03-13T18:50:15.650Z] : [info]: 6712.92 : Procesamiento final

[2023-03-13T18:50:16.076Z] : [info]: 1050 : Preprocesamiento

[2023-03-13T18:50:16.168Z] : [info]: 1050.00 : Procesamiento final

[2023-03-13T18:50:16.562Z] : [info]: 7095.9 : Preprocesamiento

[2023-03-13T18:50:16.706Z] : [info]: 7095.90 : Procesamiento final

[2023-03-13T18:50:17.110Z] : [info]: 120 : Preprocesamiento

[2023-03-13T18:50:17.217Z] : [info]: 120.00 : Procesamiento final

[2023-03-13T18:50:17.627Z] : [info]: 20530.98 : Preprocesamiento

[2023-03-13T18:50:17.771Z] : [info]: 20530.98 : Procesamiento final

[2023-03-13T18:50:18.165Z] : [info]: 1746.8 : Preprocesamiento

[2023-03-13T18:50:18.300Z] : [info]: 1746.80 : Procesamiento final

[2023-03-13T18:50:18.726Z] : [info]: 1135 : Preprocesamiento

[2023-03-13T18:50:18.833Z] : [info]: 1135.00 : Procesamiento final

[2023-03-13T18:50:19.201Z] : [info]: 1633.01 : Preprocesamiento

[2023-03-13T18:50:19.344Z] : [info]: 1633.01 : Procesamiento final

[2023-03-13T18:50:19.782Z] : [info]: 1149.01 : Preprocesamiento

[2023-03-13T18:50:20.003Z] : [info]: 1149.01 : Procesamiento final

[2023-03-13T18:50:20.415Z] : [info]: 1200 : Preprocesamiento

[2023-03-13T18:50:20.525Z] : [info]: 1200.00 : Procesamiento final

[2023-03-13T18:50:20.907Z] : [info]: 139.99 : Preprocesamiento

[2023-03-13T18:50:21.034Z] : [info]: 139.99 : Procesamiento final

[2023-03-13T18:50:21.431Z] : [info]: 477.6 : Preprocesamiento

[2023-03-13T18:50:21.577Z] : [info]: 477.60 : Procesamiento final

[2023-03-13T18:50:21.998Z] : [info]: 759 : Preprocesamiento

[2023-03-13T18:50:22.124Z] : [info]: 759.00 : Procesamiento final

[2023-03-13T18:50:22.519Z] : [info]: 292660.75 : Preprocesamiento

[2023-03-13T18:50:22.662Z] : [info]: 292660.75 : Procesamiento final

[2023-03-13T18:50:23.043Z] : [info]: 232000 : Preprocesamiento

[2023-03-13T18:50:23.145Z] : [info]: 232000.00 : Procesamiento final

[2023-03-13T18:50:23.548Z] : [info]: 5329 : Preprocesamiento

[2023-03-13T18:50:23.680Z] : [info]: 5329.00 : Procesamiento final

[2023-03-13T18:50:24.076Z] : [info]: 7058 : Preprocesamiento

[2023-03-13T18:50:24.192Z] : [info]: 7058.00 : Procesamiento final

[2023-03-13T18:50:24.578Z] : [info]: 4367.21 : Preprocesamiento

[2023-03-13T18:50:24.698Z] : [info]: 4367.21 : Procesamiento final

[2023-03-13T18:50:25.110Z] : [info]: 1156 : Preprocesamiento

[2023-03-13T18:50:25.218Z] : [info]: 1156.00 : Procesamiento final

[2023-03-13T18:50:25.629Z] : [info]: 256 : Preprocesamiento

[2023-03-13T18:50:25.731Z] : [info]: 256.00 : Procesamiento final

[2023-03-13T18:50:26.145Z] : [info]: 232.9 : Preprocesamiento

[2023-03-13T18:50:26.296Z] : [info]: 232.90 : Procesamiento final

[2023-03-13T18:50:26.706Z] : [info]: 851.6 : Preprocesamiento

[2023-03-13T18:50:26.863Z] : [info]: 851.60 : Procesamiento final

[2023-03-13T18:50:27.306Z] : [info]: 845.98 : Preprocesamiento

[2023-03-13T18:50:27.432Z] : [info]: 845.98 : Procesamiento final

[2023-03-13T18:50:27.845Z] : [info]: 1035 : Preprocesamiento

[2023-03-13T18:50:27.955Z] : [info]: 1035.00 : Procesamiento final

[2023-03-13T18:50:28.374Z] : [info]: 1299.99 : Preprocesamiento

[2023-03-13T18:50:28.557Z] : [info]: 1299.99 : Procesamiento final

[2023-03-13T18:50:29.112Z] : [info]: 635.68 : Preprocesamiento

[2023-03-13T18:50:29.240Z] : [info]: 635.68 : Procesamiento final

[2023-03-13T18:50:29.683Z] : [info]: 1299.99 : Preprocesamiento

[2023-03-13T18:50:29.834Z] : [info]: 1299.99 : Procesamiento final

[2023-03-13T18:50:30.274Z] : [info]: 6554 : Preprocesamiento

[2023-03-13T18:50:30.401Z] : [info]: 6554.00 : Procesamiento final

[2023-03-13T18:50:30.823Z] : [info]: 46194.69 : Preprocesamiento

[2023-03-13T18:50:30.935Z] : [info]: 46194.69 : Procesamiento final

[2023-03-13T18:50:31.361Z] : [info]: 4241.21 : Preprocesamiento

[2023-03-13T18:50:31.489Z] : [info]: 4241.21 : Procesamiento final

[2023-03-13T18:50:31.901Z] : [info]: 59.92 : Preprocesamiento

[2023-03-13T18:50:32.034Z] : [info]: 59.92 : Procesamiento final

[2023-03-13T18:50:32.590Z] : [info]: 5800 : Preprocesamiento

[2023-03-13T18:50:32.692Z] : [info]: 5800.00 : Procesamiento final

[2023-03-13T18:50:35.058Z] : [info]: 22213.55 : Preprocesamiento

[2023-03-13T18:50:35.210Z] : [info]: 22213.55 : Procesamiento final

[2023-03-13T18:51:05.196Z] : [warn]: Keep in mind that it is good practice to set different names for variables. If a global and a local variable have the same name, the local one may shadow the global one. In case, you want to keep the names alike, we recommend you enable the Clear variables before execution option or add a lowercase “g” to the global one

[2023-03-13T18:51:05.362Z] : [success]: Bot finished successfully, total execution time: 2m 45s 403ms

[2023-03-13T18:51:05.363Z] : [info]: ---------------------------------------------

[2023-03-13T19:12:25.476Z] : [success]: Bot started

[2023-03-13T19:12:25.478Z] : [info]: Robot start

[2023-03-13T19:12:43.303Z] : [info]: C:\Users\50378\OneDrive\Escritorio\CONTABILIDAD\ARRASTRE MOTRIZ DE MEXICO SA DE CV\EJERCICIO 2022\GASTOS\09 SEPTIEMBRE

[2023-03-13T19:13:01.086Z] : [info]: 923.14 : Preprocesamiento

[2023-03-13T19:13:01.375Z] : [info]: 923.14 : Procesamiento final

[2023-03-13T19:13:04.106Z] : [info]: 5100 : Preprocesamiento

[2023-03-13T19:13:04.279Z] : [info]: 5100.00 : Procesamiento final

[2023-03-13T19:13:05.432Z] : [warn]: Keep in mind that it is good practice to set different names for variables. If a global and a local variable have the same name, the local one may shadow the global one. In case, you want to keep the names alike, we recommend you enable the Clear variables before execution option or add a lowercase “g” to the global one

[2023-03-13T19:16:18.090Z] : [error]: Cannot read properties of undefined (reading 'value')

[2023-03-13T19:16:18.104Z] : [success]: Bot started

[2023-03-13T19:16:18.104Z] : [info]: Robot start

[2023-03-13T19:16:46.473Z] : [info]: C:\Users\50378\OneDrive\Escritorio\CONTABILIDAD\ARRASTRE MOTRIZ DE MEXICO SA DE CV\EJERCICIO 2022\GASTOS\09 SEPTIEMBRE

[2023-03-13T19:17:04.421Z] : [info]: 923.14 : Preprocesamiento

[2023-03-13T19:17:04.662Z] : [info]: 923.14 : Procesamiento final

[2023-03-13T19:17:07.504Z] : [info]: 5100 : Preprocesamiento

[2023-03-13T19:17:07.642Z] : [info]: 5100.00 : Procesamiento final

[2023-03-13T19:17:10.310Z] : [info]: 4640 : Preprocesamiento

[2023-03-13T19:17:10.500Z] : [info]: 4640.00 : Procesamiento final

[2023-03-13T19:17:13.102Z] : [info]: 5247.52 : Preprocesamiento

[2023-03-13T19:17:13.307Z] : [info]: 5247.52 : Procesamiento final

[2023-03-13T19:17:16.208Z] : [info]: 9280 : Preprocesamiento

[2023-03-13T19:17:16.400Z] : [info]: 9280.00 : Procesamiento final

[2023-03-13T19:17:19.266Z] : [info]: 3920.4 : Preprocesamiento

[2023-03-13T19:17:19.509Z] : [info]: 3920.40 : Procesamiento final

[2023-03-13T19:17:22.099Z] : [info]: 3639.19 : Preprocesamiento

[2023-03-13T19:17:22.310Z] : [info]: 3639.19 : Procesamiento final

[2023-03-13T19:17:24.939Z] : [info]: 59400 : Preprocesamiento

[2023-03-13T19:17:25.135Z] : [info]: 59400.00 : Procesamiento final

[2023-03-13T19:17:27.791Z] : [info]: 1039 : Preprocesamiento

[2023-03-13T19:17:27.949Z] : [info]: 1039.00 : Procesamiento final

[2023-03-13T19:17:30.684Z] : [info]: 1440 : Preprocesamiento

[2023-03-13T19:17:30.890Z] : [info]: 1440.00 : Procesamiento final

[2023-03-13T19:17:33.479Z] : [info]: 10265.49 : Preprocesamiento

[2023-03-13T19:17:33.700Z] : [info]: 10265.49 : Procesamiento final

[2023-03-13T19:17:36.349Z] : [info]: 408.9 : Preprocesamiento

[2023-03-13T19:17:36.538Z] : [info]: 408.90 : Procesamiento final

[2023-03-13T19:17:39.241Z] : [info]: 175 : Preprocesamiento

[2023-03-13T19:17:39.448Z] : [info]: 175.00 : Procesamiento final

[2023-03-13T19:17:42.102Z] : [info]: 151960 : Preprocesamiento

[2023-03-13T19:17:42.278Z] : [info]: 151960.00 : Procesamiento final

[2023-03-13T19:17:44.854Z] : [info]: 2273.6 : Preprocesamiento

[2023-03-13T19:17:45.123Z] : [info]: 2273.60 : Procesamiento final

[2023-03-13T19:17:47.718Z] : [info]: 31823.01 : Preprocesamiento

[2023-03-13T19:17:47.937Z] : [info]: 31823.01 : Procesamiento final

[2023-03-13T19:17:50.672Z] : [info]: 5800 : Preprocesamiento

[2023-03-13T19:17:50.863Z] : [info]: 5800.00 : Procesamiento final

[2023-03-13T19:17:53.429Z] : [info]: 1446.12 : Preprocesamiento

[2023-03-13T19:17:53.648Z] : [info]: 1446.12 : Procesamiento final

[2023-03-13T19:17:56.415Z] : [info]: 110200 : Preprocesamiento

[2023-03-13T19:17:56.588Z] : [info]: 110200.00 : Procesamiento final

[2023-03-13T19:17:59.214Z] : [info]: 35322 : Preprocesamiento

[2023-03-13T19:17:59.403Z] : [info]: 35322.00 : Procesamiento final

[2023-03-13T19:18:02.215Z] : [info]: 5800 : Preprocesamiento

[2023-03-13T19:18:02.452Z] : [info]: 5800.00 : Procesamiento final

[2023-03-13T19:18:05.441Z] : [info]: 5800 : Preprocesamiento

[2023-03-13T19:18:05.648Z] : [info]: 5800.00 : Procesamiento final

[2023-03-13T19:18:08.343Z] : [info]: undefined : Preprocesamiento

[2023-03-13T19:18:08.401Z] : [warn]: Keep in mind that it is good practice to set different names for variables. If a global and a local variable have the same name, the local one may shadow the global one. In case, you want to keep the names alike, we recommend you enable the Clear variables before execution option or add a lowercase “g” to the global one

