
  ==========================================
  Studio Pro version: 9.0.4
  Started at: 7/2/2023 09:08:25
  ==========================================
  

[2023-02-07T16:08:39.840Z] : [warn]: There is a small amount of free memory (RAM) left, 91.67% of RAM is being used (7436 MBs). The performance of Studio Pro and bots during execution may be unstable. Close applications that are not being used, increase the memory, or optimize the workflow.

[2023-02-07T16:09:39.845Z] : [warn]: There is a small amount of free memory (RAM) left, 90.43% of RAM is being used (7336 MBs). The performance of Studio Pro and bots during execution may be unstable. Close applications that are not being used, increase the memory, or optimize the workflow.

[2023-02-07T16:10:20.850Z] : [info]: Internet connection // error

[2023-02-07T16:10:25.289Z] : [success]: Connection to our licenses server is restored

[2023-02-07T16:13:09.953Z] : [warn]: There is a small amount of free memory (RAM) left, 91.65% of RAM is being used (7435 MBs). The performance of Studio Pro and bots during execution may be unstable. Close applications that are not being used, increase the memory, or optimize the workflow.

[2023-02-07T16:16:10.240Z] : [warn]: There is a small amount of free memory (RAM) left, 92.28% of RAM is being used (7486 MBs). The performance of Studio Pro and bots during execution may be unstable. Close applications that are not being used, increase the memory, or optimize the workflow.

[2023-02-07T16:18:39.839Z] : [warn]: There is a small amount of free memory (RAM) left, 90.58% of RAM is being used (7348 MBs). The performance of Studio Pro and bots during execution may be unstable. Close applications that are not being used, increase the memory, or optimize the workflow.

[2023-02-07T16:21:39.856Z] : [warn]: There is a small amount of free memory (RAM) left, 90.34% of RAM is being used (7328 MBs). The performance of Studio Pro and bots during execution may be unstable. Close applications that are not being used, increase the memory, or optimize the workflow.

[2023-02-07T16:26:39.845Z] : [warn]: There is a small amount of free memory (RAM) left, 94.01% of RAM is being used (7626 MBs). The performance of Studio Pro and bots during execution may be unstable. Close applications that are not being used, increase the memory, or optimize the workflow.

[2023-02-07T16:29:39.848Z] : [warn]: There is a small amount of free memory (RAM) left, 90.21% of RAM is being used (7318 MBs). The performance of Studio Pro and bots during execution may be unstable. Close applications that are not being used, increase the memory, or optimize the workflow.

[2023-02-07T16:34:39.858Z] : [warn]: There is a small amount of free memory (RAM) left, 93.28% of RAM is being used (7567 MBs). The performance of Studio Pro and bots during execution may be unstable. Close applications that are not being used, increase the memory, or optimize the workflow.

[2023-02-07T16:38:29.009Z] : [info]: Internet connection // error

[2023-02-07T16:38:30.344Z] : [info]: ---------------------------------------------

[2023-02-07T16:38:30.352Z] : [success]: Bot started

[2023-02-07T16:38:30.374Z] : [info]: Robot start

[2023-02-07T16:39:29.156Z] : [info]: G:\Mi unidad\BOTGET\5. PoC\PANDOTEK\3. Desarrollo\CONTABILIDAD\ARRASTRE MOTRIZ DE MEXICO SA DE CV\EJERCICIO 2022\GASTOS\09 SEP\ING Y GTS SEP 2022.xlsx

[2023-02-07T16:40:29.750Z] : [error]: Canceled by user

[2023-02-07T16:40:29.760Z] : [info]: Total execution time: 1m 59s 375ms

[2023-02-07T16:40:29.766Z] : [info]: ---------------------------------------------

[2023-02-07T16:40:39.958Z] : [warn]: There is a small amount of free memory (RAM) left, 90.93% of RAM is being used (7376 MBs). The performance of Studio Pro and bots during execution may be unstable. Close applications that are not being used, increase the memory, or optimize the workflow.

[2023-02-07T16:41:30.806Z] : [success]: Robot saved successfully

[2023-02-07T16:42:07.924Z] : [success]: Robot saved successfully

