
  ==========================================
  Studio Pro version: 9.0.4
  Started at: 29/12/2022 19:20:46
  ==========================================
  

[2022-12-30T01:26:04.376Z] : [success]: Robot saved successfully

[2022-12-30T01:26:04.548Z] : [info]: ---------------------------------------------

[2022-12-30T01:26:04.554Z] : [success]: Bot started

[2022-12-30T01:26:04.562Z] : [info]: Robot start

[2022-12-30T01:26:25.171Z] : [success]: Bot finished successfully, total execution time: 20s 608ms

[2022-12-30T01:26:25.180Z] : [info]: ---------------------------------------------

[2022-12-30T01:27:36.403Z] : [success]: Robot saved successfully

[2022-12-30T01:27:36.552Z] : [success]: Bot started

[2022-12-30T01:27:36.560Z] : [info]: Robot start

[2022-12-30T01:27:46.861Z] : [success]: Bot finished successfully, total execution time: 10s 299ms

[2022-12-30T01:27:46.875Z] : [info]: ---------------------------------------------

[2022-12-30T01:28:10.328Z] : [success]: Robot saved successfully

[2022-12-30T01:28:10.474Z] : [success]: Bot started

[2022-12-30T01:28:10.483Z] : [info]: Robot start

[2022-12-30T01:28:19.850Z] : [success]: Bot finished successfully, total execution time: 9s 365ms

[2022-12-30T01:28:19.857Z] : [info]: ---------------------------------------------

[2022-12-30T01:33:12.451Z] : [success]: Robot saved successfully

[2022-12-30T01:33:12.616Z] : [success]: Bot started

[2022-12-30T01:33:12.621Z] : [info]: Robot start

[2022-12-30T01:33:14.765Z] : [error]: C is not defined

[2022-12-30T01:33:14.774Z] : [info]: Total execution time: 2s 142ms

[2022-12-30T01:33:14.783Z] : [info]: ---------------------------------------------

[2022-12-30T01:33:27.106Z] : [success]: Robot saved successfully

[2022-12-30T01:33:27.252Z] : [success]: Bot started

[2022-12-30T01:33:27.262Z] : [info]: Robot start

[2022-12-30T01:33:29.511Z] : [success]: Bot finished successfully, total execution time: 2s 246ms

[2022-12-30T01:33:29.518Z] : [info]: ---------------------------------------------

[2022-12-30T01:34:00.518Z] : [success]: Robot saved successfully

[2022-12-30T01:34:00.674Z] : [success]: Bot started

[2022-12-30T01:34:00.684Z] : [info]: Robot start

[2022-12-30T01:34:02.948Z] : [success]: Bot finished successfully, total execution time: 2s 263ms

[2022-12-30T01:34:02.956Z] : [info]: ---------------------------------------------

[2022-12-30T01:36:27.757Z] : [success]: Robot saved successfully

[2022-12-30T01:36:27.940Z] : [success]: Bot started

[2022-12-30T01:36:27.951Z] : [info]: Robot start

[2022-12-30T01:36:39.319Z] : [success]: Bot finished successfully, total execution time: 11s 366ms

[2022-12-30T01:36:39.327Z] : [info]: ---------------------------------------------

[2022-12-30T01:37:37.541Z] : [success]: Robot saved successfully

[2022-12-30T01:37:37.708Z] : [success]: Bot started

[2022-12-30T01:37:37.714Z] : [info]: Robot start

[2022-12-30T01:37:48.098Z] : [success]: Bot finished successfully, total execution time: 10s 382ms

[2022-12-30T01:37:48.119Z] : [info]: ---------------------------------------------

[2022-12-30T01:47:18.361Z] : [success]: Robot saved successfully

[2022-12-30T01:47:18.622Z] : [success]: Bot started

[2022-12-30T01:47:18.635Z] : [info]: Robot start

[2022-12-30T01:47:27.147Z] : [success]: Bot finished successfully, total execution time: 8s 510ms

[2022-12-30T01:47:27.157Z] : [info]: ---------------------------------------------

[2022-12-30T01:48:06.719Z] : [success]: Robot saved successfully

[2022-12-30T01:48:42.616Z] : [success]: Robot saved successfully

[2022-12-30T01:48:42.823Z] : [success]: Bot started

[2022-12-30T01:48:42.831Z] : [info]: Robot start

[2022-12-30T01:48:48.031Z] : [success]: Bot finished successfully, total execution time: 5s 199ms

[2022-12-30T01:48:48.039Z] : [info]: ---------------------------------------------

[2022-12-30T01:49:36.797Z] : [success]: Robot saved successfully

[2022-12-30T01:49:36.991Z] : [success]: Bot started

[2022-12-30T01:49:37.001Z] : [info]: Robot start

[2022-12-30T01:49:44.331Z] : [success]: Bot finished successfully, total execution time: 7s 328ms

[2022-12-30T01:49:44.342Z] : [info]: ---------------------------------------------

[2022-12-30T01:54:46.851Z] : [success]: Robot saved successfully

[2022-12-30T01:54:46.987Z] : [success]: Bot started

[2022-12-30T01:54:46.995Z] : [info]: Robot start

[2022-12-30T01:54:53.271Z] : [success]: Bot finished successfully, total execution time: 6s 274ms

[2022-12-30T01:54:53.282Z] : [info]: ---------------------------------------------

[2022-12-30T01:56:08.344Z] : [success]: Robot saved successfully

[2022-12-30T01:56:08.503Z] : [success]: Bot started

[2022-12-30T01:56:08.509Z] : [info]: Robot start

[2022-12-30T01:56:14.705Z] : [success]: Bot finished successfully, total execution time: 6s 195ms

[2022-12-30T01:56:14.714Z] : [info]: ---------------------------------------------

[2022-12-30T01:57:15.169Z] : [success]: Robot saved successfully

[2022-12-30T01:57:15.349Z] : [success]: Bot started

[2022-12-30T01:57:15.358Z] : [info]: Robot start

[2022-12-30T01:57:21.591Z] : [success]: Bot finished successfully, total execution time: 6s 231ms

[2022-12-30T01:57:21.599Z] : [info]: ---------------------------------------------

[2022-12-30T01:59:14.462Z] : [success]: Robot saved successfully

[2022-12-30T01:59:14.706Z] : [success]: Bot started

[2022-12-30T01:59:14.712Z] : [info]: Robot start

[2022-12-30T01:59:22.105Z] : [success]: Bot finished successfully, total execution time: 7s 392ms

[2022-12-30T01:59:22.114Z] : [info]: ---------------------------------------------

[2022-12-30T01:59:42.691Z] : [success]: Bot started

[2022-12-30T01:59:42.699Z] : [info]: Robot start

[2022-12-30T01:59:48.927Z] : [success]: Bot finished successfully, total execution time: 6s 227ms

[2022-12-30T01:59:48.934Z] : [info]: ---------------------------------------------

[2022-12-30T02:02:54.083Z] : [success]: Robot saved successfully

[2022-12-30T02:02:54.160Z] : [error]: Activity parameters required: Calculate difference

[2022-12-30T02:02:54.167Z] : [info]: ---------------------------------------------

[2022-12-30T02:03:24.781Z] : [success]: Robot saved successfully

[2022-12-30T02:03:24.959Z] : [success]: Bot started

[2022-12-30T02:03:24.970Z] : [info]: Robot start

[2022-12-30T02:03:31.184Z] : [error]: current_date is not defined

[2022-12-30T02:03:31.192Z] : [info]: Total execution time: 6s 213ms

[2022-12-30T02:03:31.198Z] : [info]: ---------------------------------------------

[2022-12-30T02:03:46.281Z] : [success]: Robot saved successfully

[2022-12-30T02:03:46.462Z] : [success]: Bot started

[2022-12-30T02:03:46.470Z] : [info]: Robot start

[2022-12-30T02:03:52.715Z] : [success]: Bot finished successfully, total execution time: 6s 243ms

[2022-12-30T02:03:52.723Z] : [info]: ---------------------------------------------

[2022-12-30T02:04:27.762Z] : [success]: Robot saved successfully

[2022-12-30T02:04:39.225Z] : [success]: Bot started

[2022-12-30T02:04:39.234Z] : [info]: Robot start

[2022-12-30T02:04:45.443Z] : [success]: Bot finished successfully, total execution time: 6s 208ms

[2022-12-30T02:04:45.452Z] : [info]: ---------------------------------------------

[2022-12-30T02:05:29.049Z] : [success]: Bot started

[2022-12-30T02:05:29.055Z] : [info]: Robot start

[2022-12-30T02:05:35.328Z] : [success]: Bot finished successfully, total execution time: 6s 271ms

[2022-12-30T02:05:35.335Z] : [info]: ---------------------------------------------

[2022-12-30T02:06:57.796Z] : [success]: Bot started

[2022-12-30T02:06:57.804Z] : [info]: Robot start

[2022-12-30T02:07:04.114Z] : [success]: Bot finished successfully, total execution time: 6s 309ms

[2022-12-30T02:07:04.123Z] : [info]: ---------------------------------------------

[2022-12-30T02:07:51.229Z] : [success]: Robot saved successfully

[2022-12-30T02:07:51.378Z] : [success]: Bot started

[2022-12-30T02:07:51.384Z] : [info]: Robot start

[2022-12-30T02:07:57.593Z] : [success]: Bot finished successfully, total execution time: 6s 207ms

[2022-12-30T02:07:57.600Z] : [info]: ---------------------------------------------

[2022-12-30T02:08:43.527Z] : [success]: Robot saved successfully

[2022-12-30T02:08:43.745Z] : [success]: Bot started

[2022-12-30T02:08:43.753Z] : [info]: Robot start

[2022-12-30T02:08:50.013Z] : [info]: 0 : ok

[2022-12-30T02:08:50.978Z] : [success]: Bot finished successfully, total execution time: 7s 223ms

[2022-12-30T02:08:50.985Z] : [info]: ---------------------------------------------

[2022-12-30T02:09:48.001Z] : [success]: Robot saved successfully

[2022-12-30T02:09:48.243Z] : [success]: Bot started

[2022-12-30T02:09:48.252Z] : [info]: Robot start

[2022-12-30T02:09:54.877Z] : [info]: 1 : ok

[2022-12-30T02:09:55.585Z] : [success]: Bot finished successfully, total execution time: 7s 332ms

[2022-12-30T02:09:55.593Z] : [info]: ---------------------------------------------

[2022-12-30T02:10:09.635Z] : [success]: Bot started

[2022-12-30T02:10:09.644Z] : [info]: Robot start

[2022-12-30T02:10:15.457Z] : [info]: 0 : ok

[2022-12-30T02:10:15.847Z] : [success]: Bot finished successfully, total execution time: 6s 202ms

[2022-12-30T02:10:15.855Z] : [info]: ---------------------------------------------

[2022-12-30T02:12:58.346Z] : [success]: Robot saved successfully

[2022-12-30T02:12:58.525Z] : [success]: Bot started

[2022-12-30T02:12:58.533Z] : [info]: Robot start

[2022-12-30T02:13:05.036Z] : [info]: 0 : ok

[2022-12-30T02:13:45.382Z] : [info]: 2 : ok

[2022-12-30T02:13:46.075Z] : [success]: Bot finished successfully, total execution time: 47s 541ms

[2022-12-30T02:13:46.083Z] : [info]: ---------------------------------------------

[2022-12-30T02:14:37.324Z] : [success]: Robot saved successfully

[2022-12-30T02:14:37.622Z] : [success]: Bot started

[2022-12-30T02:14:37.628Z] : [info]: Robot start

[2022-12-30T02:14:44.077Z] : [info]: -11 : ok

[2022-12-30T02:14:54.770Z] : [info]: -11 : ok

[2022-12-30T02:14:59.137Z] : [error]: Script Stopped.

[2022-12-30T02:14:59.146Z] : [info]: Total execution time: 21s 508ms

[2022-12-30T02:14:59.151Z] : [info]: ---------------------------------------------

[2022-12-30T02:15:31.848Z] : [success]: Robot saved successfully

[2022-12-30T02:21:07.034Z] : [success]: Robot saved successfully

[2022-12-30T02:21:07.305Z] : [success]: Bot started

[2022-12-30T02:21:07.320Z] : [info]: Robot start

[2022-12-30T02:21:41.897Z] : [success]: Bot finished successfully, total execution time: 34s 575ms

[2022-12-30T02:21:41.905Z] : [info]: ---------------------------------------------

[2022-12-30T02:24:14.849Z] : [success]: Robot saved successfully

[2022-12-30T02:24:15.038Z] : [success]: Bot started

[2022-12-30T02:24:15.047Z] : [info]: Robot start

[2022-12-30T02:24:22.288Z] : [success]: Bot finished successfully, total execution time: 7s 240ms

[2022-12-30T02:24:22.297Z] : [info]: ---------------------------------------------

[2022-12-30T02:24:42.590Z] : [success]: Robot saved successfully

[2022-12-30T02:24:42.758Z] : [success]: Bot started

[2022-12-30T02:24:42.763Z] : [info]: Robot start

[2022-12-30T02:24:48.993Z] : [success]: Bot finished successfully, total execution time: 6s 229ms

[2022-12-30T02:24:49.002Z] : [info]: ---------------------------------------------

[2022-12-30T02:26:29.741Z] : [success]: Robot saved successfully

[2022-12-30T02:26:29.924Z] : [success]: Bot started

[2022-12-30T02:26:29.931Z] : [info]: Robot start

[2022-12-30T02:26:37.279Z] : [success]: Bot finished successfully, total execution time: 7s 346ms

[2022-12-30T02:26:37.289Z] : [info]: ---------------------------------------------

[2022-12-30T02:26:46.230Z] : [success]: Robot saved successfully

[2022-12-30T02:26:46.479Z] : [success]: Bot started

[2022-12-30T02:26:46.484Z] : [info]: Robot start

[2022-12-30T02:26:52.790Z] : [success]: Bot finished successfully, total execution time: 6s 304ms

[2022-12-30T02:26:52.799Z] : [info]: ---------------------------------------------

[2022-12-30T02:27:28.412Z] : [success]: Robot saved successfully

[2022-12-30T02:27:28.628Z] : [success]: Bot started

[2022-12-30T02:27:28.636Z] : [info]: Robot start

[2022-12-30T02:27:34.847Z] : [success]: Bot finished successfully, total execution time: 6s 210ms

[2022-12-30T02:27:34.855Z] : [info]: ---------------------------------------------

[2022-12-30T02:28:21.812Z] : [success]: Robot saved successfully

[2022-12-30T02:28:21.983Z] : [success]: Bot started

[2022-12-30T02:28:22.004Z] : [info]: Robot start

[2022-12-30T02:28:28.211Z] : [success]: Bot finished successfully, total execution time: 6s 205ms

[2022-12-30T02:28:28.220Z] : [info]: ---------------------------------------------

[2022-12-30T02:28:39.483Z] : [success]: Robot saved successfully

[2022-12-30T02:28:39.648Z] : [success]: Bot started

[2022-12-30T02:28:39.654Z] : [info]: Robot start

[2022-12-30T02:28:45.861Z] : [success]: Bot finished successfully, total execution time: 6s 206ms

[2022-12-30T02:28:45.868Z] : [info]: ---------------------------------------------

[2022-12-30T02:29:04.052Z] : [success]: Robot saved successfully

[2022-12-30T02:29:04.230Z] : [success]: Bot started

[2022-12-30T02:29:04.236Z] : [info]: Robot start

[2022-12-30T02:29:10.441Z] : [success]: Bot finished successfully, total execution time: 6s 203ms

[2022-12-30T02:29:10.450Z] : [info]: ---------------------------------------------

[2022-12-30T02:30:20.791Z] : [success]: Bot started

[2022-12-30T02:30:20.800Z] : [info]: Robot start

[2022-12-30T02:30:27.085Z] : [success]: Bot finished successfully, total execution time: 6s 281ms

[2022-12-30T02:30:27.093Z] : [info]: ---------------------------------------------

[2022-12-30T02:32:06.179Z] : [success]: Robot saved successfully

[2022-12-30T02:35:05.739Z] : [success]: Robot saved successfully

