[2023-02-04T02:38:51.504Z] : [error]: Canceled by user

[2023-02-04T02:38:51.512Z] : [info]: Total execution time: 5s 582ms

[2023-02-04T02:38:51.515Z] : [info]: ---------------------------------------------


  ==========================================
  Studio Pro version: 9.0.5
  Started at: 3/2/2023 19:38:51
  ==========================================
  

[2023-02-04T02:40:40.005Z] : [error]: Canceled by user

[2023-02-04T02:40:40.010Z] : [info]: Total execution time: 3s 649ms

[2023-02-04T02:40:40.015Z] : [info]: ---------------------------------------------


  ==========================================
  Studio Pro version: 9.0.5
  Started at: 3/2/2023 19:40:40
  ==========================================
  

[2023-02-04T02:40:58.237Z] : [error]: Canceled by user

[2023-02-04T02:40:58.255Z] : [info]: Total execution time: 4s 177ms

[2023-02-04T02:40:58.260Z] : [info]: ---------------------------------------------

[2023-02-04T02:42:14.790Z] : [error]: Canceled by user

[2023-02-04T02:42:14.795Z] : [info]: Total execution time: 4s 513ms

[2023-02-04T02:42:14.798Z] : [info]: ---------------------------------------------


  ==========================================
  Studio Pro version: 9.0.5
  Started at: 3/2/2023 19:42:15
  ==========================================
  


  ==========================================
  Studio Pro version: 9.0.5
  Started at: 3/2/2023 23:00:06
  ==========================================
  

