
  ==========================================
  Studio Pro version: 8.7.11
  Started at: 31/12/2022 11:05:17
  ==========================================
  

[2022-12-31T17:05:22.726Z] : [success]: Robot saved successfully


  ==========================================
  Studio Pro version: 8.7.11
  Started at: 31/12/2022 11:06:49
  ==========================================
  


  ==========================================
  Studio Pro version: 8.7.11
  Started at: 31/12/2022 16:16:15
  ==========================================
  


  ==========================================
  Studio Pro version: 8.7.11
  Started at: 31/12/2022 16:34:26
  ==========================================
  

[2022-12-31T22:34:44.005Z] : [success]: Robot saved successfully


  ==========================================
  Studio Pro version: 8.7.11
  Started at: 31/12/2022 16:35:31
  ==========================================
  

[2022-12-31T22:37:46.467Z] : [error]: Script Stopped.

[2022-12-31T22:37:46.473Z] : [info]: ---------------------------------------------


  ==========================================
  Studio Pro version: 8.7.11
  Started at: 31/12/2022 16:46:36
  ==========================================
  

[2022-12-31T22:47:00.806Z] : [error]: Script Stopped.

[2022-12-31T22:47:00.812Z] : [warn]: Total execution time: 32s 823ms

[2022-12-31T22:47:00.816Z] : [info]: ---------------------------------------------


  ==========================================
  Studio Pro version: 8.7.11
  Started at: 31/12/2022 17:25:59
  ==========================================
  

