
  ==========================================
  Studio Pro version: 8.7.11
  Started at: 11/1/2023 15:30:41
  ==========================================
  

[2023-01-11T21:31:31.020Z] : [success]: Robot saved successfully


  ==========================================
  Studio Pro version: 8.7.11
  Started at: 11/1/2023 15:31:35
  ==========================================
  

[2023-01-11T21:31:45.153Z] : [success]: Robot saved successfully


  ==========================================
  Studio Pro version: 8.7.11
  Started at: 11/1/2023 15:35:49
  ==========================================
  

[2023-01-11T21:37:22.499Z] : [success]: Robot saved successfully

[2023-01-11T21:37:22.863Z] : [success]: Bot started

[2023-01-11T21:37:22.866Z] : [info]: Robot start

[2023-01-11T21:37:32.204Z] : [success]: Bot finished successfully, total execution time: 9s 337ms

[2023-01-11T21:37:32.209Z] : [info]: ---------------------------------------------


  ==========================================
  Studio Pro version: 8.7.11
  Started at: 11/1/2023 15:38:07
  ==========================================
  

[2023-01-11T21:45:02.772Z] : [success]: Robot saved successfully


  ==========================================
  Studio Pro version: 8.7.11
  Started at: 11/1/2023 16:09:57
  ==========================================
  


  ==========================================
  Studio Pro version: 8.7.11
  Started at: 11/1/2023 16:14:05
  ==========================================
  

[2023-01-11T22:14:31.511Z] : [success]: Robot saved successfully

