
  ==========================================
  Studio Pro version: 9.0.5
  Started at: 3/2/2023 19:43:53
  ==========================================
  


  ==========================================
  Studio Pro version: 9.0.5
  Started at: 3/2/2023 19:49:47
  ==========================================
  


  ==========================================
  Studio Pro version: 9.0.5
  Started at: 3/2/2023 19:50:13
  ==========================================
  


  ==========================================
  Studio Pro version: 9.0.5
  Started at: 3/2/2023 19:55:43
  ==========================================
  


  ==========================================
  Studio Pro version: 9.0.5
  Started at: 3/2/2023 20:12:18
  ==========================================
  


  ==========================================
  Studio Pro version: 9.0.5
  Started at: 3/2/2023 20:23:54
  ==========================================
  

[2023-02-04T08:22:45.600Z] : [error]: No elements were found according to your selection. It may happen because of a wrong selector or because the element takes more time to appear on the screen. Try modifying the selector or increasing the element timeout and run the bot again

[2023-02-04T08:22:45.606Z] : [info]: Total execution time: 42s 542ms

[2023-02-04T08:22:45.610Z] : [info]: ---------------------------------------------


  ==========================================
  Studio Pro version: 9.0.5
  Started at: 4/2/2023 01:22:46
  ==========================================
  

[2023-02-04T08:22:52.417Z] : [success]: Robot saved successfully

[2023-02-04T08:23:37.774Z] : [error]: No elements were found according to your selection. It may happen because of a wrong selector or because the element takes more time to appear on the screen. Try modifying the selector or increasing the element timeout and run the bot again

[2023-02-04T08:23:37.780Z] : [info]: Total execution time: 37s 245ms

[2023-02-04T08:23:37.783Z] : [info]: ---------------------------------------------


  ==========================================
  Studio Pro version: 9.0.5
  Started at: 4/2/2023 01:23:38
  ==========================================
  

[2023-02-04T08:25:08.850Z] : [success]: Robot saved successfully

