
  ==========================================
  Studio Pro version: 9.0.5
  Started at: 13/2/2023 12:44:44
  ==========================================
  

[2023-02-13T19:46:18.238Z] : [success]: Robot saved successfully


  ==========================================
  Studio Pro version: 9.0.5
  Started at: 13/2/2023 12:50:13
  ==========================================
  

[2023-02-13T19:51:21.084Z] : [success]: Robot saved successfully

[2023-02-13T19:51:27.956Z] : [success]: Robot saved successfully

[2023-02-13T19:52:52.714Z] : [error]: Script Stopped.

[2023-02-13T19:52:52.720Z] : [info]: Total execution time: 1m 12s 612ms

[2023-02-13T19:52:52.724Z] : [info]: ---------------------------------------------


  ==========================================
  Studio Pro version: 9.0.5
  Started at: 13/2/2023 12:52:52
  ==========================================
  

[2023-02-13T19:53:38.964Z] : [success]: Robot saved successfully


  ==========================================
  Studio Pro version: 9.0.5
  Started at: 13/2/2023 12:54:28
  ==========================================
  

[2023-02-13T20:01:34.617Z] : [success]: Robot saved successfully

[2023-02-13T20:02:00.146Z] : [success]: Robot saved successfully

