
  ==========================================
  Studio Pro version: 9.1.4
  Started at: 13/2/2023, 12:28:28
  ==========================================
  

[2023-02-13T18:29:17.719Z] : [success]: Robot saved successfully

[2023-02-13T18:29:20.535Z] : [info]: ---------------------------------------------

[2023-02-13T18:29:20.543Z] : [success]: Bot started

[2023-02-13T18:29:20.563Z] : [info]: Robot start

[2023-02-13T18:29:53.355Z] : [success]: Bot finished successfully, total execution time: 32s 790ms

[2023-02-13T18:29:53.366Z] : [info]: ---------------------------------------------

[2023-02-13T18:30:55.334Z] : [success]: Robot saved successfully

[2023-02-13T18:30:57.378Z] : [success]: Bot started

[2023-02-13T18:30:57.389Z] : [info]: Robot start

[2023-02-13T18:31:25.452Z] : [success]: Bot finished successfully, total execution time: 28s 61ms

[2023-02-13T18:31:25.461Z] : [info]: ---------------------------------------------

[2023-02-13T18:31:59.353Z] : [success]: Robot saved successfully

[2023-02-13T18:32:01.265Z] : [success]: Bot started

[2023-02-13T18:32:01.274Z] : [info]: Robot start

[2023-02-13T18:32:23.984Z] : [success]: Bot finished successfully, total execution time: 22s 708ms

[2023-02-13T18:32:23.993Z] : [info]: ---------------------------------------------

[2023-02-13T18:34:05.320Z] : [success]: Robot saved successfully

[2023-02-13T18:34:05.804Z] : [success]: Bot started

[2023-02-13T18:34:05.820Z] : [info]: Robot start

[2023-02-13T18:34:30.552Z] : [success]: Bot finished successfully, total execution time: 24s 729ms

[2023-02-13T18:34:30.561Z] : [info]: ---------------------------------------------

[2023-02-13T18:34:57.251Z] : [success]: Robot saved successfully

[2023-02-13T18:34:59.645Z] : [success]: Bot started

[2023-02-13T18:34:59.678Z] : [info]: Robot start

[2023-02-13T18:35:33.852Z] : [success]: Bot finished successfully, total execution time: 34s 171ms

[2023-02-13T18:35:33.864Z] : [info]: ---------------------------------------------

[2023-02-13T18:36:11.586Z] : [success]: Robot saved successfully

