
  ==========================================
  Studio Pro version: 9.0.5
  Started at: 13/2/2023 10:48:33
  ==========================================
  

[2023-02-13T17:48:48.426Z] : [success]: Robot saved successfully

[2023-02-13T17:48:48.871Z] : [info]: ---------------------------------------------

[2023-02-13T17:48:48.874Z] : [success]: Bot started

[2023-02-13T17:48:48.879Z] : [info]: Robot start

[2023-02-13T17:49:08.488Z] : [error]: An error occured while performing the activity as multiple elements were found for the selector you provided. Please, make sure the selector of the indicated element is unique before interacting with it

[2023-02-13T17:49:08.494Z] : [info]: Total execution time: 19s 609ms

[2023-02-13T17:49:08.497Z] : [info]: ---------------------------------------------

[2023-02-13T17:52:56.284Z] : [success]: Robot saved successfully

[2023-02-13T17:52:56.673Z] : [success]: Bot started

[2023-02-13T17:52:56.677Z] : [info]: Robot start

[2023-02-13T17:53:16.980Z] : [success]: Bot finished successfully, total execution time: 20s 302ms

[2023-02-13T17:53:16.986Z] : [info]: ---------------------------------------------

[2023-02-13T17:53:24.589Z] : [success]: Robot saved successfully

[2023-02-13T17:53:25.004Z] : [success]: Bot started

[2023-02-13T17:53:25.008Z] : [info]: Robot start

[2023-02-13T17:53:44.316Z] : [error]: An error occured while performing the activity as multiple elements were found for the selector you provided. Please, make sure the selector of the indicated element is unique before interacting with it

[2023-02-13T17:53:44.322Z] : [info]: Total execution time: 19s 307ms

[2023-02-13T17:53:44.326Z] : [info]: ---------------------------------------------

[2023-02-13T17:58:48.992Z] : [success]: Robot saved successfully

[2023-02-13T17:58:49.402Z] : [success]: Bot started

[2023-02-13T17:58:49.406Z] : [info]: Robot start

[2023-02-13T17:58:51.503Z] : [error]: "msivaCFDI.appref-ms" no se reconoce como un comando interno o externo,
programa o archivo por lotes ejecutable.


[2023-02-13T17:58:51.508Z] : [info]: Total execution time: 2s 97ms

[2023-02-13T17:58:51.511Z] : [info]: ---------------------------------------------

[2023-02-13T17:59:26.457Z] : [success]: Robot saved successfully

[2023-02-13T17:59:26.848Z] : [success]: Bot started

[2023-02-13T17:59:26.851Z] : [info]: Robot start

[2023-02-13T17:59:31.991Z] : [success]: Bot finished successfully, total execution time: 5s 139ms

[2023-02-13T17:59:31.995Z] : [info]: ---------------------------------------------

[2023-02-13T17:59:48.655Z] : [success]: Robot saved successfully

