
  ==========================================
  Studio Pro version: 8.7.11
  Started at: 11/1/2023 15:53:01
  ==========================================
  

[2023-01-11T21:56:55.197Z] : [success]: Robot saved successfully

[2023-01-11T21:57:01.159Z] : [success]: Robot saved successfully


  ==========================================
  Studio Pro version: 8.7.11
  Started at: 11/1/2023 16:01:30
  ==========================================
  

[2023-01-11T22:01:39.885Z] : [success]: Robot saved successfully


  ==========================================
  Studio Pro version: 8.7.11
  Started at: 11/1/2023 16:10:34
  ==========================================
  

[2023-01-11T22:12:26.825Z] : [success]: Robot saved successfully


  ==========================================
  Studio Pro version: 8.7.11
  Started at: 11/1/2023 16:13:13
  ==========================================
  

[2023-01-11T22:13:42.786Z] : [success]: Robot saved successfully


  ==========================================
  Studio Pro version: 8.7.11
  Started at: 11/1/2023 16:15:13
  ==========================================
  

[2023-01-11T22:20:12.921Z] : [success]: Robot saved successfully

[2023-01-11T22:22:48.660Z] : [error]: No elements were found according to your selection. It may happen because of a wrong selector or because the element takes more time to appear on the screen. Try modifying the selector or increasing the element timeout and run the bot again

[2023-01-11T22:22:48.667Z] : [error]: Total execution time: 17s 822ms

[2023-01-11T22:22:48.671Z] : [info]: ---------------------------------------------


  ==========================================
  Studio Pro version: 8.7.11
  Started at: 11/1/2023 16:22:48
  ==========================================
  

[2023-01-11T22:24:23.058Z] : [success]: Robot saved successfully


  ==========================================
  Studio Pro version: 8.7.11
  Started at: 11/1/2023 16:38:27
  ==========================================
  

[2023-01-11T22:39:15.417Z] : [success]: Robot saved successfully

