
  ==========================================
  Studio Pro version: 8.7.11
  Started at: 31/12/2022 11:05:11
  ==========================================
  

[2022-12-31T17:34:45.610Z] : [success]: Robot saved successfully

[2022-12-31T19:41:04.549Z] : [success]: Robot saved successfully


  ==========================================
  Studio Pro version: 8.7.11
  Started at: 31/12/2022 13:41:15
  ==========================================
  

[2022-12-31T19:41:17.448Z] : [success]: Robot saved successfully


  ==========================================
  Studio Pro version: 8.7.11
  Started at: 31/12/2022 16:14:47
  ==========================================
  

[2022-12-31T22:19:51.394Z] : [success]: Robot saved successfully

[2022-12-31T22:19:51.538Z] : [success]: Bot started

[2022-12-31T22:19:51.542Z] : [info]: Robot start

[2022-12-31T22:20:27.434Z] : [success]: Bot started

[2022-12-31T22:20:27.438Z] : [info]: Robot start

[2022-12-31T22:20:39.700Z] : [success]: Bot finished successfully, total execution time: 12s 261ms

[2022-12-31T22:20:39.705Z] : [info]: ---------------------------------------------

[2022-12-31T22:21:38.834Z] : [success]: Bot started

[2022-12-31T22:21:38.839Z] : [info]: Robot start

[2022-12-31T22:21:51.075Z] : [success]: Bot finished successfully, total execution time: 12s 235ms

[2022-12-31T22:21:51.080Z] : [info]: ---------------------------------------------

[2022-12-31T22:21:55.808Z] : [success]: Robot saved successfully


  ==========================================
  Studio Pro version: 8.7.11
  Started at: 31/12/2022 16:22:20
  ==========================================
  

[2022-12-31T22:25:32.380Z] : [success]: Robot saved successfully

[2022-12-31T22:25:32.575Z] : [success]: Bot started

[2022-12-31T22:25:32.582Z] : [info]: Robot start

[2022-12-31T22:25:41.835Z] : [success]: Bot finished successfully, total execution time: 9s 250ms

[2022-12-31T22:25:41.841Z] : [info]: ---------------------------------------------

[2022-12-31T22:25:50.559Z] : [success]: Robot saved successfully


  ==========================================
  Studio Pro version: 8.7.11
  Started at: 31/12/2022 16:27:12
  ==========================================
  


  ==========================================
  Studio Pro version: 8.7.11
  Started at: 31/12/2022 16:29:51
  ==========================================
  

[2022-12-31T22:32:46.429Z] : [success]: Robot saved successfully

[2022-12-31T22:32:46.730Z] : [success]: Bot started

[2022-12-31T22:32:46.734Z] : [info]: Robot start

[2022-12-31T22:33:01.106Z] : [success]: Bot finished successfully, total execution time: 14s 371ms

[2022-12-31T22:33:01.109Z] : [info]: ---------------------------------------------

[2022-12-31T22:35:07.515Z] : [success]: Bot started

[2022-12-31T22:35:07.519Z] : [info]: Robot start

[2022-12-31T22:35:16.679Z] : [success]: Bot finished successfully, total execution time: 9s 159ms

[2022-12-31T22:35:16.683Z] : [info]: ---------------------------------------------

[2022-12-31T22:35:49.090Z] : [success]: Robot saved successfully

[2022-12-31T22:35:49.385Z] : [success]: Bot started

[2022-12-31T22:35:49.389Z] : [info]: Robot start

[2022-12-31T22:38:29.354Z] : [success]: Robot saved successfully


  ==========================================
  Studio Pro version: 8.7.11
  Started at: 31/12/2022 16:46:23
  ==========================================
  

[2022-12-31T22:46:27.502Z] : [success]: Robot saved successfully

[2022-12-31T22:46:27.978Z] : [success]: Bot started

[2022-12-31T22:46:27.982Z] : [info]: Robot start

[2022-12-31T22:47:07.659Z] : [success]: Robot saved successfully

