
  ==========================================
  Studio Pro version: 9.0.5
  Started at: 3/2/2023 22:12:54
  ==========================================
  


  ==========================================
  Studio Pro version: 9.0.5
  Started at: 4/2/2023 00:01:05
  ==========================================
  


  ==========================================
  Studio Pro version: 9.0.5
  Started at: 4/2/2023 00:10:56
  ==========================================
  


  ==========================================
  Studio Pro version: 9.0.5
  Started at: 4/2/2023 00:11:41
  ==========================================
  

[2023-02-04T07:15:31.194Z] : [success]: Robot saved successfully

[2023-02-04T07:18:01.543Z] : [error]: Script Stopped.

[2023-02-04T07:18:01.559Z] : [info]: Total execution time: 39s 88ms

[2023-02-04T07:18:01.564Z] : [info]: ---------------------------------------------

[2023-02-04T07:25:29.876Z] : [error]: Script Stopped.

[2023-02-04T07:25:29.882Z] : [info]: Total execution time: 6m 30s 142ms

[2023-02-04T07:25:29.886Z] : [info]: ---------------------------------------------

