
  ==========================================
  Studio Pro version: 9.0.5
  Started at: 6/3/2023 17:35:27
  ==========================================
  

[2023-03-07T00:42:40.807Z] : [success]: Robot saved successfully

[2023-03-07T00:42:41.488Z] : [info]: ---------------------------------------------

[2023-03-07T00:42:41.518Z] : [success]: Bot started

[2023-03-07T00:42:41.523Z] : [info]: Robot start

[2023-03-07T00:42:50.985Z] : [info]: Z:\CONTABILIDAD\ARRASTRE MOTRIZ DE MEXICO SA DE CV\EJERCICIO 2022\GASTOS\09 SEPTIEMBRE

[2023-03-07T00:43:27.298Z] : [error]: Script Stopped.

[2023-03-07T00:43:27.304Z] : [info]: Total execution time: 45s 775ms

[2023-03-07T00:43:27.308Z] : [info]: ---------------------------------------------

[2023-03-07T00:43:30.750Z] : [success]: Robot saved successfully

[2023-03-07T00:43:31.247Z] : [success]: Bot started

[2023-03-07T00:43:31.251Z] : [info]: Robot start

[2023-03-07T00:44:17.720Z] : [success]: Bot started

[2023-03-07T00:44:17.724Z] : [info]: Robot start

[2023-03-07T00:46:54.206Z] : [success]: Robot saved successfully

[2023-03-07T00:46:54.731Z] : [success]: Bot started

[2023-03-07T00:46:54.734Z] : [info]: Robot start

[2023-03-07T00:50:06.647Z] : [success]: Bot started

[2023-03-07T00:50:06.651Z] : [info]: Robot start

[2023-03-07T00:50:26.089Z] : [info]: Z:\CONTABILIDAD\DANIEL ROBERTO ALVAREZ MARTINEZ\EJERCICIO 2022\GASTOS\09 SEPTIEMBRE

[2023-03-07T00:50:35.669Z] : [success]: Bot finished successfully, total execution time: 29s 18ms

[2023-03-07T00:50:35.674Z] : [info]: ---------------------------------------------

[2023-03-07T00:53:10.820Z] : [success]: Robot saved successfully

[2023-03-07T00:53:12.943Z] : [success]: Bot started

[2023-03-07T00:53:12.947Z] : [info]: Robot start

[2023-03-07T00:54:55.613Z] : [error]: Script Stopped.

[2023-03-07T00:54:55.620Z] : [info]: Total execution time: 1m 42s 665ms

[2023-03-07T00:54:55.625Z] : [info]: ---------------------------------------------

[2023-03-07T00:54:59.393Z] : [success]: Robot saved successfully

[2023-03-07T00:54:59.995Z] : [success]: Bot started

[2023-03-07T00:54:59.998Z] : [info]: Robot start

[2023-03-07T00:55:29.519Z] : [success]: Bot started

[2023-03-07T00:55:29.523Z] : [info]: Robot start

[2023-03-07T00:55:49.255Z] : [error]: Script Stopped.

[2023-03-07T00:55:49.260Z] : [info]: Total execution time: 19s 732ms

[2023-03-07T00:55:49.263Z] : [info]: ---------------------------------------------

[2023-03-07T00:56:08.553Z] : [success]: Bot started

[2023-03-07T00:56:08.557Z] : [info]: Robot start

[2023-03-07T00:56:31.145Z] : [error]: Script Stopped.

[2023-03-07T00:56:31.151Z] : [info]: Total execution time: 22s 588ms

[2023-03-07T00:56:31.156Z] : [info]: ---------------------------------------------

[2023-03-07T00:56:34.321Z] : [success]: Robot saved successfully


  ==========================================
  Studio Pro version: 9.0.5
  Started at: 6/3/2023 18:02:43
  ==========================================
  

[2023-03-07T01:07:18.651Z] : [success]: Robot saved successfully

[2023-03-07T01:08:09.813Z] : [success]: Robot saved successfully


  ==========================================
  Studio Pro version: 9.0.5
  Started at: 6/3/2023 18:19:14
  ==========================================
  


  ==========================================
  Studio Pro version: 9.0.5
  Started at: 6/3/2023 18:52:46
  ==========================================
  


  ==========================================
  Studio Pro version: 9.0.5
  Started at: 6/3/2023 18:56:33
  ==========================================
  


  ==========================================
  Studio Pro version: 9.0.5
  Started at: 6/3/2023 19:21:51
  ==========================================
  


  ==========================================
  Studio Pro version: 9.0.5
  Started at: 6/3/2023 19:22:35
  ==========================================
  

