
  ==========================================
  Studio Pro version: 9.0.5
  Started at: 21/2/2023 12:57:52
  ==========================================
  


  ==========================================
  Studio Pro version: 9.0.5
  Started at: 21/2/2023 14:01:49
  ==========================================
  


  ==========================================
  Studio Pro version: 9.0.5
  Started at: 21/2/2023 14:05:31
  ==========================================
  


  ==========================================
  Studio Pro version: 9.0.5
  Started at: 21/2/2023 14:15:56
  ==========================================
  


  ==========================================
  Studio Pro version: 9.0.5
  Started at: 21/2/2023 14:20:36
  ==========================================
  


  ==========================================
  Studio Pro version: 9.0.5
  Started at: 21/2/2023 14:31:30
  ==========================================
  


  ==========================================
  Studio Pro version: 9.0.5
  Started at: 21/2/2023 16:15:05
  ==========================================
  

[2023-02-21T23:16:04.130Z] : [success]: Robot saved successfully


  ==========================================
  Studio Pro version: 9.0.5
  Started at: 21/2/2023 16:18:33
  ==========================================
  

[2023-02-21T23:52:09.339Z] : [success]: Robot saved successfully

[2023-02-22T13:32:07.876Z] : [warn]: There is a small amount of free memory (RAM) left, 91.41% of RAM is being used (14856 MBs). The performance of Studio Pro and bots during execution may be unstable. Close applications that are not being used, increase the memory, or optimize the workflow.

[2023-02-22T13:35:07.865Z] : [warn]: There is a small amount of free memory (RAM) left, 91.29% of RAM is being used (14836 MBs). The performance of Studio Pro and bots during execution may be unstable. Close applications that are not being used, increase the memory, or optimize the workflow.


  ==========================================
  Studio Pro version: 9.0.5
  Started at: 22/2/2023 07:03:10
  ==========================================
  

