[2023-01-24T21:40:13.777Z] : [error]: fecha_inicio_mes is not defined

[2023-01-24T21:40:13.801Z] : [info]: Total execution time: 5s 662ms

[2023-01-24T21:40:13.805Z] : [info]: ---------------------------------------------


  ==========================================
  Studio Pro version: 9.0.5
  Started at: 24/1/2023 15:40:14
  ==========================================
  

[2023-01-24T21:40:30.538Z] : [success]: Robot saved successfully

[2023-01-24T21:41:20.391Z] : [success]: Robot saved successfully


  ==========================================
  Studio Pro version: 9.0.5
  Started at: 24/1/2023 15:42:06
  ==========================================
  

[2023-01-24T21:42:10.469Z] : [success]: Robot saved successfully


  ==========================================
  Studio Pro version: 9.0.5
  Started at: 24/1/2023 15:42:54
  ==========================================
  

[2023-01-24T21:43:30.469Z] : [success]: Robot saved successfully

[2023-01-24T21:43:30.963Z] : [success]: Bot started

[2023-01-24T21:43:30.968Z] : [info]: Robot start

[2023-01-24T21:43:33.244Z] : [success]: Bot finished successfully, total execution time: 2s 275ms

[2023-01-24T21:43:33.249Z] : [info]: ---------------------------------------------

[2023-01-24T21:43:57.709Z] : [success]: Robot saved successfully

[2023-01-24T21:43:58.129Z] : [success]: Bot started

[2023-01-24T21:43:58.133Z] : [info]: Robot start

[2023-01-24T21:44:00.247Z] : [success]: Bot finished successfully, total execution time: 2s 113ms

[2023-01-24T21:44:00.252Z] : [info]: ---------------------------------------------

[2023-01-24T21:44:10.128Z] : [success]: Robot saved successfully


  ==========================================
  Studio Pro version: 9.0.5
  Started at: 24/1/2023 15:44:30
  ==========================================
  

[2023-01-24T21:46:32.988Z] : [success]: Robot saved successfully

