[2023-01-18T17:21:13.773Z] : [success]: Robot saved successfully

[2023-01-18T17:21:15.310Z] : [success]: Robot saved successfully


  ==========================================
  Studio Pro version: 9.0.5
  Started at: 18/1/2023 11:28:40
  ==========================================
  

[2023-01-18T17:29:49.706Z] : [success]: Robot saved successfully

[2023-01-18T21:22:14.167Z] : [success]: Bot finished successfully, total execution time: 11s 451ms

[2023-01-18T21:22:14.171Z] : [info]: ---------------------------------------------

[2023-01-18T21:23:02.207Z] : [success]: Robot saved successfully

[2023-01-18T21:23:02.288Z] : [success]: Bot started

[2023-01-18T21:23:02.293Z] : [info]: Robot start

[2023-01-18T21:23:13.708Z] : [success]: Bot finished successfully, total execution time: 11s 414ms

[2023-01-18T21:23:13.726Z] : [info]: ---------------------------------------------

[2023-01-18T21:23:50.885Z] : [success]: Robot saved successfully


  ==========================================
  Studio Pro version: 9.0.5
  Started at: 18/1/2023 15:39:49
  ==========================================
  

[2023-01-18T21:42:22.692Z] : [success]: Robot saved successfully

[2023-01-18T21:45:42.294Z] : [error]: Script stopped.

[2023-01-18T21:45:42.299Z] : [info]: Total execution time: 16s 896ms

[2023-01-18T21:45:42.303Z] : [info]: ---------------------------------------------


  ==========================================
  Studio Pro version: 9.0.5
  Started at: 18/1/2023 15:45:42
  ==========================================
  

[2023-01-18T21:46:48.784Z] : [success]: Robot saved successfully

[2023-01-18T22:03:11.009Z] : [success]: Robot saved successfully

