
  ==========================================
  Studio Pro version: 9.1.4
  Started at: 10/3/2023, 13:05:10
  ==========================================
  

[2023-03-10T19:29:12.116Z] : [success]: Robot saved successfully


  ==========================================
  Studio Pro version: 9.1.4
  Started at: 10/3/2023, 15:10:46
  ==========================================
  

[2023-03-10T21:29:49.861Z] : [success]: Robot saved successfully

[2023-03-10T21:29:50.603Z] : [success]: Bot started

[2023-03-10T21:29:50.604Z] : [info]: Robot start

[2023-03-10T21:29:53.066Z] : [error]: ubicacion_estados_cuenta_excel is not defined

[2023-03-10T21:29:53.069Z] : [info]: Total execution time: 2s 461ms

[2023-03-10T21:29:53.070Z] : [info]: ---------------------------------------------

[2023-03-10T21:30:27.285Z] : [success]: Robot saved successfully

[2023-03-10T21:30:27.834Z] : [success]: Bot started

[2023-03-10T21:30:27.837Z] : [info]: Robot start

[2023-03-10T21:30:30.095Z] : [error]: Programming activity: ubicacion_python_myenv is not defined

[2023-03-10T21:30:30.101Z] : [info]: Total execution time: 2s 257ms

[2023-03-10T21:30:30.102Z] : [info]: ---------------------------------------------

[2023-03-10T21:33:35.851Z] : [success]: Robot saved successfully

[2023-03-10T21:33:47.710Z] : [success]: Bot started

[2023-03-10T21:33:47.711Z] : [info]: Robot start

[2023-03-10T21:33:49.946Z] : [success]: Bot finished successfully, total execution time: 2s 232ms

[2023-03-10T21:33:49.948Z] : [info]: ---------------------------------------------

[2023-03-10T21:33:59.073Z] : [success]: Robot saved successfully

[2023-03-10T21:33:59.678Z] : [success]: Bot started

[2023-03-10T21:33:59.680Z] : [info]: Robot start

[2023-03-10T21:34:03.057Z] : [error]: Traceback (most recent call last):
  File "C:\tmp\scritp_subrayar_pdf.py", line 14, in <module>
    pdf = fitz.open(pdf_path)
          ^^^^^^^^^^^^^^^^^^^
  File "C:\tmp\myenv\Lib\site-packages\fitz\fitz.py", line 3953, in __init__
    raise FileNotFoundError(msg)
fitz.fitz.FileNotFoundError: no such file: 'G:\\Mi unidad\\BOTGET\\5. PoC\\PANDOTEK\\3. Desarrollo\\Estado de cuenta\\EDO BBVA AMMSA OCT 22.pdf'


[2023-03-10T21:34:03.060Z] : [info]: Total execution time: 3s 374ms

[2023-03-10T21:34:03.061Z] : [info]: ---------------------------------------------

[2023-03-10T21:36:05.264Z] : [success]: Robot saved successfully

[2023-03-10T21:36:11.997Z] : [success]: Bot started

[2023-03-10T21:36:11.999Z] : [info]: Robot start

[2023-03-10T21:36:14.349Z] : [error]: Traceback (most recent call last):
  File "C:\tmp\scritp_subrayar_pdf.py", line 14, in <module>
    pdf = fitz.open(pdf_path)
          ^^^^^^^^^^^^^^^^^^^
  File "C:\tmp\myenv\Lib\site-packages\fitz\fitz.py", line 3953, in __init__
    raise FileNotFoundError(msg)
fitz.fitz.FileNotFoundError: no such file: 'C:Users(378OneDriveEscritorioEstado de cuenta'


[2023-03-10T21:36:14.352Z] : [info]: Total execution time: 2s 349ms

[2023-03-10T21:36:14.353Z] : [info]: ---------------------------------------------

[2023-03-10T21:38:09.923Z] : [success]: Robot saved successfully

[2023-03-10T21:38:10.593Z] : [success]: Bot started

[2023-03-10T21:38:10.594Z] : [info]: Robot start

[2023-03-10T21:38:12.856Z] : [error]: Traceback (most recent call last):
  File "C:\tmp\scritp_subrayar_pdf.py", line 14, in <module>
    pdf = fitz.open(pdf_path)
          ^^^^^^^^^^^^^^^^^^^
  File "C:\tmp\myenv\Lib\site-packages\fitz\fitz.py", line 3956, in __init__
    raise FileDataError(msg)
fitz.fitz.FileDataError: 'C:\\Users\\50378\\OneDrive\\Escritorio\\Estado de cuenta' is no file


[2023-03-10T21:38:12.859Z] : [info]: Total execution time: 2s 262ms

[2023-03-10T21:38:12.860Z] : [info]: ---------------------------------------------

[2023-03-10T21:39:33.780Z] : [success]: Robot saved successfully

[2023-03-10T21:39:34.294Z] : [success]: Bot started

[2023-03-10T21:39:34.296Z] : [info]: Robot start

[2023-03-10T21:39:38.759Z] : [success]: Bot finished successfully, total execution time: 4s 462ms

[2023-03-10T21:39:38.761Z] : [info]: ---------------------------------------------

[2023-03-10T21:45:24.945Z] : [success]: Robot saved successfully

[2023-03-10T21:45:32.540Z] : [success]: Bot started

[2023-03-10T21:45:32.542Z] : [info]: Robot start

[2023-03-10T21:45:34.817Z] : [error]: ubicacion_estados_cuentasfilename is not defined

[2023-03-10T21:45:34.820Z] : [info]: Total execution time: 2s 276ms

[2023-03-10T21:45:34.822Z] : [info]: ---------------------------------------------

[2023-03-10T21:46:01.185Z] : [success]: Robot saved successfully

[2023-03-10T21:46:01.798Z] : [success]: Bot started

[2023-03-10T21:46:01.800Z] : [info]: Robot start

[2023-03-10T21:46:04.077Z] : [error]: Cannot read properties of undefined (reading 'replace')

[2023-03-10T21:46:04.080Z] : [info]: Total execution time: 2s 277ms

[2023-03-10T21:46:04.081Z] : [info]: ---------------------------------------------

[2023-03-10T21:46:54.408Z] : [success]: Robot saved successfully

[2023-03-10T21:46:55.075Z] : [success]: Bot started

[2023-03-10T21:46:55.078Z] : [info]: Robot start

[2023-03-10T21:46:57.345Z] : [error]: ubicacion_estados_cuentas.replace is not a function

[2023-03-10T21:46:57.347Z] : [info]: Total execution time: 2s 267ms

[2023-03-10T21:46:57.348Z] : [info]: ---------------------------------------------

[2023-03-10T21:48:40.688Z] : [success]: Robot saved successfully

[2023-03-10T21:48:42.801Z] : [success]: Bot started

[2023-03-10T21:48:42.802Z] : [info]: Robot start

[2023-03-10T21:48:47.013Z] : [success]: Bot finished successfully, total execution time: 4s 210ms

[2023-03-10T21:48:47.015Z] : [info]: ---------------------------------------------

[2023-03-10T21:49:07.242Z] : [success]: Robot saved successfully

[2023-03-10T21:49:08.738Z] : [success]: Bot started

[2023-03-10T21:49:08.739Z] : [info]: Robot start

[2023-03-10T21:49:14.135Z] : [success]: Bot finished successfully, total execution time: 5s 392ms

[2023-03-10T21:49:14.137Z] : [info]: ---------------------------------------------

[2023-03-10T21:50:03.534Z] : [success]: Robot saved successfully

[2023-03-10T21:50:04.162Z] : [success]: Bot started

[2023-03-10T21:50:04.164Z] : [info]: Robot start

[2023-03-10T21:52:28.403Z] : [error]: Script Stopped.

[2023-03-10T21:52:28.406Z] : [info]: Total execution time: 2m 24s 238ms

[2023-03-10T21:52:28.408Z] : [info]: ---------------------------------------------

[2023-03-10T21:53:34.307Z] : [success]: Robot saved successfully

[2023-03-10T21:53:34.862Z] : [success]: Bot started

[2023-03-10T21:53:34.863Z] : [info]: Robot start

[2023-03-10T21:53:38.064Z] : [success]: Bot finished successfully, total execution time: 3s 200ms

[2023-03-10T21:53:38.065Z] : [info]: ---------------------------------------------

[2023-03-10T22:00:09.688Z] : [success]: Bot started

[2023-03-10T22:00:09.690Z] : [info]: Robot start

[2023-03-10T22:00:15.070Z] : [success]: Bot finished successfully, total execution time: 5s 378ms

[2023-03-10T22:00:15.071Z] : [info]: ---------------------------------------------

[2023-03-10T22:01:12.345Z] : [success]: Robot saved successfully

[2023-03-10T22:01:13.542Z] : [success]: Bot started

[2023-03-10T22:01:13.543Z] : [info]: Robot start

[2023-03-10T22:01:16.776Z] : [success]: Bot finished successfully, total execution time: 3s 231ms

[2023-03-10T22:01:16.777Z] : [info]: ---------------------------------------------

[2023-03-10T22:01:31.494Z] : [success]: Bot started

[2023-03-10T22:01:31.496Z] : [info]: Robot start

[2023-03-10T22:01:34.750Z] : [success]: Bot finished successfully, total execution time: 3s 252ms

[2023-03-10T22:01:34.752Z] : [info]: ---------------------------------------------

[2023-03-10T22:10:08.974Z] : [error]: Cannot read properties of null (reading 'comment')

[2023-03-10T22:10:27.304Z] : [success]: Robot saved successfully

[2023-03-10T22:10:27.977Z] : [success]: Bot started

[2023-03-10T22:10:27.978Z] : [info]: Robot start

[2023-03-10T22:10:30.253Z] : [error]: Cannot read properties of undefined (reading 'replace')

[2023-03-10T22:10:30.256Z] : [info]: Total execution time: 2s 273ms

[2023-03-10T22:10:30.257Z] : [info]: ---------------------------------------------

[2023-03-10T22:11:17.273Z] : [success]: Robot saved successfully

[2023-03-10T22:11:18.089Z] : [success]: Bot started

[2023-03-10T22:11:18.091Z] : [info]: Robot start

[2023-03-10T22:11:20.348Z] : [error]: Cannot read properties of undefined (reading 'replace')

[2023-03-10T22:11:20.351Z] : [info]: Total execution time: 2s 257ms

[2023-03-10T22:11:20.352Z] : [info]: ---------------------------------------------

[2023-03-10T22:12:55.983Z] : [success]: Bot started

[2023-03-10T22:12:55.984Z] : [info]: Robot start

[2023-03-10T22:12:58.271Z] : [error]: Cannot read properties of undefined (reading 'replace')

[2023-03-10T22:12:58.273Z] : [info]: Total execution time: 2s 286ms

[2023-03-10T22:12:58.275Z] : [info]: ---------------------------------------------

[2023-03-10T22:14:36.366Z] : [success]: Robot saved successfully

[2023-03-10T22:14:36.918Z] : [success]: Bot started

[2023-03-10T22:14:36.920Z] : [info]: Robot start

[2023-03-10T22:14:39.189Z] : [error]: Cannot read properties of undefined (reading 'replace')

[2023-03-10T22:14:39.193Z] : [info]: Total execution time: 2s 269ms

[2023-03-10T22:14:39.194Z] : [info]: ---------------------------------------------

[2023-03-10T22:16:24.148Z] : [success]: Robot saved successfully

[2023-03-10T22:16:25.330Z] : [success]: Bot started

[2023-03-10T22:16:25.332Z] : [info]: Robot start

[2023-03-10T22:17:16.382Z] : [error]: Cannot read properties of undefined (reading 'replace')

[2023-03-10T22:17:16.385Z] : [info]: Total execution time: 51s 50ms

[2023-03-10T22:17:16.387Z] : [info]: ---------------------------------------------

[2023-03-10T22:20:06.828Z] : [success]: Robot saved successfully

[2023-03-10T22:20:07.526Z] : [success]: Bot started

[2023-03-10T22:20:07.527Z] : [info]: Robot start

[2023-03-10T22:20:11.934Z] : [success]: Bot finished successfully, total execution time: 4s 406ms

[2023-03-10T22:20:11.935Z] : [info]: ---------------------------------------------

[2023-03-11T01:36:31.932Z] : [info]: Internet connection // error

[2023-03-11T01:36:34.939Z] : [success]: Connection to our licenses server is restored

[2023-03-11T02:30:08.857Z] : [error]: Cannot read properties of null (reading 'type')

[2023-03-11T02:30:08.860Z] : [error]: Cannot read properties of null (reading 'type')

[2023-03-11T02:30:08.865Z] : [error]: Cannot read properties of null (reading 'type')

[2023-03-11T02:30:08.866Z] : [error]: Cannot read properties of null (reading 'type')

[2023-03-11T02:30:08.869Z] : [error]: Cannot read properties of null (reading 'type')

[2023-03-11T02:30:08.879Z] : [error]: Cannot read properties of null (reading 'type')

[2023-03-11T02:30:08.930Z] : [error]: Cannot read properties of null (reading 'type')

[2023-03-11T02:30:08.967Z] : [error]: Cannot read properties of null (reading 'type')

[2023-03-11T02:30:09.058Z] : [error]: Cannot read properties of null (reading 'type')

