
  ==========================================
  Studio Pro version: 9.0.5
  Started at: 17/1/2023 10:45:52
  ==========================================
  


  ==========================================
  Studio Pro version: 9.0.5
  Started at: 17/1/2023 15:15:54
  ==========================================
  

[2023-01-17T21:16:01.800Z] : [success]: Robot saved successfully


  ==========================================
  Studio Pro version: 9.0.5
  Started at: 17/1/2023 17:25:11
  ==========================================
  

[2023-01-17T23:33:47.658Z] : [success]: Robot saved successfully

[2023-01-17T23:33:48.123Z] : [success]: Bot started

[2023-01-17T23:33:48.127Z] : [info]: Robot start

[2023-01-17T23:33:50.439Z] : [error]: ubicacion_carpeta_cliente is not defined

[2023-01-17T23:33:50.445Z] : [info]: Total execution time: 2s 311ms

[2023-01-17T23:33:50.449Z] : [info]: ---------------------------------------------

[2023-01-17T23:34:48.569Z] : [success]: Robot saved successfully

[2023-01-17T23:34:49.062Z] : [success]: Bot started

[2023-01-17T23:34:49.067Z] : [info]: Robot start

[2023-01-17T23:34:58.272Z] : [success]: Bot finished successfully, total execution time: 9s 204ms

[2023-01-17T23:34:58.277Z] : [info]: ---------------------------------------------

[2023-01-18T16:08:51.211Z] : [success]: Robot saved successfully

[2023-01-18T16:50:06.168Z] : [success]: Robot saved successfully

[2023-01-18T21:43:58.466Z] : [success]: Robot saved successfully


  ==========================================
  Studio Pro version: 9.0.5
  Started at: 18/1/2023 15:44:13
  ==========================================
  

[2023-01-18T22:02:12.242Z] : [success]: Robot saved successfully

