
  ==========================================
  Studio Pro version: 8.7.11
  Started at: 10/1/2023 10:30:21
  ==========================================
  

[2023-01-10T16:34:06.754Z] : [success]: Robot saved successfully

[2023-01-10T16:34:41.902Z] : [success]: Robot saved successfully

[2023-01-10T16:43:59.370Z] : [error]: Script Stopped.

[2023-01-10T16:43:59.376Z] : [warn]: Total execution time: 1m 23s 788ms

[2023-01-10T16:43:59.379Z] : [info]: ---------------------------------------------


  ==========================================
  Studio Pro version: 8.7.11
  Started at: 10/1/2023 10:43:59
  ==========================================
  

[2023-01-10T16:44:15.458Z] : [success]: Robot saved successfully

[2023-01-10T16:46:42.990Z] : [success]: Robot saved successfully


  ==========================================
  Studio Pro version: 8.7.11
  Started at: 10/1/2023 10:47:46
  ==========================================
  

[2023-01-10T16:49:02.780Z] : [success]: Robot saved successfully


  ==========================================
  Studio Pro version: 8.7.11
  Started at: 10/1/2023 11:46:22
  ==========================================
  

[2023-01-10T18:01:39.859Z] : [success]: Robot saved successfully

