[2023-02-15T00:00:38.442Z] : [error]: No elements were found according to your selection. It may happen because of a wrong selector or because the element takes more time to appear on the screen. Try modifying the selector or increasing the element timeout and run the bot again.

[2023-02-15T00:00:38.448Z] : [info]: Total execution time: 1m 6s 42ms

[2023-02-15T00:00:38.450Z] : [info]: ---------------------------------------------


  ==========================================
  Studio Pro version: 9.1.4
  Started at: 14/2/2023, 18:00:39
  ==========================================
  

[2023-02-15T00:01:00.653Z] : [success]: Robot saved successfully

[2023-02-15T00:02:06.757Z] : [error]: No elements were found according to your selection. It may happen because of a wrong selector or because the element takes more time to appear on the screen. Try modifying the selector or increasing the element timeout and run the bot again.

[2023-02-15T00:02:06.760Z] : [info]: Total execution time: 53s 534ms

[2023-02-15T00:02:06.761Z] : [info]: ---------------------------------------------


  ==========================================
  Studio Pro version: 9.1.4
  Started at: 14/2/2023, 18:02:07
  ==========================================
  

[2023-02-15T00:02:49.425Z] : [success]: Robot saved successfully

[2023-02-15T00:03:58.283Z] : [error]: No elements were found according to your selection. It may happen because of a wrong selector or because the element takes more time to appear on the screen. Try modifying the selector or increasing the element timeout and run the bot again.

[2023-02-15T00:03:58.288Z] : [info]: Total execution time: 49s 32ms

[2023-02-15T00:03:58.290Z] : [info]: ---------------------------------------------


  ==========================================
  Studio Pro version: 9.1.4
  Started at: 14/2/2023, 18:03:58
  ==========================================
  

[2023-02-15T00:04:05.611Z] : [success]: Robot saved successfully

