
  ==========================================
  Studio Pro version: 8.7.11
  Started at: 10/1/2023 10:06:04
  ==========================================
  

[2023-01-10T16:07:44.778Z] : [success]: Robot saved successfully


  ==========================================
  Studio Pro version: 8.7.11
  Started at: 10/1/2023 10:28:01
  ==========================================
  

[2023-01-10T16:30:12.906Z] : [success]: Robot saved successfully

[2023-01-10T16:34:45.826Z] : [success]: Robot saved successfully


  ==========================================
  Studio Pro version: 8.7.11
  Started at: 10/1/2023 10:47:00
  ==========================================
  

[2023-01-10T16:47:35.914Z] : [success]: Robot saved successfully

[2023-01-10T17:00:49.103Z] : [error]: No elements were found according to your selection. It may happen because of a wrong selector or because the element takes more time to appear on the screen. Try modifying the selector or increasing the element timeout and run the bot again

[2023-01-10T17:00:49.109Z] : [error]: Total execution time: 33s 202ms

[2023-01-10T17:00:49.113Z] : [info]: ---------------------------------------------


  ==========================================
  Studio Pro version: 8.7.11
  Started at: 10/1/2023 11:00:49
  ==========================================
  

[2023-01-10T17:00:53.437Z] : [success]: Robot saved successfully


  ==========================================
  Studio Pro version: 8.7.11
  Started at: 10/1/2023 12:34:03
  ==========================================
  

[2023-01-10T19:39:49.121Z] : [success]: Robot saved successfully


  ==========================================
  Studio Pro version: 8.7.11
  Started at: 10/1/2023 16:50:47
  ==========================================
  

[2023-01-10T23:08:19.080Z] : [success]: Robot saved successfully


  ==========================================
  Studio Pro version: 8.7.11
  Started at: 10/1/2023 17:25:11
  ==========================================
  

[2023-01-10T23:26:55.894Z] : [success]: Robot saved successfully

