[2023-01-10T15:17:44.699Z] : [error]: ubicacion_carpeta_cliente is not defined

[2023-01-10T15:17:44.707Z] : [error]: Total execution time: 50s 894ms

[2023-01-10T15:17:44.724Z] : [info]: ---------------------------------------------


  ==========================================
  Studio Pro version: 8.7.11
  Started at: 10/1/2023 09:17:44
  ==========================================
  

[2023-01-10T15:23:30.214Z] : [success]: Robot saved successfully

[2023-01-10T15:25:34.347Z] : [success]: Robot saved successfully


  ==========================================
  Studio Pro version: 8.7.11
  Started at: 10/1/2023 09:26:01
  ==========================================
  


  ==========================================
  Studio Pro version: 8.7.11
  Started at: 10/1/2023 09:27:36
  ==========================================
  

[2023-01-10T15:40:06.358Z] : [success]: Robot saved successfully

[2023-01-10T15:41:54.793Z] : [error]: Script Stopped.

[2023-01-10T15:41:54.800Z] : [warn]: Total execution time: 55s 422ms

[2023-01-10T15:41:54.802Z] : [info]: ---------------------------------------------


  ==========================================
  Studio Pro version: 8.7.11
  Started at: 10/1/2023 09:41:55
  ==========================================
  

[2023-01-10T15:42:00.695Z] : [success]: Robot saved successfully

[2023-01-10T15:47:41.797Z] : [success]: Robot saved successfully

[2023-01-10T15:47:55.557Z] : [success]: Robot saved successfully


  ==========================================
  Studio Pro version: 8.7.11
  Started at: 10/1/2023 09:48:04
  ==========================================
  

[2023-01-10T15:48:47.436Z] : [success]: Robot saved successfully

[2023-01-10T15:49:37.109Z] : [success]: Robot saved successfully


  ==========================================
  Studio Pro version: 8.7.11
  Started at: 10/1/2023 10:02:36
  ==========================================
  

[2023-01-10T16:03:02.168Z] : [success]: Robot saved successfully

