
  ==========================================
  Studio Pro version: 9.0.5
  Started at: 3/2/2023 19:45:06
  ==========================================
  

[2023-02-04T02:45:50.833Z] : [success]: Robot saved successfully


  ==========================================
  Studio Pro version: 9.0.5
  Started at: 3/2/2023 19:46:06
  ==========================================
  


  ==========================================
  Studio Pro version: 9.0.5
  Started at: 3/2/2023 19:48:43
  ==========================================
  


  ==========================================
  Studio Pro version: 9.0.5
  Started at: 3/2/2023 19:53:29
  ==========================================
  


  ==========================================
  Studio Pro version: 9.0.5
  Started at: 3/2/2023 19:59:45
  ==========================================
  

[2023-02-04T03:03:15.275Z] : [success]: Robot saved successfully


  ==========================================
  Studio Pro version: 9.0.5
  Started at: 3/2/2023 20:06:36
  ==========================================
  


  ==========================================
  Studio Pro version: 9.0.5
  Started at: 3/2/2023 20:20:32
  ==========================================
  

[2023-02-04T03:20:40.934Z] : [success]: Robot saved successfully


  ==========================================
  Studio Pro version: 9.0.5
  Started at: 3/2/2023 21:33:21
  ==========================================
  


  ==========================================
  Studio Pro version: 9.0.5
  Started at: 3/2/2023 21:37:01
  ==========================================
  


  ==========================================
  Studio Pro version: 9.0.5
  Started at: 3/2/2023 21:39:57
  ==========================================
  


  ==========================================
  Studio Pro version: 9.0.5
  Started at: 3/2/2023 21:40:19
  ==========================================
  

[2023-02-04T04:51:23.596Z] : [error]: element_value_carpeta.includes is not a function

[2023-02-04T04:51:23.603Z] : [info]: Total execution time: 1m 23s 48ms

[2023-02-04T04:51:23.606Z] : [info]: ---------------------------------------------


  ==========================================
  Studio Pro version: 9.0.5
  Started at: 3/2/2023 21:51:23
  ==========================================
  

[2023-02-04T04:51:41.308Z] : [success]: Robot saved successfully


  ==========================================
  Studio Pro version: 9.0.5
  Started at: 3/2/2023 22:00:55
  ==========================================
  

[2023-02-04T05:08:16.917Z] : [success]: Robot saved successfully

