[2023-01-10T23:09:19.467Z] : [warn]: There is a small amount of free memory (RAM) left, 93.48% of RAM is being used (15193 MBs). The performance of Studio Pro and bots during execution may be unstable. Close applications that are not being used, increase the memory, or optimize the workflow.

[2023-01-10T23:09:59.110Z] : [success]: Robot saved successfully

[2023-01-10T23:12:10.083Z] : [success]: Robot saved successfully

[2023-01-10T23:24:39.375Z] : [success]: Robot saved successfully

[2023-01-10T23:24:39.509Z] : [success]: Bot started

[2023-01-10T23:24:39.514Z] : [info]: Robot start

[2023-01-10T23:24:44.953Z] : [error]: Script Stopped.

[2023-01-10T23:24:44.958Z] : [warn]: Total execution time: 5s 439ms

[2023-01-10T23:24:44.962Z] : [info]: ---------------------------------------------

[2023-01-10T23:25:05.472Z] : [success]: Robot saved successfully


  ==========================================
  Studio Pro version: 8.7.11
  Started at: 10/1/2023 17:25:45
  ==========================================
  

[2023-01-10T23:25:49.669Z] : [warn]: There is a small amount of free memory (RAM) left, 93.01% of RAM is being used (15116 MBs). The performance of Studio Pro and bots during execution may be unstable. Close applications that are not being used, increase the memory, or optimize the workflow.

[2023-01-10T23:26:46.145Z] : [success]: Robot saved successfully


  ==========================================
  Studio Pro version: 8.7.11
  Started at: 10/1/2023 17:28:00
  ==========================================
  

[2023-01-10T23:28:09.436Z] : [success]: Robot saved successfully

[2023-01-10T23:28:24.067Z] : [success]: Robot saved successfully


  ==========================================
  Studio Pro version: 8.7.11
  Started at: 10/1/2023 17:30:00
  ==========================================
  

[2023-01-10T23:30:30.275Z] : [success]: Robot saved successfully


  ==========================================
  Studio Pro version: 8.7.11
  Started at: 10/1/2023 17:30:35
  ==========================================
  

[2023-01-10T23:31:49.728Z] : [warn]: There is a small amount of free memory (RAM) left, 95.94% of RAM is being used (15592 MBs). The performance of Studio Pro and bots during execution may be unstable. Close applications that are not being used, increase the memory, or optimize the workflow.

[2023-01-10T23:34:49.736Z] : [warn]: There is a small amount of free memory (RAM) left, 95.26% of RAM is being used (15481 MBs). The performance of Studio Pro and bots during execution may be unstable. Close applications that are not being used, increase the memory, or optimize the workflow.

[2023-01-10T23:37:49.744Z] : [warn]: There is a small amount of free memory (RAM) left, 92.97% of RAM is being used (15110 MBs). The performance of Studio Pro and bots during execution may be unstable. Close applications that are not being used, increase the memory, or optimize the workflow.

[2023-01-10T23:40:49.756Z] : [warn]: There is a small amount of free memory (RAM) left, 96.72% of RAM is being used (15719 MBs). The performance of Studio Pro and bots during execution may be unstable. Close applications that are not being used, increase the memory, or optimize the workflow.

[2023-01-10T23:40:56.155Z] : [success]: Robot saved successfully


  ==========================================
  Studio Pro version: 8.7.11
  Started at: 10/1/2023 17:41:08
  ==========================================
  

[2023-01-10T23:41:49.409Z] : [success]: Robot saved successfully

[2023-01-10T23:43:12.150Z] : [error]: Script Stopped.

[2023-01-10T23:43:12.156Z] : [warn]: Total execution time: 1m 15s 754ms

[2023-01-10T23:43:12.159Z] : [info]: ---------------------------------------------


  ==========================================
  Studio Pro version: 8.7.11
  Started at: 10/1/2023 17:43:12
  ==========================================
  

[2023-01-10T23:43:19.965Z] : [success]: Robot saved successfully

[2023-01-10T23:43:50.090Z] : [warn]: There is a small amount of free memory (RAM) left, 95.69% of RAM is being used (15551 MBs). The performance of Studio Pro and bots during execution may be unstable. Close applications that are not being used, increase the memory, or optimize the workflow.

[2023-01-10T23:46:50.106Z] : [warn]: There is a small amount of free memory (RAM) left, 95.83% of RAM is being used (15575 MBs). The performance of Studio Pro and bots during execution may be unstable. Close applications that are not being used, increase the memory, or optimize the workflow.

[2023-01-10T23:47:59.350Z] : [success]: Robot saved successfully

