
  ==========================================
  Studio Pro version: 9.0.5
  Started at: 18/1/2023 11:23:34
  ==========================================
  

[2023-01-18T17:28:36.445Z] : [success]: Robot saved successfully

[2023-01-18T21:22:02.578Z] : [success]: Robot saved successfully

[2023-01-18T21:22:02.710Z] : [success]: Bot started

[2023-01-18T21:22:02.714Z] : [info]: Robot start

[2023-01-18T21:22:35.510Z] : [success]: Robot saved successfully

[2023-01-18T21:22:35.828Z] : [success]: Bot started

[2023-01-18T21:22:35.832Z] : [info]: Robot start

[2023-01-18T21:22:43.987Z] : [success]: Bot finished successfully, total execution time: 8s 154ms

[2023-01-18T21:22:43.991Z] : [info]: ---------------------------------------------

[2023-01-18T21:23:18.995Z] : [success]: Robot saved successfully

[2023-01-18T21:23:19.322Z] : [success]: Bot started

[2023-01-18T21:23:19.326Z] : [info]: Robot start

[2023-01-18T21:23:27.483Z] : [success]: Bot finished successfully, total execution time: 8s 156ms

[2023-01-18T21:23:27.487Z] : [info]: ---------------------------------------------

[2023-01-18T21:23:44.289Z] : [success]: Robot saved successfully


  ==========================================
  Studio Pro version: 9.0.5
  Started at: 18/1/2023 15:42:26
  ==========================================
  

[2023-01-18T21:43:17.387Z] : [success]: Robot saved successfully


  ==========================================
  Studio Pro version: 9.0.5
  Started at: 18/1/2023 15:45:57
  ==========================================
  

[2023-01-18T21:46:41.059Z] : [success]: Robot saved successfully

[2023-01-18T21:46:50.535Z] : [success]: Robot saved successfully

[2023-01-18T22:03:03.806Z] : [success]: Robot saved successfully

