
  ==========================================
  Studio Pro version: 8.7.11
  Started at: 10/1/2023 09:13:33
  ==========================================
  

[2023-01-10T15:13:53.735Z] : [success]: Robot saved successfully

[2023-01-10T15:13:59.778Z] : [info]: ---------------------------------------------

[2023-01-10T15:13:59.782Z] : [success]: Bot started

[2023-01-10T15:13:59.786Z] : [info]: Robot start

[2023-01-10T15:14:38.215Z] : [success]: Bot started

[2023-01-10T15:14:38.220Z] : [info]: Robot start

[2023-01-10T15:15:28.907Z] : [error]: Script Stopped.

[2023-01-10T15:15:28.914Z] : [info]: ---------------------------------------------

[2023-01-10T15:15:35.741Z] : [success]: Bot started

[2023-01-10T15:15:35.746Z] : [info]: Robot start

[2023-01-10T15:16:08.245Z] : [error]: error is not defined

[2023-01-10T15:16:08.252Z] : [error]: Total execution time: 32s 500ms

[2023-01-10T15:16:08.256Z] : [info]: ---------------------------------------------

[2023-01-10T15:16:53.458Z] : [success]: Robot saved successfully

[2023-01-10T15:16:53.800Z] : [success]: Bot started

[2023-01-10T15:16:53.804Z] : [info]: Robot start

[2023-01-10T15:18:35.958Z] : [success]: Robot saved successfully

[2023-01-10T15:18:42.796Z] : [success]: Bot started

[2023-01-10T15:18:42.803Z] : [info]: Robot start

[2023-01-10T15:19:28.166Z] : [info]: 11

[2023-01-10T15:19:28.363Z] : [info]: 1

[2023-01-10T15:19:28.552Z] : [info]: 2

[2023-01-10T15:19:28.760Z] : [info]: 3

[2023-01-10T15:19:29.270Z] : [info]: 4

[2023-01-10T15:19:30.777Z] : [info]: 5

[2023-01-10T15:19:31.050Z] : [info]: 6

[2023-01-10T15:19:31.286Z] : [info]: 7

[2023-01-10T15:19:31.492Z] : [info]: 8

[2023-01-10T15:19:31.682Z] : [info]: 9

[2023-01-10T15:19:31.935Z] : [info]: 10

[2023-01-10T15:19:32.749Z] : [info]: 11

[2023-01-10T15:19:40.768Z] : [success]: Bot finished successfully, total execution time: 57s 963ms

[2023-01-10T15:19:40.786Z] : [info]: ---------------------------------------------

[2023-01-10T15:22:02.468Z] : [success]: Robot saved successfully

[2023-01-10T15:22:10.359Z] : [success]: Bot started

[2023-01-10T15:22:10.384Z] : [info]: Robot start

[2023-01-10T15:23:13.413Z] : [success]: Bot finished successfully, total execution time: 1m 3s 28ms

[2023-01-10T15:23:13.417Z] : [info]: ---------------------------------------------

[2023-01-10T15:25:38.620Z] : [success]: Robot saved successfully

[2023-01-10T15:39:49.069Z] : [success]: Robot saved successfully

[2023-01-10T15:40:16.176Z] : [success]: Robot saved successfully

[2023-01-10T15:40:25.648Z] : [success]: Bot started

[2023-01-10T15:40:25.653Z] : [info]: Robot start

[2023-01-10T15:40:59.367Z] : [success]: Bot started

[2023-01-10T15:40:59.371Z] : [info]: Robot start

[2023-01-10T15:41:44.706Z] : [info]: 11

[2023-01-10T15:41:44.901Z] : [info]: 1

[2023-01-10T15:41:45.094Z] : [info]: 2

[2023-01-10T15:41:45.235Z] : [info]: 3

[2023-01-10T15:41:45.705Z] : [info]: 4

[2023-01-10T15:41:47.195Z] : [info]: 5

[2023-01-10T15:41:47.497Z] : [info]: 6

[2023-01-10T15:41:47.694Z] : [info]: 7

[2023-01-10T15:41:47.855Z] : [info]: 8

[2023-01-10T15:41:48.047Z] : [info]: 9

[2023-01-10T15:41:48.306Z] : [info]: 10

[2023-01-10T15:41:49.089Z] : [info]: 11

[2023-01-10T15:50:04.015Z] : [success]: Robot saved successfully

[2023-01-10T15:50:09.475Z] : [success]: Bot started

[2023-01-10T15:50:09.480Z] : [info]: Robot start

[2023-01-10T15:50:54.133Z] : [info]: 11

[2023-01-10T15:50:54.352Z] : [info]: 1

[2023-01-10T15:50:54.523Z] : [info]: 2

[2023-01-10T15:50:54.685Z] : [info]: 3

[2023-01-10T15:50:55.137Z] : [info]: 4

[2023-01-10T15:50:56.676Z] : [info]: 5

[2023-01-10T15:50:56.966Z] : [info]: 6

[2023-01-10T15:50:57.189Z] : [info]: 7

[2023-01-10T15:50:57.352Z] : [info]: 8

[2023-01-10T15:50:57.586Z] : [info]: 9

[2023-01-10T15:50:57.840Z] : [info]: 10

[2023-01-10T15:50:58.699Z] : [info]: 11

[2023-01-10T15:51:03.540Z] : [success]: Bot finished successfully, total execution time: 54s 59ms

[2023-01-10T15:51:03.544Z] : [info]: ---------------------------------------------

[2023-01-10T16:02:13.167Z] : [success]: Robot saved successfully

[2023-01-10T16:02:30.383Z] : [success]: Robot saved successfully

