
  ==========================================
  Studio Pro version: 8.7.11
  Started at: 11/1/2023 15:35:32
  ==========================================
  


  ==========================================
  Studio Pro version: 8.7.11
  Started at: 11/1/2023 15:52:45
  ==========================================
  

[2023-01-11T21:57:04.872Z] : [success]: Robot saved successfully


  ==========================================
  Studio Pro version: 8.7.11
  Started at: 11/1/2023 15:57:43
  ==========================================
  

[2023-01-11T22:02:52.341Z] : [success]: Robot saved successfully


  ==========================================
  Studio Pro version: 8.7.11
  Started at: 11/1/2023 16:06:24
  ==========================================
  

[2023-01-11T22:09:49.314Z] : [success]: Robot saved successfully


  ==========================================
  Studio Pro version: 8.7.11
  Started at: 11/1/2023 16:15:02
  ==========================================
  

[2023-01-11T22:21:59.039Z] : [success]: Robot saved successfully

[2023-01-11T22:22:30.834Z] : [success]: Bot started

[2023-01-11T22:22:30.839Z] : [info]: Robot start

[2023-01-11T22:24:31.828Z] : [success]: Robot saved successfully

[2023-01-11T22:24:32.377Z] : [success]: Bot started

[2023-01-11T22:24:32.381Z] : [info]: Robot start

[2023-01-11T22:26:18.136Z] : [success]: Bot started

[2023-01-11T22:26:18.140Z] : [info]: Robot start

[2023-01-11T22:27:15.162Z] : [info]: 11

[2023-01-11T22:27:33.719Z] : [info]: 11

[2023-01-11T22:27:52.176Z] : [info]: 11

[2023-01-11T22:27:52.366Z] : [info]: 1

[2023-01-11T22:27:52.541Z] : [info]: 2

[2023-01-11T22:27:52.783Z] : [info]: 3

[2023-01-11T22:27:53.303Z] : [info]: 4

[2023-01-11T22:27:54.841Z] : [info]: 5

[2023-01-11T22:27:55.109Z] : [info]: 6

[2023-01-11T22:27:55.345Z] : [info]: 7

[2023-01-11T22:27:55.545Z] : [info]: 8

[2023-01-11T22:27:55.746Z] : [info]: 9

[2023-01-11T22:27:56.042Z] : [info]: 10

[2023-01-11T22:27:56.797Z] : [info]: 11

[2023-01-11T22:29:05.357Z] : [success]: Bot finished successfully, total execution time: 2m 47s 216ms

[2023-01-11T22:29:05.362Z] : [info]: ---------------------------------------------

[2023-01-11T22:31:34.236Z] : [success]: Robot saved successfully

[2023-01-11T22:31:39.914Z] : [success]: Bot started

[2023-01-11T22:31:39.918Z] : [info]: Robot start

[2023-01-11T22:32:35.703Z] : [info]: 11

[2023-01-11T22:32:54.292Z] : [info]: 11

[2023-01-11T22:32:54.535Z] : [info]: 1

[2023-01-11T22:32:54.772Z] : [info]: 2

[2023-01-11T22:32:54.975Z] : [info]: 3

[2023-01-11T22:32:55.470Z] : [info]: 4

[2023-01-11T22:32:57.029Z] : [info]: 5

[2023-01-11T22:32:57.304Z] : [info]: 6

[2023-01-11T22:32:57.492Z] : [info]: 7

[2023-01-11T22:32:57.698Z] : [info]: 8

[2023-01-11T22:32:57.947Z] : [info]: 9

[2023-01-11T22:32:58.207Z] : [info]: 10

[2023-01-11T22:32:58.986Z] : [info]: 11

[2023-01-11T22:33:57.533Z] : [success]: Bot finished successfully, total execution time: 2m 17s 613ms

[2023-01-11T22:33:57.538Z] : [info]: ---------------------------------------------

[2023-01-11T22:34:36.458Z] : [success]: Robot saved successfully

[2023-01-11T22:37:10.126Z] : [success]: Robot saved successfully

[2023-01-11T22:37:13.757Z] : [success]: Bot started

[2023-01-11T22:37:13.761Z] : [info]: Robot start

[2023-01-11T22:38:21.730Z] : [success]: Bot finished successfully, total execution time: 1m 7s 967ms

[2023-01-11T22:38:21.735Z] : [info]: ---------------------------------------------

[2023-01-11T22:39:23.206Z] : [success]: Robot saved successfully

[2023-01-11T22:39:23.544Z] : [success]: Bot started

[2023-01-11T22:39:23.549Z] : [info]: Robot start

[2023-01-11T22:40:28.740Z] : [info]: 11

[2023-01-11T22:40:47.055Z] : [info]: 11

[2023-01-11T22:40:47.262Z] : [info]: 1

[2023-01-11T22:40:47.444Z] : [info]: 2

[2023-01-11T22:40:47.634Z] : [info]: 3

[2023-01-11T22:40:48.148Z] : [info]: 4

[2023-01-11T22:40:49.749Z] : [info]: 5

[2023-01-11T22:40:50.051Z] : [info]: 6

[2023-01-11T22:40:50.264Z] : [info]: 7

[2023-01-11T22:40:50.505Z] : [info]: 8

[2023-01-11T22:40:50.732Z] : [info]: 9

[2023-01-11T22:40:51.061Z] : [info]: 10

[2023-01-11T22:40:51.822Z] : [info]: 11

[2023-01-11T22:42:03.753Z] : [info]: 11

[2023-01-11T22:42:03.926Z] : [info]: 1

[2023-01-11T22:42:04.160Z] : [info]: 2

[2023-01-11T22:42:04.374Z] : [info]: 3

[2023-01-11T22:42:04.922Z] : [info]: 4

[2023-01-11T22:42:06.530Z] : [info]: 5

[2023-01-11T22:42:06.858Z] : [info]: 6

[2023-01-11T22:42:07.139Z] : [info]: 7

[2023-01-11T22:42:07.313Z] : [info]: 8

[2023-01-11T22:42:07.623Z] : [info]: 9

[2023-01-11T22:42:07.919Z] : [info]: 10

[2023-01-11T22:42:08.730Z] : [info]: 11

[2023-01-11T22:46:15.080Z] : [warn]: Keep in mind that it is good practice to set different names for variables. If a global and a local variable have the same name, the local one may shadow the global one. In case, you want to keep the names alike, we recommend you enable the Clear variables before execution option or add a lowercase “g” to the global one

[2023-01-11T22:48:52.205Z] : [success]: Robot saved successfully


  ==========================================
  Studio Pro version: 8.7.11
  Started at: 11/1/2023 16:49:47
  ==========================================
  

[2023-01-11T22:49:52.883Z] : [success]: Robot saved successfully

[2023-01-11T22:50:02.373Z] : [success]: Bot started

[2023-01-11T22:50:02.378Z] : [info]: Robot start

[2023-01-11T22:50:59.815Z] : [info]: 11

[2023-01-11T22:51:18.509Z] : [info]: 11

[2023-01-11T22:51:37.671Z] : [info]: 11

[2023-01-11T22:51:37.879Z] : [info]: 1

[2023-01-11T22:51:38.101Z] : [info]: 2

[2023-01-11T22:51:38.293Z] : [info]: 3

[2023-01-11T22:51:38.878Z] : [info]: 4

[2023-01-11T22:51:40.393Z] : [info]: 5

[2023-01-11T22:51:40.667Z] : [info]: 6

[2023-01-11T22:51:40.901Z] : [info]: 7

[2023-01-11T22:51:41.155Z] : [info]: 8

[2023-01-11T22:51:41.393Z] : [info]: 9

[2023-01-11T22:51:41.630Z] : [info]: 10

[2023-01-11T22:51:42.417Z] : [info]: 11

[2023-01-11T22:52:31.901Z] : [info]: 11

[2023-01-11T22:52:32.103Z] : [info]: 1

[2023-01-11T22:52:32.327Z] : [info]: 2

[2023-01-11T22:52:32.539Z] : [info]: 3

[2023-01-11T22:52:33.082Z] : [info]: 4

[2023-01-11T22:52:34.695Z] : [info]: 5

[2023-01-11T22:52:35.054Z] : [info]: 6

[2023-01-11T22:52:35.374Z] : [info]: 7

[2023-01-11T22:52:35.580Z] : [info]: 8

[2023-01-11T22:52:35.874Z] : [info]: 9

[2023-01-11T22:52:36.169Z] : [info]: 10

[2023-01-11T22:52:36.906Z] : [info]: 11

[2023-01-11T22:58:33.516Z] : [warn]: Keep in mind that it is good practice to set different names for variables. If a global and a local variable have the same name, the local one may shadow the global one. In case, you want to keep the names alike, we recommend you enable the Clear variables before execution option or add a lowercase “g” to the global one

[2023-01-11T23:03:04.326Z] : [success]: Robot saved successfully

[2023-01-11T23:03:04.906Z] : [success]: Bot started

[2023-01-11T23:03:04.951Z] : [info]: Robot start

[2023-01-11T23:04:01.242Z] : [info]: 11

[2023-01-11T23:04:01.430Z] : [info]: 1

[2023-01-11T23:04:01.671Z] : [info]: 2

[2023-01-11T23:04:01.895Z] : [info]: 3

[2023-01-11T23:04:02.411Z] : [info]: 4

[2023-01-11T23:04:03.882Z] : [info]: 5

[2023-01-11T23:04:04.183Z] : [info]: 6

[2023-01-11T23:04:04.403Z] : [info]: 7

[2023-01-11T23:04:04.626Z] : [info]: 8

[2023-01-11T23:04:04.862Z] : [info]: 9

[2023-01-11T23:04:05.102Z] : [info]: 10

[2023-01-11T23:04:05.883Z] : [info]: 11

[2023-01-11T23:04:55.590Z] : [info]: 11

[2023-01-11T23:04:55.808Z] : [info]: 1

[2023-01-11T23:04:56.010Z] : [info]: 2

[2023-01-11T23:04:56.206Z] : [info]: 3

[2023-01-11T23:04:56.772Z] : [info]: 4

[2023-01-11T23:04:58.371Z] : [info]: 5

[2023-01-11T23:04:58.732Z] : [info]: 6

[2023-01-11T23:04:59.024Z] : [info]: 7

[2023-01-11T23:04:59.271Z] : [info]: 8

[2023-01-11T23:04:59.550Z] : [info]: 9

[2023-01-11T23:04:59.842Z] : [info]: 10

[2023-01-11T23:05:00.565Z] : [info]: 11

[2023-01-11T23:16:41.924Z] : [warn]: Keep in mind that it is good practice to set different names for variables. If a global and a local variable have the same name, the local one may shadow the global one. In case, you want to keep the names alike, we recommend you enable the Clear variables before execution option or add a lowercase “g” to the global one

[2023-01-11T23:19:52.869Z] : [success]: Robot saved successfully

[2023-01-11T23:19:53.259Z] : [success]: Bot started

[2023-01-11T23:19:53.263Z] : [info]: Robot start

[2023-01-11T23:20:50.905Z] : [info]: 11

[2023-01-11T23:20:51.088Z] : [info]: 1

[2023-01-11T23:20:51.297Z] : [info]: 2

[2023-01-11T23:20:51.511Z] : [info]: 3

[2023-01-11T23:20:52.026Z] : [info]: 4

[2023-01-11T23:20:53.540Z] : [info]: 5

[2023-01-11T23:20:53.859Z] : [info]: 6

[2023-01-11T23:20:54.098Z] : [info]: 7

[2023-01-11T23:20:54.304Z] : [info]: 8

[2023-01-11T23:20:54.525Z] : [info]: 9

[2023-01-11T23:20:54.796Z] : [info]: 10

[2023-01-11T23:20:55.559Z] : [info]: 11

[2023-01-11T23:21:39.002Z] : [info]: 11

[2023-01-11T23:21:39.191Z] : [info]: 1

[2023-01-11T23:21:39.443Z] : [info]: 2

[2023-01-11T23:21:39.654Z] : [info]: 3

[2023-01-11T23:21:40.239Z] : [info]: 4

[2023-01-11T23:21:41.859Z] : [info]: 5

[2023-01-11T23:21:42.249Z] : [info]: 6

[2023-01-11T23:21:42.500Z] : [info]: 7

[2023-01-11T23:21:42.667Z] : [info]: 8

[2023-01-11T23:21:42.940Z] : [info]: 9

[2023-01-11T23:21:43.238Z] : [info]: 10

[2023-01-11T23:21:44.139Z] : [info]: 11

[2023-01-11T23:31:18.125Z] : [warn]: Keep in mind that it is good practice to set different names for variables. If a global and a local variable have the same name, the local one may shadow the global one. In case, you want to keep the names alike, we recommend you enable the Clear variables before execution option or add a lowercase “g” to the global one

[2023-01-11T23:49:54.947Z] : [success]: Robot saved successfully

