
  ==========================================
  Studio Pro version: 9.0.5
  Started at: 16/1/2023 16:19:07
  ==========================================
  

[2023-01-16T22:19:24.240Z] : [success]: Robot saved successfully

[2023-01-16T22:20:28.933Z] : [success]: Robot saved successfully


  ==========================================
  Studio Pro version: 9.0.5
  Started at: 17/1/2023 10:45:31
  ==========================================
  


  ==========================================
  Studio Pro version: 9.0.5
  Started at: 17/1/2023 12:44:55
  ==========================================
  

[2023-01-17T18:48:20.375Z] : [success]: Robot saved successfully


  ==========================================
  Studio Pro version: 9.0.5
  Started at: 17/1/2023 13:02:55
  ==========================================
  

[2023-01-17T21:16:38.838Z] : [warn]: There is a small amount of free memory (RAM) left, 95.74% of RAM is being used (15560 MBs). The performance of Studio Pro and bots during execution may be unstable. Close applications that are not being used, increase the memory, or optimize the workflow.

[2023-01-17T21:17:07.577Z] : [success]: Robot saved successfully


  ==========================================
  Studio Pro version: 9.0.5
  Started at: 17/1/2023 15:17:25
  ==========================================
  

