
  ==========================================
  Studio Pro version: 8.7.11
  Started at: 9/1/2023 22:14:17
  ==========================================
  

[2023-01-10T14:49:06.341Z] : [success]: Robot saved successfully

[2023-01-10T14:51:53.600Z] : [success]: Robot saved successfully

[2023-01-10T14:51:54.739Z] : [error]: Cannot read properties of null (reading 'type')

[2023-01-10T14:51:54.745Z] : [error]: Cannot read properties of null (reading 'type')

[2023-01-10T14:51:54.752Z] : [error]: Cannot read properties of null (reading 'type')

[2023-01-10T14:51:54.758Z] : [error]: Cannot read properties of null (reading 'type')

[2023-01-10T14:51:54.765Z] : [error]: Cannot read properties of null (reading 'type')

[2023-01-10T14:51:54.771Z] : [error]: Cannot read properties of null (reading 'type')

[2023-01-10T14:51:54.778Z] : [error]: Cannot read properties of null (reading 'type')

[2023-01-10T14:51:54.785Z] : [error]: Cannot read properties of null (reading 'type')

[2023-01-10T14:51:54.790Z] : [error]: Cannot read properties of null (reading 'type')

[2023-01-10T14:51:54.796Z] : [error]: Cannot read properties of null (reading 'type')

[2023-01-10T14:51:54.801Z] : [error]: Cannot read properties of null (reading 'type')

[2023-01-10T14:51:54.806Z] : [error]: Cannot read properties of null (reading 'type')

[2023-01-10T14:51:54.812Z] : [error]: Cannot read properties of null (reading 'type')

[2023-01-10T14:51:54.816Z] : [error]: Cannot read properties of null (reading 'type')

[2023-01-10T14:51:54.819Z] : [error]: Cannot read properties of null (reading 'type')

[2023-01-10T14:51:54.822Z] : [error]: Cannot read properties of null (reading 'type')

[2023-01-10T14:51:54.825Z] : [error]: Cannot read properties of null (reading 'type')

[2023-01-10T14:51:54.830Z] : [error]: Cannot read properties of null (reading 'type')

[2023-01-10T14:51:54.833Z] : [error]: Cannot read properties of null (reading 'type')

[2023-01-10T14:51:54.857Z] : [error]: Cannot read properties of null (reading 'type')

