
  ==========================================
  Studio Pro version: 8.7.11
  Started at: 10/1/2023 10:06:34
  ==========================================
  

[2023-01-10T16:07:34.821Z] : [success]: Robot saved successfully

[2023-01-10T16:07:41.161Z] : [success]: Robot saved successfully


  ==========================================
  Studio Pro version: 8.7.11
  Started at: 10/1/2023 10:28:08
  ==========================================
  

[2023-01-10T16:30:07.207Z] : [success]: Robot saved successfully


  ==========================================
  Studio Pro version: 8.7.11
  Started at: 10/1/2023 16:51:01
  ==========================================
  


  ==========================================
  Studio Pro version: 8.7.11
  Started at: 10/1/2023 17:07:18
  ==========================================
  

[2023-01-10T23:10:23.835Z] : [success]: Robot saved successfully

[2023-01-10T23:24:10.666Z] : [error]: No elements were found according to your selection. It may happen because of a wrong selector or because the element takes more time to appear on the screen. Try modifying the selector or increasing the element timeout and run the bot again

[2023-01-10T23:24:10.672Z] : [error]: Total execution time: 25s 509ms

[2023-01-10T23:24:10.678Z] : [info]: ---------------------------------------------


  ==========================================
  Studio Pro version: 8.7.11
  Started at: 10/1/2023 17:24:10
  ==========================================
  

[2023-01-10T23:24:30.932Z] : [success]: Robot saved successfully


  ==========================================
  Studio Pro version: 8.7.11
  Started at: 10/1/2023 17:25:23
  ==========================================
  

[2023-01-10T23:26:32.390Z] : [success]: Robot saved successfully

[2023-01-10T23:27:34.236Z] : [error]: No elements were found according to your selection. It may happen because of a wrong selector or because the element takes more time to appear on the screen. Try modifying the selector or increasing the element timeout and run the bot again

[2023-01-10T23:27:34.243Z] : [error]: Total execution time: 19s 952ms

[2023-01-10T23:27:34.249Z] : [info]: ---------------------------------------------


  ==========================================
  Studio Pro version: 8.7.11
  Started at: 10/1/2023 17:27:34
  ==========================================
  

