
  ==========================================
  Studio Pro version: 9.1.4
  Started at: 23/2/2023 13:13:41
  ==========================================
  

[2023-02-23T19:17:12.568Z] : [success]: Robot saved successfully

[2023-02-23T19:17:16.093Z] : [info]: ---------------------------------------------

[2023-02-23T19:17:16.094Z] : [success]: Bot started

[2023-02-23T19:17:16.096Z] : [info]: Robot start

[2023-02-23T19:18:03.057Z] : [error]: Script Stopped.

[2023-02-23T19:18:03.061Z] : [info]: Total execution time: 46s 960ms

[2023-02-23T19:18:03.065Z] : [info]: ---------------------------------------------

[2023-02-23T19:19:56.030Z] : [success]: Robot saved successfully

[2023-02-23T19:19:57.434Z] : [success]: Bot started

[2023-02-23T19:19:57.437Z] : [info]: Robot start

[2023-02-23T19:19:58.816Z] : [success]: Bot finished successfully, total execution time: 1s 377ms

[2023-02-23T19:19:58.818Z] : [info]: ---------------------------------------------

[2023-02-23T19:20:39.610Z] : [success]: Robot saved successfully

[2023-02-23T19:20:41.145Z] : [success]: Bot started

[2023-02-23T19:20:41.146Z] : [info]: Robot start

[2023-02-23T19:21:17.885Z] : [info]: 5

[2023-02-23T19:23:17.864Z] : [info]: 1

[2023-02-23T19:24:21.108Z] : [success]: Bot finished successfully, total execution time: 3m 39s 959ms

[2023-02-23T19:24:21.110Z] : [info]: ---------------------------------------------

[2023-02-23T19:24:50.762Z] : [success]: Robot saved successfully

[2023-02-23T19:24:51.979Z] : [success]: Bot started

[2023-02-23T19:24:51.981Z] : [info]: Robot start

[2023-02-23T19:24:58.662Z] : [info]: 5

[2023-02-23T19:24:59.814Z] : [info]: 1

[2023-02-23T19:25:11.754Z] : [success]: Bot finished successfully, total execution time: 19s 772ms

[2023-02-23T19:25:11.756Z] : [info]: ---------------------------------------------

[2023-02-23T19:25:38.704Z] : [success]: Robot saved successfully

[2023-02-23T19:25:39.981Z] : [success]: Bot started

[2023-02-23T19:25:39.982Z] : [info]: Robot start

[2023-02-23T19:25:46.499Z] : [info]: 5

[2023-02-23T19:25:48.547Z] : [info]: 1

[2023-02-23T19:26:04.541Z] : [info]: 2

[2023-02-23T19:26:05.062Z] : [info]: 3

[2023-02-23T19:26:05.501Z] : [info]: 4

[2023-02-23T19:26:06.711Z] : [info]: 5

[2023-02-23T19:26:17.941Z] : [success]: Bot finished successfully, total execution time: 37s 958ms

[2023-02-23T19:26:17.943Z] : [info]: ---------------------------------------------

[2023-02-23T19:26:43.221Z] : [success]: Robot saved successfully

[2023-02-23T19:28:44.913Z] : [success]: Robot saved successfully

[2023-02-23T19:30:50.485Z] : [success]: Robot saved successfully

[2023-02-23T19:31:11.007Z] : [success]: Robot saved successfully


  ==========================================
  Studio Pro version: 9.1.4
  Started at: 23/2/2023 13:31:24
  ==========================================
  

[2023-02-23T19:32:38.810Z] : [success]: Robot saved successfully

[2023-02-23T19:33:15.491Z] : [success]: Robot saved successfully

