[2023-02-24T22:15:13.299Z] : [error]: Script Stopped.

[2023-02-24T22:15:13.311Z] : [info]: Total execution time: 1m 57s 299ms

[2023-02-24T22:15:13.315Z] : [info]: ---------------------------------------------


  ==========================================
  Studio Pro version: 9.0.5
  Started at: 24/2/2023 15:15:13
  ==========================================
  

[2023-02-24T22:17:39.854Z] : [error]: Script Stopped.

[2023-02-24T22:17:39.860Z] : [info]: Total execution time: 1m 32s 589ms

[2023-02-24T22:17:39.877Z] : [info]: ---------------------------------------------


  ==========================================
  Studio Pro version: 9.0.5
  Started at: 24/2/2023 15:17:40
  ==========================================
  

[2023-02-24T23:05:22.384Z] : [error]: Script Stopped.

[2023-02-24T23:05:22.403Z] : [info]: Total execution time: 1m 48s 507ms

[2023-02-24T23:05:22.407Z] : [info]: ---------------------------------------------


  ==========================================
  Studio Pro version: 9.0.5
  Started at: 24/2/2023 16:05:22
  ==========================================
  


  ==========================================
  Studio Pro version: 9.0.5
  Started at: 24/2/2023 16:05:55
  ==========================================
  

[2023-02-24T23:12:23.317Z] : [error]: Script Stopped.

[2023-02-24T23:12:23.322Z] : [info]: Total execution time: 1m 42s 968ms

[2023-02-24T23:12:23.326Z] : [info]: ---------------------------------------------


  ==========================================
  Studio Pro version: 9.0.5
  Started at: 24/2/2023 16:12:23
  ==========================================
  

[2023-02-24T23:12:37.508Z] : [success]: Robot saved successfully


  ==========================================
  Studio Pro version: 9.0.5
  Started at: 24/2/2023 16:23:37
  ==========================================
  

[2023-02-24T23:24:28.735Z] : [success]: Robot saved successfully

