
  ==========================================
  Studio Pro version: 9.0.5
  Started at: 3/2/2023 19:46:35
  ==========================================
  


  ==========================================
  Studio Pro version: 9.0.5
  Started at: 3/2/2023 19:49:01
  ==========================================
  


  ==========================================
  Studio Pro version: 9.0.5
  Started at: 3/2/2023 19:53:25
  ==========================================
  

[2023-02-04T02:58:30.643Z] : [success]: Robot saved successfully


  ==========================================
  Studio Pro version: 9.0.5
  Started at: 3/2/2023 19:59:32
  ==========================================
  

[2023-02-04T03:03:33.752Z] : [success]: Robot saved successfully


  ==========================================
  Studio Pro version: 9.0.5
  Started at: 3/2/2023 20:06:21
  ==========================================
  


  ==========================================
  Studio Pro version: 9.0.5
  Started at: 3/2/2023 20:19:49
  ==========================================
  

[2023-02-04T03:20:00.323Z] : [success]: Robot saved successfully

[2023-02-04T03:27:46.216Z] : [error]: element_value_carpeta.includes is not a function

[2023-02-04T03:27:46.222Z] : [info]: Total execution time: 23s 239ms

[2023-02-04T03:27:46.226Z] : [info]: ---------------------------------------------


  ==========================================
  Studio Pro version: 9.0.5
  Started at: 3/2/2023 20:27:46
  ==========================================
  


  ==========================================
  Studio Pro version: 9.0.5
  Started at: 3/2/2023 20:29:57
  ==========================================
  

[2023-02-04T03:31:04.794Z] : [info]: 1

[2023-02-04T03:31:24.283Z] : [info]: 2

[2023-02-04T03:31:43.383Z] : [info]: 3

[2023-02-04T04:13:10.865Z] : [info]: 4

[2023-02-04T04:13:17.466Z] : [error]: element_value_carpeta.includes is not a function

[2023-02-04T04:13:17.471Z] : [info]: Total execution time: 43m 39s 916ms

[2023-02-04T04:13:17.475Z] : [info]: ---------------------------------------------

[2023-02-04T04:13:22.529Z] : [success]: Robot saved successfully

[2023-02-04T04:13:22.922Z] : [success]: Bot started

[2023-02-04T04:13:22.927Z] : [info]: Robot start

[2023-02-04T04:13:29.038Z] : [error]: Ubicaciones is not defined

[2023-02-04T04:13:29.044Z] : [info]: Total execution time: 6s 111ms

[2023-02-04T04:13:29.047Z] : [info]: ---------------------------------------------

[2023-02-04T04:14:19.891Z] : [success]: Robot saved successfully

[2023-02-04T04:15:32.703Z] : [error]: element_value_carpeta.includes is not a function

[2023-02-04T04:15:32.709Z] : [info]: Total execution time: 22s 202ms

[2023-02-04T04:15:32.713Z] : [info]: ---------------------------------------------


  ==========================================
  Studio Pro version: 9.0.5
  Started at: 3/2/2023 21:15:33
  ==========================================
  

[2023-02-04T04:17:22.014Z] : [error]: element_value_carpeta.includes is not a function

[2023-02-04T04:17:22.021Z] : [info]: Total execution time: 22s 321ms

[2023-02-04T04:17:22.024Z] : [info]: ---------------------------------------------

[2023-02-04T04:18:01.499Z] : [success]: Robot saved successfully


  ==========================================
  Studio Pro version: 9.0.5
  Started at: 3/2/2023 21:31:31
  ==========================================
  

[2023-02-04T04:31:39.374Z] : [info]: 1

[2023-02-04T04:31:39.752Z] : [info]: 2

[2023-02-04T04:31:40.059Z] : [info]: 3

[2023-02-04T04:31:40.913Z] : [info]: 4

[2023-02-04T04:31:42.042Z] : [info]: 5

[2023-02-04T04:31:42.603Z] : [info]: 6

[2023-02-04T04:31:43.011Z] : [info]: 7

[2023-02-04T04:31:43.288Z] : [info]: 8

[2023-02-04T04:31:43.664Z] : [info]: 9

[2023-02-04T04:31:44.275Z] : [info]: 10

[2023-02-04T04:31:45.368Z] : [info]: 11

[2023-02-04T04:33:52.221Z] : [success]: Robot saved successfully


  ==========================================
  Studio Pro version: 9.0.5
  Started at: 3/2/2023 21:34:09
  ==========================================
  

[2023-02-04T04:34:56.103Z] : [success]: Robot saved successfully

[2023-02-04T04:36:26.742Z] : [info]: 11

[2023-02-04T04:36:27.235Z] : [info]: 1

[2023-02-04T04:36:27.629Z] : [info]: 2

[2023-02-04T04:36:27.969Z] : [info]: 3

[2023-02-04T04:36:28.905Z] : [info]: 4

[2023-02-04T04:36:30.216Z] : [info]: 5

[2023-02-04T04:36:30.778Z] : [info]: 6

[2023-02-04T04:36:31.170Z] : [info]: 7

[2023-02-04T04:36:31.405Z] : [info]: 8

[2023-02-04T04:36:31.733Z] : [info]: 9

[2023-02-04T04:36:32.298Z] : [info]: 10

[2023-02-04T04:36:33.479Z] : [info]: 11

[2023-02-04T04:39:04.898Z] : [info]: 11

[2023-02-04T04:39:05.349Z] : [info]: 1

[2023-02-04T04:39:05.705Z] : [info]: 2

[2023-02-04T04:39:06.105Z] : [info]: 3

[2023-02-04T04:39:06.966Z] : [info]: 4

[2023-02-04T04:39:07.996Z] : [info]: 5

[2023-02-04T04:39:08.530Z] : [info]: 6

[2023-02-04T04:39:08.953Z] : [info]: 7

[2023-02-04T04:39:09.190Z] : [info]: 8

[2023-02-04T04:39:09.581Z] : [info]: 9

[2023-02-04T04:39:10.344Z] : [info]: 10

[2023-02-04T04:39:11.675Z] : [info]: 11


  ==========================================
  Studio Pro version: 9.0.5
  Started at: 3/2/2023 21:58:51
  ==========================================
  

[2023-02-04T05:00:04.527Z] : [info]: 11

[2023-02-04T05:00:04.993Z] : [info]: 1

[2023-02-04T05:00:05.367Z] : [info]: 2

[2023-02-04T05:00:05.757Z] : [info]: 3

[2023-02-04T05:00:06.816Z] : [info]: 4

[2023-02-04T05:00:08.056Z] : [info]: 5

[2023-02-04T05:00:08.584Z] : [info]: 6

[2023-02-04T05:00:08.983Z] : [info]: 7

[2023-02-04T05:00:09.235Z] : [info]: 8

[2023-02-04T05:00:09.608Z] : [info]: 9

[2023-02-04T05:00:09.984Z] : [info]: 10

[2023-02-04T05:00:11.171Z] : [info]: 11

[2023-02-04T05:08:31.406Z] : [success]: Robot saved successfully

