
  ==========================================
  Studio Pro version: 8.7.11
  Started at: 10/1/2023 09:20:11
  ==========================================
  

[2023-01-10T15:21:57.434Z] : [success]: Robot saved successfully

[2023-01-10T15:24:43.372Z] : [success]: Robot saved successfully


  ==========================================
  Studio Pro version: 8.7.11
  Started at: 10/1/2023 09:26:23
  ==========================================
  

[2023-01-10T15:26:40.518Z] : [success]: Robot saved successfully

[2023-01-10T15:27:18.156Z] : [success]: Robot saved successfully


  ==========================================
  Studio Pro version: 8.7.11
  Started at: 10/1/2023 09:33:31
  ==========================================
  

[2023-01-10T15:34:35.246Z] : [success]: Robot saved successfully

[2023-01-10T15:35:25.085Z] : [success]: Robot saved successfully


  ==========================================
  Studio Pro version: 8.7.11
  Started at: 10/1/2023 09:42:45
  ==========================================
  

[2023-01-10T15:43:11.362Z] : [success]: Robot saved successfully

[2023-01-10T15:43:11.667Z] : [error]: Activity parameters required: Send hotkey

[2023-01-10T15:43:11.673Z] : [info]: ---------------------------------------------

[2023-01-10T15:44:47.786Z] : [success]: Robot saved successfully

[2023-01-10T15:44:48.085Z] : [success]: Bot started

[2023-01-10T15:44:48.090Z] : [info]: Robot start

[2023-01-10T15:44:54.274Z] : [error]: Ubicaciones is not defined

[2023-01-10T15:44:54.280Z] : [error]: Total execution time: 6s 184ms

[2023-01-10T15:44:54.284Z] : [info]: ---------------------------------------------

[2023-01-10T15:45:41.990Z] : [success]: Robot saved successfully

[2023-01-10T15:45:42.268Z] : [success]: Bot started

[2023-01-10T15:45:42.273Z] : [info]: Robot start

[2023-01-10T15:45:47.438Z] : [info]: 11

[2023-01-10T15:45:47.626Z] : [info]: 1

[2023-01-10T15:45:47.812Z] : [info]: 2

[2023-01-10T15:45:47.998Z] : [info]: 3

[2023-01-10T15:45:48.522Z] : [info]: 4

[2023-01-10T15:45:50.023Z] : [info]: 5

[2023-01-10T15:45:50.364Z] : [info]: 6

[2023-01-10T15:45:50.593Z] : [info]: 7

[2023-01-10T15:45:50.760Z] : [info]: 8

[2023-01-10T15:45:51.010Z] : [info]: 9

[2023-01-10T15:45:51.248Z] : [info]: 10

[2023-01-10T15:45:52.050Z] : [info]: 11

[2023-01-10T15:45:53.463Z] : [success]: Bot finished successfully, total execution time: 11s 189ms

[2023-01-10T15:45:53.468Z] : [info]: ---------------------------------------------

[2023-01-10T15:46:42.038Z] : [success]: Robot saved successfully

[2023-01-10T15:46:42.310Z] : [success]: Bot started

[2023-01-10T15:46:42.315Z] : [info]: Robot start

[2023-01-10T15:46:47.475Z] : [info]: 11

[2023-01-10T15:46:47.652Z] : [info]: 1

[2023-01-10T15:46:47.802Z] : [info]: 2

[2023-01-10T15:46:47.975Z] : [info]: 3

[2023-01-10T15:46:48.510Z] : [info]: 4

[2023-01-10T15:46:50.012Z] : [info]: 5

[2023-01-10T15:46:50.310Z] : [info]: 6

[2023-01-10T15:46:50.546Z] : [info]: 7

[2023-01-10T15:46:50.730Z] : [info]: 8

[2023-01-10T15:46:50.966Z] : [info]: 9

[2023-01-10T15:46:51.216Z] : [info]: 10

[2023-01-10T15:46:51.941Z] : [info]: 11

[2023-01-10T15:47:02.167Z] : [error]: Script Stopped.

[2023-01-10T15:47:02.173Z] : [warn]: Total execution time: 19s 851ms

[2023-01-10T15:47:02.176Z] : [info]: ---------------------------------------------

[2023-01-10T15:47:28.352Z] : [success]: Robot saved successfully


  ==========================================
  Studio Pro version: 8.7.11
  Started at: 10/1/2023 09:48:20
  ==========================================
  

[2023-01-10T15:48:27.322Z] : [success]: Robot saved successfully


  ==========================================
  Studio Pro version: 8.7.11
  Started at: 10/1/2023 09:48:52
  ==========================================
  

[2023-01-10T15:49:29.251Z] : [success]: Robot saved successfully


  ==========================================
  Studio Pro version: 8.7.11
  Started at: 10/1/2023 10:02:54
  ==========================================
  

[2023-01-10T16:02:56.995Z] : [success]: Robot saved successfully

