
  ==========================================
  Studio Pro version: 9.0.5
  Started at: 3/2/2023 22:38:55
  ==========================================
  

[2023-02-04T05:39:11.432Z] : [success]: Robot saved successfully


  ==========================================
  Studio Pro version: 9.0.5
  Started at: 3/2/2023 23:03:04
  ==========================================
  

[2023-02-04T06:03:09.142Z] : [warn]: Keep in mind that it is good practice to set different names for variables. If a global and a local variable have the same name, the local one may shadow the global one. In case, you want to keep the names alike, we recommend you enable the Clear variables before execution option or add a lowercase “g” to the global one

[2023-02-04T06:03:09.988Z] : [error]: excel_descargado is not defined

[2023-02-04T06:03:09.994Z] : [info]: Total execution time: 1m 3s 205ms

[2023-02-04T06:03:09.997Z] : [info]: ---------------------------------------------

[2023-02-04T06:03:14.250Z] : [success]: Robot saved successfully

[2023-02-04T06:03:14.815Z] : [success]: Bot started

[2023-02-04T06:03:14.820Z] : [info]: Robot start

[2023-02-04T06:03:16.920Z] : [error]: excel_descargado is not defined

[2023-02-04T06:03:16.925Z] : [info]: Total execution time: 2s 100ms

[2023-02-04T06:03:16.929Z] : [info]: ---------------------------------------------

[2023-02-04T06:03:49.257Z] : [error]: excel_descargado is not defined

[2023-02-04T06:03:49.262Z] : [info]: Total execution time: 15s 632ms

[2023-02-04T06:03:49.266Z] : [info]: ---------------------------------------------


  ==========================================
  Studio Pro version: 9.0.5
  Started at: 3/2/2023 23:03:49
  ==========================================
  


  ==========================================
  Studio Pro version: 9.0.5
  Started at: 3/2/2023 23:13:53
  ==========================================
  

[2023-02-04T06:14:13.566Z] : [success]: Robot saved successfully

[2023-02-04T06:15:08.438Z] : [error]: excel_descargado.map is not a function

[2023-02-04T06:15:08.444Z] : [info]: Total execution time: 15s 926ms

[2023-02-04T06:15:08.448Z] : [info]: ---------------------------------------------


  ==========================================
  Studio Pro version: 9.0.5
  Started at: 3/2/2023 23:15:08
  ==========================================
  


  ==========================================
  Studio Pro version: 9.0.5
  Started at: 3/2/2023 23:19:49
  ==========================================
  

[2023-02-04T06:19:55.701Z] : [warn]: Keep in mind that it is good practice to set different names for variables. If a global and a local variable have the same name, the local one may shadow the global one. In case, you want to keep the names alike, we recommend you enable the Clear variables before execution option or add a lowercase “g” to the global one

[2023-02-04T06:19:56.677Z] : [error]: excel_descargado is not defined

[2023-02-04T06:19:56.682Z] : [info]: Total execution time: 45s 351ms

[2023-02-04T06:19:56.729Z] : [info]: ---------------------------------------------

[2023-02-04T06:20:21.860Z] : [success]: Robot saved successfully

[2023-02-04T06:20:25.530Z] : [success]: Robot saved successfully


  ==========================================
  Studio Pro version: 9.0.5
  Started at: 3/2/2023 23:21:22
  ==========================================
  

[2023-02-04T06:22:54.528Z] : [success]: Robot saved successfully


  ==========================================
  Studio Pro version: 9.0.5
  Started at: 3/2/2023 23:29:14
  ==========================================
  

[2023-02-04T06:30:40.007Z] : [success]: Robot saved successfully


  ==========================================
  Studio Pro version: 9.0.5
  Started at: 3/2/2023 23:31:30
  ==========================================
  


  ==========================================
  Studio Pro version: 9.0.5
  Started at: 3/2/2023 23:56:36
  ==========================================
  

[2023-02-04T07:09:34.484Z] : [success]: Robot saved successfully


  ==========================================
  Studio Pro version: 9.0.5
  Started at: 4/2/2023 00:26:10
  ==========================================
  

[2023-02-04T07:28:02.728Z] : [success]: Robot saved successfully

[2023-02-04T07:36:44.794Z] : [success]: Robot saved successfully

[2023-02-04T07:36:45.175Z] : [success]: Bot started

[2023-02-04T07:36:45.180Z] : [info]: Robot start

[2023-02-04T07:36:47.310Z] : [success]: Bot finished successfully, total execution time: 2s 129ms

[2023-02-04T07:36:47.314Z] : [info]: ---------------------------------------------

[2023-02-04T07:38:10.208Z] : [success]: Robot saved successfully

[2023-02-04T07:38:10.644Z] : [success]: Bot started

[2023-02-04T07:38:10.648Z] : [info]: Robot start

[2023-02-04T07:38:12.765Z] : [success]: Bot finished successfully, total execution time: 2s 116ms

[2023-02-04T07:38:12.770Z] : [info]: ---------------------------------------------

[2023-02-04T07:45:00.975Z] : [success]: Robot saved successfully

[2023-02-04T07:45:01.374Z] : [success]: Bot started

[2023-02-04T07:45:01.379Z] : [info]: Robot start

[2023-02-04T07:45:03.467Z] : [success]: Bot finished successfully, total execution time: 2s 87ms

[2023-02-04T07:45:03.473Z] : [info]: ---------------------------------------------

[2023-02-04T07:51:24.046Z] : [success]: Robot saved successfully

[2023-02-04T07:51:24.429Z] : [success]: Bot started

[2023-02-04T07:51:24.433Z] : [info]: Robot start

[2023-02-04T07:51:26.560Z] : [success]: Bot finished successfully, total execution time: 2s 126ms

[2023-02-04T07:51:26.564Z] : [info]: ---------------------------------------------

[2023-02-04T07:52:14.882Z] : [success]: Robot saved successfully

[2023-02-04T07:52:15.290Z] : [success]: Bot started

[2023-02-04T07:52:15.297Z] : [info]: Robot start

[2023-02-04T07:52:17.387Z] : [success]: Bot finished successfully, total execution time: 2s 90ms

[2023-02-04T07:52:17.392Z] : [info]: ---------------------------------------------

[2023-02-04T07:54:47.448Z] : [success]: Robot saved successfully

[2023-02-04T07:54:48.229Z] : [success]: Bot started

[2023-02-04T07:54:48.233Z] : [info]: Robot start

[2023-02-04T07:54:50.342Z] : [success]: Bot finished successfully, total execution time: 2s 108ms

[2023-02-04T07:54:50.347Z] : [info]: ---------------------------------------------

[2023-02-04T07:55:42.398Z] : [success]: Robot saved successfully

[2023-02-04T07:55:42.949Z] : [success]: Bot started

[2023-02-04T07:55:42.954Z] : [info]: Robot start

[2023-02-04T07:55:45.051Z] : [success]: Bot finished successfully, total execution time: 2s 96ms

[2023-02-04T07:55:45.055Z] : [info]: ---------------------------------------------

[2023-02-04T07:59:01.537Z] : [success]: Robot saved successfully

[2023-02-04T07:59:02.011Z] : [success]: Bot started

[2023-02-04T07:59:02.016Z] : [info]: Robot start

[2023-02-04T07:59:04.115Z] : [success]: Bot finished successfully, total execution time: 2s 98ms

[2023-02-04T07:59:04.120Z] : [info]: ---------------------------------------------

[2023-02-04T07:59:23.478Z] : [success]: Robot saved successfully

[2023-02-04T07:59:23.899Z] : [success]: Bot started

[2023-02-04T07:59:23.903Z] : [info]: Robot start

[2023-02-04T07:59:26.002Z] : [success]: Bot finished successfully, total execution time: 2s 99ms

[2023-02-04T07:59:26.007Z] : [info]: ---------------------------------------------

[2023-02-04T07:59:57.766Z] : [success]: Robot saved successfully

[2023-02-04T07:59:58.127Z] : [success]: Bot started

[2023-02-04T07:59:58.132Z] : [info]: Robot start

[2023-02-04T08:00:00.245Z] : [success]: Bot finished successfully, total execution time: 2s 113ms

[2023-02-04T08:00:00.250Z] : [info]: ---------------------------------------------

[2023-02-04T08:01:55.937Z] : [success]: Robot saved successfully

[2023-02-04T08:01:56.407Z] : [success]: Bot started

[2023-02-04T08:01:56.412Z] : [info]: Robot start

[2023-02-04T08:01:58.532Z] : [success]: Bot finished successfully, total execution time: 2s 119ms

[2023-02-04T08:01:58.536Z] : [info]: ---------------------------------------------

[2023-02-04T08:06:50.090Z] : [success]: Robot saved successfully

[2023-02-04T08:06:50.562Z] : [success]: Bot started

[2023-02-04T08:06:50.567Z] : [info]: Robot start

[2023-02-04T08:06:52.676Z] : [success]: Bot finished successfully, total execution time: 2s 108ms

[2023-02-04T08:06:52.680Z] : [info]: ---------------------------------------------

[2023-02-04T08:09:28.331Z] : [success]: Robot saved successfully


  ==========================================
  Studio Pro version: 9.0.5
  Started at: 4/2/2023 01:12:40
  ==========================================
  

[2023-02-04T08:14:07.278Z] : [success]: Robot saved successfully

[2023-02-04T08:14:07.751Z] : [success]: Bot started

[2023-02-04T08:14:07.755Z] : [info]: Robot start

[2023-02-04T08:14:09.659Z] : [warn]: Keep in mind that it is good practice to set different names for variables. If a global and a local variable have the same name, the local one may shadow the global one. In case, you want to keep the names alike, we recommend you enable the Clear variables before execution option or add a lowercase “g” to the global one

[2023-02-04T08:14:09.923Z] : [success]: Bot finished successfully, total execution time: 2s 167ms

[2023-02-04T08:14:09.926Z] : [info]: ---------------------------------------------

[2023-02-04T08:14:47.429Z] : [success]: Robot saved successfully

[2023-02-04T08:14:48.478Z] : [success]: Bot started

[2023-02-04T08:14:48.499Z] : [info]: Robot start

[2023-02-04T08:14:50.829Z] : [success]: Bot finished successfully, total execution time: 2s 329ms

[2023-02-04T08:14:50.833Z] : [info]: ---------------------------------------------

[2023-02-04T08:15:29.814Z] : [success]: Robot saved successfully

[2023-02-04T08:15:30.245Z] : [success]: Bot started

[2023-02-04T08:15:30.249Z] : [info]: Robot start

[2023-02-04T08:15:32.352Z] : [success]: Bot finished successfully, total execution time: 2s 103ms

[2023-02-04T08:15:32.358Z] : [info]: ---------------------------------------------

[2023-02-04T08:16:06.987Z] : [success]: Robot saved successfully

[2023-02-04T08:16:07.924Z] : [success]: Bot started

[2023-02-04T08:16:07.929Z] : [info]: Robot start

[2023-02-04T08:16:09.950Z] : [warn]: Keep in mind that it is good practice to set different names for variables. If a global and a local variable have the same name, the local one may shadow the global one. In case, you want to keep the names alike, we recommend you enable the Clear variables before execution option or add a lowercase “g” to the global one

[2023-02-04T08:16:10.247Z] : [success]: Bot finished successfully, total execution time: 2s 318ms

[2023-02-04T08:16:10.252Z] : [info]: ---------------------------------------------

[2023-02-04T08:16:56.916Z] : [success]: Robot saved successfully

[2023-02-04T08:16:57.378Z] : [success]: Bot started

[2023-02-04T08:16:57.383Z] : [info]: Robot start

[2023-02-04T08:16:59.497Z] : [success]: Bot finished successfully, total execution time: 2s 113ms

[2023-02-04T08:16:59.502Z] : [info]: ---------------------------------------------

[2023-02-04T08:17:38.572Z] : [success]: Robot saved successfully

[2023-02-04T08:17:45.759Z] : [success]: Robot saved successfully


  ==========================================
  Studio Pro version: 9.0.5
  Started at: 6/2/2023 10:41:30
  ==========================================
  

[2023-02-06T17:42:46.283Z] : [success]: Robot saved successfully

[2023-02-06T17:42:47.197Z] : [info]: ---------------------------------------------

[2023-02-06T17:42:47.200Z] : [success]: Bot started

[2023-02-06T17:42:47.205Z] : [info]: Robot start

[2023-02-06T17:42:49.559Z] : [success]: Bot finished successfully, total execution time: 2s 353ms

[2023-02-06T17:42:49.573Z] : [info]: ---------------------------------------------

[2023-02-06T17:46:20.227Z] : [success]: Robot saved successfully

[2023-02-06T17:46:20.964Z] : [success]: Bot started

[2023-02-06T17:46:20.968Z] : [info]: Robot start

[2023-02-06T17:46:23.226Z] : [success]: Bot finished successfully, total execution time: 2s 257ms

[2023-02-06T17:46:23.230Z] : [info]: ---------------------------------------------

[2023-02-06T17:46:43.464Z] : [success]: Robot saved successfully

[2023-02-06T17:46:43.923Z] : [success]: Bot started

[2023-02-06T17:46:43.928Z] : [info]: Robot start

[2023-02-06T17:46:46.063Z] : [error]: Unexpected token '='

[2023-02-06T17:46:46.069Z] : [info]: Total execution time: 2s 134ms

[2023-02-06T17:46:46.073Z] : [info]: ---------------------------------------------

[2023-02-06T17:48:27.511Z] : [success]: Robot saved successfully

[2023-02-06T17:48:28.257Z] : [success]: Bot started

[2023-02-06T17:48:28.262Z] : [info]: Robot start

[2023-02-06T17:48:30.519Z] : [success]: Bot finished successfully, total execution time: 2s 256ms

[2023-02-06T17:48:30.524Z] : [info]: ---------------------------------------------

[2023-02-06T17:48:49.049Z] : [success]: Robot saved successfully

[2023-02-06T17:48:54.041Z] : [success]: Robot saved successfully

