
  ==========================================
  Studio Pro version: 9.0.5
  Started at: 19/1/2023 12:05:27
  ==========================================
  

[2023-01-19T18:08:44.026Z] : [success]: Robot saved successfully


  ==========================================
  Studio Pro version: 9.0.5
  Started at: 19/1/2023 16:33:12
  ==========================================
  

[2023-01-19T22:33:49.132Z] : [success]: Robot saved successfully

[2023-01-19T22:33:49.562Z] : [success]: Bot started

[2023-01-19T22:33:49.566Z] : [info]: Robot start

[2023-01-19T22:33:51.760Z] : [success]: Bot finished successfully, total execution time: 2s 193ms

[2023-01-19T22:33:51.764Z] : [info]: ---------------------------------------------

[2023-01-19T22:34:22.891Z] : [success]: Robot saved successfully

[2023-01-19T22:34:33.779Z] : [success]: Robot saved successfully


  ==========================================
  Studio Pro version: 9.0.5
  Started at: 19/1/2023 18:22:15
  ==========================================
  

