[2023-02-15T16:44:23.942Z] : [error]: clipboard_content is not defined

[2023-02-15T16:44:23.948Z] : [info]: Total execution time: 3m 43s 972ms

[2023-02-15T16:44:23.950Z] : [info]: ---------------------------------------------


  ==========================================
  Studio Pro version: 9.1.4
  Started at: 15/2/2023, 10:44:24
  ==========================================
  

[2023-02-15T16:45:48.590Z] : [success]: Robot saved successfully

[2023-02-15T16:49:57.214Z] : [error]: clipboard_content is not defined

[2023-02-15T16:49:57.222Z] : [info]: Total execution time: 3m 53s 862ms

[2023-02-15T16:49:57.223Z] : [info]: ---------------------------------------------


  ==========================================
  Studio Pro version: 9.1.4
  Started at: 15/2/2023, 10:51:38
  ==========================================
  

[2023-02-15T17:15:39.286Z] : [error]: clipboard_content is not defined

[2023-02-15T17:15:39.288Z] : [info]: Total execution time: 3m 2s 74ms

[2023-02-15T17:15:39.289Z] : [info]: ---------------------------------------------


  ==========================================
  Studio Pro version: 9.1.4
  Started at: 15/2/2023, 11:15:40
  ==========================================
  

[2023-02-15T17:26:54.300Z] : [error]: clipboard_content is not defined

[2023-02-15T17:26:54.306Z] : [info]: Total execution time: 2m 58s 67ms

[2023-02-15T17:26:54.308Z] : [info]: ---------------------------------------------


  ==========================================
  Studio Pro version: 9.1.4
  Started at: 15/2/2023, 11:26:55
  ==========================================
  

