
  ==========================================
  Studio Pro version: 9.0.5
  Started at: 3/2/2023 20:12:27
  ==========================================
  


  ==========================================
  Studio Pro version: 9.0.5
  Started at: 3/2/2023 21:55:42
  ==========================================
  


  ==========================================
  Studio Pro version: 9.0.5
  Started at: 3/2/2023 22:04:03
  ==========================================
  

[2023-02-04T05:08:09.592Z] : [success]: Robot saved successfully


  ==========================================
  Studio Pro version: 9.0.5
  Started at: 3/2/2023 22:41:27
  ==========================================
  

[2023-02-04T05:43:22.496Z] : [success]: Robot saved successfully

[2023-02-04T05:43:22.935Z] : [info]: ---------------------------------------------

[2023-02-04T05:43:22.940Z] : [success]: Bot started

[2023-02-04T05:43:22.944Z] : [info]: Robot start

[2023-02-04T05:43:25.086Z] : [success]: Bot finished successfully, total execution time: 2s 141ms

[2023-02-04T05:43:25.092Z] : [info]: ---------------------------------------------

[2023-02-04T05:43:50.542Z] : [success]: Robot saved successfully

[2023-02-04T05:43:50.887Z] : [success]: Bot started

[2023-02-04T05:43:50.892Z] : [info]: Robot start

[2023-02-04T05:43:52.971Z] : [success]: Bot finished successfully, total execution time: 2s 78ms

[2023-02-04T05:43:52.976Z] : [info]: ---------------------------------------------

[2023-02-04T05:44:12.927Z] : [success]: Bot started

[2023-02-04T05:44:12.930Z] : [info]: Robot start

[2023-02-04T05:44:15.027Z] : [success]: Bot finished successfully, total execution time: 2s 96ms

[2023-02-04T05:44:15.032Z] : [info]: ---------------------------------------------

[2023-02-04T05:50:20.699Z] : [success]: Robot saved successfully

[2023-02-04T05:50:21.175Z] : [success]: Bot started

[2023-02-04T05:50:21.179Z] : [info]: Robot start

[2023-02-04T05:50:23.286Z] : [success]: Bot finished successfully, total execution time: 2s 106ms

[2023-02-04T05:50:23.290Z] : [info]: ---------------------------------------------

[2023-02-04T05:51:09.962Z] : [success]: Robot saved successfully

[2023-02-04T05:51:10.407Z] : [success]: Bot started

[2023-02-04T05:51:10.411Z] : [info]: Robot start

[2023-02-04T05:51:12.520Z] : [success]: Bot finished successfully, total execution time: 2s 109ms

[2023-02-04T05:51:12.525Z] : [info]: ---------------------------------------------

[2023-02-04T05:51:23.351Z] : [success]: Bot started

[2023-02-04T05:51:23.356Z] : [info]: Robot start

[2023-02-04T05:51:25.473Z] : [success]: Bot finished successfully, total execution time: 2s 117ms

[2023-02-04T05:51:25.481Z] : [info]: ---------------------------------------------

[2023-02-04T05:52:08.595Z] : [success]: Robot saved successfully

[2023-02-04T05:52:19.610Z] : [success]: Bot started

[2023-02-04T05:52:19.616Z] : [info]: Robot start

[2023-02-04T05:52:21.718Z] : [success]: Bot finished successfully, total execution time: 2s 101ms

[2023-02-04T05:52:21.723Z] : [info]: ---------------------------------------------

[2023-02-04T05:55:35.809Z] : [success]: Robot saved successfully

[2023-02-04T05:55:36.195Z] : [success]: Bot started

[2023-02-04T05:55:36.202Z] : [info]: Robot start

[2023-02-04T05:55:38.290Z] : [success]: Bot finished successfully, total execution time: 2s 87ms

[2023-02-04T05:55:38.294Z] : [info]: ---------------------------------------------

[2023-02-04T05:56:20.987Z] : [success]: Robot saved successfully

[2023-02-04T05:57:04.191Z] : [success]: Robot saved successfully


  ==========================================
  Studio Pro version: 9.0.5
  Started at: 3/2/2023 23:06:41
  ==========================================
  


  ==========================================
  Studio Pro version: 9.0.5
  Started at: 3/2/2023 23:59:22
  ==========================================
  


  ==========================================
  Studio Pro version: 9.0.5
  Started at: 4/2/2023 00:00:47
  ==========================================
  

