
  ==========================================
  Studio Pro version: 9.0.5
  Started at: 24/2/2023 13:40:04
  ==========================================
  

[2023-02-24T20:40:38.538Z] : [success]: Robot saved successfully


  ==========================================
  Studio Pro version: 9.0.5
  Started at: 24/2/2023 14:06:18
  ==========================================
  

[2023-02-24T21:07:21.771Z] : [success]: Robot saved successfully

[2023-02-24T21:07:22.332Z] : [info]: ---------------------------------------------

[2023-02-24T21:07:22.336Z] : [success]: Bot started

[2023-02-24T21:07:22.340Z] : [info]: Robot start

[2023-02-24T21:07:30.193Z] : [success]: Bot finished successfully, total execution time: 7s 852ms

[2023-02-24T21:07:30.210Z] : [info]: ---------------------------------------------

[2023-02-24T21:07:52.252Z] : [success]: Bot started

[2023-02-24T21:07:52.257Z] : [info]: Robot start

[2023-02-24T21:07:57.389Z] : [success]: Bot finished successfully, total execution time: 5s 130ms

[2023-02-24T21:07:57.412Z] : [info]: ---------------------------------------------

[2023-02-24T21:08:14.599Z] : [success]: Robot saved successfully

[2023-02-24T21:08:15.113Z] : [success]: Bot started

[2023-02-24T21:08:15.117Z] : [info]: Robot start

[2023-02-24T21:08:42.871Z] : [error]: Script Stopped.

[2023-02-24T21:08:42.878Z] : [info]: Total execution time: 27s 754ms

[2023-02-24T21:08:42.895Z] : [info]: ---------------------------------------------

[2023-02-24T21:09:10.435Z] : [success]: Robot saved successfully

[2023-02-24T21:09:10.932Z] : [success]: Bot started

[2023-02-24T21:09:10.937Z] : [info]: Robot start

[2023-02-24T21:09:14.039Z] : [success]: Bot finished successfully, total execution time: 3s 101ms

[2023-02-24T21:09:14.045Z] : [info]: ---------------------------------------------

[2023-02-24T21:09:23.185Z] : [success]: Robot saved successfully

[2023-02-24T21:09:23.757Z] : [success]: Bot started

[2023-02-24T21:09:23.762Z] : [info]: Robot start

[2023-02-24T21:10:19.681Z] : [error]: Script Stopped.

[2023-02-24T21:10:19.694Z] : [info]: Total execution time: 55s 919ms

[2023-02-24T21:10:19.713Z] : [info]: ---------------------------------------------

[2023-02-24T21:10:50.839Z] : [success]: Robot saved successfully

[2023-02-24T21:10:51.332Z] : [success]: Bot started

[2023-02-24T21:10:51.339Z] : [info]: Robot start

[2023-02-24T21:11:00.643Z] : [success]: Bot finished successfully, total execution time: 9s 303ms

[2023-02-24T21:11:00.660Z] : [info]: ---------------------------------------------

[2023-02-24T21:14:20.072Z] : [success]: Robot saved successfully

[2023-02-24T21:14:23.199Z] : [success]: Bot started

[2023-02-24T21:14:23.204Z] : [info]: Robot start

[2023-02-24T21:14:25.310Z] : [success]: Bot finished successfully, total execution time: 2s 104ms

[2023-02-24T21:14:25.317Z] : [info]: ---------------------------------------------

[2023-02-24T21:14:43.650Z] : [success]: Robot saved successfully


  ==========================================
  Studio Pro version: 9.0.5
  Started at: 24/2/2023 15:28:23
  ==========================================
  

