
  ==========================================
  Studio Pro version: 9.0.4
  Started at: 2/1/2023 19:43:27
  ==========================================
  

[2023-01-03T01:56:31.667Z] : [success]: Robot saved successfully

[2023-01-03T01:59:11.660Z] : [success]: Robot saved successfully

[2023-01-03T02:00:06.288Z] : [success]: Robot saved successfully

[2023-01-03T02:00:06.813Z] : [info]: ---------------------------------------------

[2023-01-03T02:00:06.824Z] : [success]: Bot started

[2023-01-03T02:00:06.836Z] : [info]: Robot start

[2023-01-03T02:02:59.847Z] : [success]: Robot saved successfully

[2023-01-03T02:03:08.401Z] : [success]: Bot started

[2023-01-03T02:03:08.410Z] : [info]: Robot start

[2023-01-03T02:03:38.677Z] : [error]: Script Stopped.

[2023-01-03T02:03:38.686Z] : [info]: Total execution time: 30s 267ms

[2023-01-03T02:03:38.697Z] : [info]: ---------------------------------------------

[2023-01-03T02:03:56.902Z] : [success]: Robot saved successfully

[2023-01-03T02:03:57.349Z] : [success]: Bot started

[2023-01-03T02:03:57.356Z] : [info]: Robot start

[2023-01-03T02:04:44.756Z] : [success]: Bot finished successfully, total execution time: 47s 398ms

[2023-01-03T02:04:44.763Z] : [info]: ---------------------------------------------

[2023-01-03T02:06:13.366Z] : [success]: Robot saved successfully

[2023-01-03T02:06:13.785Z] : [success]: Bot started

[2023-01-03T02:06:13.790Z] : [info]: Robot start

[2023-01-03T02:06:18.971Z] : [success]: Bot finished successfully, total execution time: 5s 180ms

[2023-01-03T02:06:18.979Z] : [info]: ---------------------------------------------

[2023-01-03T02:06:54.538Z] : [success]: Bot started

[2023-01-03T02:06:54.546Z] : [info]: Robot start

[2023-01-03T02:06:59.756Z] : [success]: Bot finished successfully, total execution time: 5s 208ms

[2023-01-03T02:06:59.764Z] : [info]: ---------------------------------------------

[2023-01-03T02:07:21.194Z] : [success]: Bot started

[2023-01-03T02:07:21.206Z] : [info]: Robot start


  ==========================================
  Studio Pro version: 9.0.4
  Started at: 2/1/2023 20:08:01
  ==========================================
  

[2023-01-03T02:08:27.102Z] : [success]: Robot saved successfully

[2023-01-03T02:08:27.578Z] : [success]: Bot started

[2023-01-03T02:08:27.583Z] : [info]: Robot start

[2023-01-03T02:08:42.476Z] : [success]: Bot finished successfully, total execution time: 14s 890ms

[2023-01-03T02:08:42.484Z] : [info]: ---------------------------------------------

[2023-01-03T02:10:10.394Z] : [success]: Robot saved successfully

[2023-01-03T02:10:30.902Z] : [success]: Robot saved successfully

[2023-01-03T02:10:31.244Z] : [success]: Bot started

[2023-01-03T02:10:31.251Z] : [info]: Robot start

[2023-01-03T02:10:36.507Z] : [success]: Bot finished successfully, total execution time: 5s 255ms

[2023-01-03T02:10:36.514Z] : [info]: ---------------------------------------------

[2023-01-03T02:10:42.660Z] : [success]: Robot saved successfully

