[2023-01-10T19:53:19.744Z] : [success]: Robot saved successfully

[2023-01-10T19:53:20.093Z] : [success]: Bot started

[2023-01-10T19:53:20.096Z] : [info]: Robot start

[2023-01-10T19:53:21.275Z] : [success]: Bot finished successfully, total execution time: 1s 178ms

[2023-01-10T19:53:21.279Z] : [info]: ---------------------------------------------

[2023-01-10T19:53:52.373Z] : [success]: Robot saved successfully

[2023-01-10T19:53:52.651Z] : [success]: Bot started

[2023-01-10T19:53:52.655Z] : [info]: Robot start

[2023-01-10T19:53:53.764Z] : [success]: Bot finished successfully, total execution time: 1s 108ms

[2023-01-10T19:53:53.768Z] : [info]: ---------------------------------------------

[2023-01-10T19:54:49.080Z] : [success]: Robot saved successfully

[2023-01-10T19:54:49.411Z] : [success]: Bot started

[2023-01-10T19:54:49.415Z] : [info]: Robot start

[2023-01-10T19:54:50.733Z] : [success]: Bot finished successfully, total execution time: 1s 318ms

[2023-01-10T19:54:50.739Z] : [info]: ---------------------------------------------

[2023-01-10T19:55:19.903Z] : [success]: Robot saved successfully

[2023-01-10T19:55:20.306Z] : [success]: Bot started

[2023-01-10T19:55:20.311Z] : [info]: Robot start

[2023-01-10T19:55:21.447Z] : [error]: directory doesn't exist

[2023-01-10T19:55:21.452Z] : [error]: Total execution time: 1s 135ms

[2023-01-10T19:55:21.455Z] : [info]: ---------------------------------------------

[2023-01-10T19:57:07.550Z] : [success]: Robot saved successfully

[2023-01-10T19:57:07.835Z] : [success]: Bot started

[2023-01-10T19:57:07.839Z] : [info]: Robot start

[2023-01-10T19:57:08.653Z] : [info]: G:\Mi unidad\BOTGET\5. PoC\PANDOTEK\3. Desarrollo\CONTABILIDAD\NOMBRE COMPLETO DE CLIENTE\EJERCICIO 2022\GASTOS\09 SEP

[2023-01-10T19:57:08.961Z] : [error]: directory doesn't exist

[2023-01-10T19:57:08.966Z] : [error]: Total execution time: 1s 121ms

[2023-01-10T19:57:08.970Z] : [info]: ---------------------------------------------

[2023-01-10T19:57:36.669Z] : [success]: Robot saved successfully

[2023-01-10T19:57:37.337Z] : [success]: Bot started

[2023-01-10T19:57:37.342Z] : [info]: Robot start

[2023-01-10T19:57:38.124Z] : [info]: G:\Mi unidad\BOTGET\5. PoC\PANDOTEK\3. Desarrollo\CONTABILIDAD\NOMBRE COMPLETO DE CLIENTE\EJERCICIO 2022\GASTOS\09 SEP

[2023-01-10T19:57:38.493Z] : [error]: directory doesn't exist

[2023-01-10T19:57:38.498Z] : [error]: Total execution time: 1s 151ms

[2023-01-10T19:57:38.502Z] : [info]: ---------------------------------------------

[2023-01-10T19:58:12.755Z] : [success]: Robot saved successfully

[2023-01-10T19:58:13.061Z] : [success]: Bot started

[2023-01-10T19:58:13.066Z] : [info]: Robot start

[2023-01-10T19:58:13.813Z] : [info]: G:\Mi unidad\BOTGET\5. PoC\PANDOTEK\3. Desarrollo\CONTABILIDAD\NOMBRE COMPLETO DE CLIENTE\EJERCICIO 2022\GASTOS\09 SEP

[2023-01-10T19:58:14.197Z] : [success]: Bot finished successfully, total execution time: 1s 130ms

[2023-01-10T19:58:14.203Z] : [info]: ---------------------------------------------

[2023-01-10T19:58:52.385Z] : [success]: Robot saved successfully

[2023-01-10T19:58:52.671Z] : [success]: Bot started

[2023-01-10T19:58:52.675Z] : [info]: Robot start

[2023-01-10T19:58:53.480Z] : [info]: G:\Mi unidad\BOTGET\5. PoC\PANDOTEK\3. Desarrollo\CONTABILIDAD\NOMBRE COMPLETO DE CLIENTE\EJERCICIO 2022\GASTOS\09 SEP

[2023-01-10T19:58:53.822Z] : [error]: directory doesn't exist

[2023-01-10T19:58:53.827Z] : [error]: Total execution time: 1s 147ms

[2023-01-10T19:58:53.830Z] : [info]: ---------------------------------------------

[2023-01-10T20:00:26.859Z] : [success]: Bot started

[2023-01-10T20:00:26.864Z] : [info]: Robot start

[2023-01-10T20:00:27.658Z] : [info]: G:\Mi unidad\BOTGET\5. PoC\PANDOTEK\3. Desarrollo\CONTABILIDAD\NOMBRE COMPLETO DE CLIENTE\EJERCICIO 2022\GASTOS\09 SEP

[2023-01-10T20:00:27.989Z] : [success]: Bot finished successfully, total execution time: 1s 124ms

[2023-01-10T20:00:27.994Z] : [info]: ---------------------------------------------

[2023-01-10T20:03:07.436Z] : [success]: Robot saved successfully

[2023-01-10T20:03:07.926Z] : [success]: Bot started

[2023-01-10T20:03:07.930Z] : [info]: Robot start

[2023-01-10T20:03:08.709Z] : [info]: G:\Mi unidad\BOTGET\5. PoC\PANDOTEK\3. Desarrollo\CONTABILIDAD\NOMBRE COMPLETO DE CLIENTE\EJERCICIO 2022\GASTOS\09 SEP

[2023-01-10T20:03:14.119Z] : [success]: Bot finished successfully, total execution time: 6s 188ms

[2023-01-10T20:03:14.124Z] : [info]: ---------------------------------------------

[2023-01-10T20:03:46.553Z] : [success]: Robot saved successfully

[2023-01-10T20:03:46.880Z] : [success]: Bot started

[2023-01-10T20:03:46.884Z] : [info]: Robot start

[2023-01-10T20:03:47.632Z] : [info]: G:\Mi unidad\BOTGET\5. PoC\PANDOTEK\3. Desarrollo\CONTABILIDAD\NOMBRE COMPLETO DE CLIENTE\EJERCICIO 2022\GASTOS\09 SEP

[2023-01-10T20:03:48.018Z] : [error]: Invalid or unexpected token

[2023-01-10T20:03:48.024Z] : [error]: Total execution time: 1s 134ms

[2023-01-10T20:03:48.028Z] : [info]: ---------------------------------------------

[2023-01-10T20:04:21.976Z] : [success]: Robot saved successfully

[2023-01-10T20:04:22.270Z] : [success]: Bot started

[2023-01-10T20:04:22.275Z] : [info]: Robot start

[2023-01-10T20:04:23.034Z] : [info]: G:\Mi unidad\BOTGET\5. PoC\PANDOTEK\3. Desarrollo\CONTABILIDAD\NOMBRE COMPLETO DE CLIENTE\EJERCICIO 2022\GASTOS\09 SEP

[2023-01-10T20:04:29.490Z] : [success]: Bot finished successfully, total execution time: 7s 215ms

[2023-01-10T20:04:29.495Z] : [info]: ---------------------------------------------

[2023-01-10T20:05:36.489Z] : [success]: Robot saved successfully

[2023-01-10T20:05:36.783Z] : [success]: Bot started

[2023-01-10T20:05:36.787Z] : [info]: Robot start

[2023-01-10T20:05:37.550Z] : [info]: G:\Mi unidad\BOTGET\5. PoC\PANDOTEK\3. Desarrollo\CONTABILIDAD\NOMBRE COMPLETO DE CLIENTE\EJERCICIO 2022\GASTOS\09 SEP

[2023-01-10T20:05:40.934Z] : [success]: Bot finished successfully, total execution time: 4s 146ms

[2023-01-10T20:05:40.937Z] : [info]: ---------------------------------------------

[2023-01-10T20:06:07.419Z] : [success]: Robot saved successfully

[2023-01-10T20:06:07.732Z] : [success]: Bot started

[2023-01-10T20:06:07.737Z] : [info]: Robot start

[2023-01-10T20:06:08.506Z] : [info]: G:\Mi unidad\BOTGET\5. PoC\PANDOTEK\3. Desarrollo\CONTABILIDAD\NOMBRE COMPLETO DE CLIENTE\EJERCICIO 2022\GASTOS\09 SEP

[2023-01-10T20:06:08.889Z] : [success]: Bot finished successfully, total execution time: 1s 151ms

[2023-01-10T20:06:08.894Z] : [info]: ---------------------------------------------

[2023-01-10T20:12:18.963Z] : [success]: Robot saved successfully

[2023-01-10T20:12:19.300Z] : [success]: Bot started

[2023-01-10T20:12:19.305Z] : [info]: Robot start

[2023-01-10T20:12:20.103Z] : [info]: G:\Mi unidad\BOTGET\5. PoC\PANDOTEK\3. Desarrollo\CONTABILIDAD\NOMBRE COMPLETO DE CLIENTE\EJERCICIO 2022\GASTOS\09 SEP

[2023-01-10T20:12:20.422Z] : [success]: Bot finished successfully, total execution time: 1s 116ms

[2023-01-10T20:12:20.427Z] : [info]: ---------------------------------------------

[2023-01-10T20:12:44.135Z] : [success]: Robot saved successfully

[2023-01-10T20:12:44.477Z] : [success]: Bot started

[2023-01-10T20:12:44.481Z] : [info]: Robot start

[2023-01-10T20:12:45.289Z] : [info]: G:\Mi unidad\BOTGET\5. PoC\PANDOTEK\3. Desarrollo\CONTABILIDAD\NOMBRE COMPLETO DE CLIENTE\EJERCICIO 2022\GASTOS\09 SEP

[2023-01-10T20:12:45.615Z] : [success]: Bot finished successfully, total execution time: 1s 133ms

[2023-01-10T20:12:45.619Z] : [info]: ---------------------------------------------

[2023-01-10T20:13:37.916Z] : [success]: Robot saved successfully

[2023-01-10T20:13:38.219Z] : [success]: Bot started

[2023-01-10T20:13:38.223Z] : [info]: Robot start

[2023-01-10T20:13:39.006Z] : [info]: G:\Mi unidad\BOTGET\5. PoC\PANDOTEK\3. Desarrollo\CONTABILIDAD\NOMBRE COMPLETO DE CLIENTE\EJERCICIO 2022\GASTOS\09 SEP

[2023-01-10T20:13:39.349Z] : [error]: a.toLowerCase(...).includes(...).includes is not a function

[2023-01-10T20:13:39.354Z] : [error]: Total execution time: 1s 125ms

[2023-01-10T20:13:39.358Z] : [info]: ---------------------------------------------

[2023-01-10T20:15:04.281Z] : [success]: Robot saved successfully

[2023-01-10T20:15:04.642Z] : [success]: Bot started

[2023-01-10T20:15:04.646Z] : [info]: Robot start

[2023-01-10T20:15:05.407Z] : [info]: G:\Mi unidad\BOTGET\5. PoC\PANDOTEK\3. Desarrollo\CONTABILIDAD\NOMBRE COMPLETO DE CLIENTE\EJERCICIO 2022\GASTOS\09 SEP

[2023-01-10T20:15:05.763Z] : [success]: Bot finished successfully, total execution time: 1s 116ms

[2023-01-10T20:15:05.768Z] : [info]: ---------------------------------------------

[2023-01-10T20:15:31.494Z] : [success]: Robot saved successfully

[2023-01-10T20:16:37.047Z] : [success]: Robot saved successfully

[2023-01-10T20:16:37.369Z] : [success]: Bot started

[2023-01-10T20:16:37.374Z] : [info]: Robot start

[2023-01-10T20:16:38.208Z] : [info]: G:\Mi unidad\BOTGET\5. PoC\PANDOTEK\3. Desarrollo\CONTABILIDAD\NOMBRE COMPLETO DE CLIENTE\EJERCICIO 2022\GASTOS\09 SEP

[2023-01-10T20:16:38.502Z] : [success]: Bot finished successfully, total execution time: 1s 127ms

[2023-01-10T20:16:38.507Z] : [info]: ---------------------------------------------

[2023-01-10T20:17:29.732Z] : [success]: Robot saved successfully

[2023-01-10T20:17:30.413Z] : [success]: Bot started

[2023-01-10T20:17:30.417Z] : [info]: Robot start

[2023-01-10T20:17:31.202Z] : [info]: G:\Mi unidad\BOTGET\5. PoC\PANDOTEK\3. Desarrollo\CONTABILIDAD\NOMBRE COMPLETO DE CLIENTE\EJERCICIO 2022\GASTOS\09 SEP

[2023-01-10T20:17:31.555Z] : [success]: Bot finished successfully, total execution time: 1s 138ms

[2023-01-10T20:17:31.560Z] : [info]: ---------------------------------------------

[2023-01-10T20:17:45.249Z] : [success]: Robot saved successfully

[2023-01-10T20:17:46.064Z] : [success]: Bot started

[2023-01-10T20:17:46.069Z] : [info]: Robot start

[2023-01-10T20:17:46.848Z] : [info]: G:\Mi unidad\BOTGET\5. PoC\PANDOTEK\3. Desarrollo\CONTABILIDAD\NOMBRE COMPLETO DE CLIENTE\EJERCICIO 2022\GASTOS\09 SEP

[2023-01-10T20:17:47.250Z] : [success]: Bot finished successfully, total execution time: 1s 180ms

[2023-01-10T20:17:47.255Z] : [info]: ---------------------------------------------

[2023-01-10T20:18:04.114Z] : [success]: Robot saved successfully

[2023-01-10T20:18:04.866Z] : [success]: Bot started

[2023-01-10T20:18:04.870Z] : [info]: Robot start

[2023-01-10T20:18:05.660Z] : [info]: G:\Mi unidad\BOTGET\5. PoC\PANDOTEK\3. Desarrollo\CONTABILIDAD\NOMBRE COMPLETO DE CLIENTE\EJERCICIO 2022\GASTOS\09 SEP

[2023-01-10T20:18:06.017Z] : [success]: Bot finished successfully, total execution time: 1s 146ms

[2023-01-10T20:18:06.022Z] : [info]: ---------------------------------------------

[2023-01-10T20:22:58.877Z] : [success]: Robot saved successfully

[2023-01-10T20:22:59.590Z] : [success]: Bot started

[2023-01-10T20:22:59.594Z] : [info]: Robot start

[2023-01-10T20:23:00.405Z] : [info]: G:\Mi unidad\BOTGET\5. PoC\PANDOTEK\3. Desarrollo\CONTABILIDAD\NOMBRE COMPLETO DE CLIENTE\EJERCICIO 2022\GASTOS\09 SEP

[2023-01-10T20:23:00.801Z] : [success]: Bot finished successfully, total execution time: 1s 206ms

[2023-01-10T20:23:00.807Z] : [info]: ---------------------------------------------

[2023-01-10T20:23:59.196Z] : [success]: Robot saved successfully

[2023-01-10T20:23:59.930Z] : [success]: Bot started

[2023-01-10T20:23:59.934Z] : [info]: Robot start

[2023-01-10T20:24:00.723Z] : [info]: G:\Mi unidad\BOTGET\5. PoC\PANDOTEK\3. Desarrollo\CONTABILIDAD\NOMBRE COMPLETO DE CLIENTE\EJERCICIO 2022\GASTOS\09 SEP

[2023-01-10T20:24:01.088Z] : [success]: Bot finished successfully, total execution time: 1s 153ms

[2023-01-10T20:24:01.092Z] : [info]: ---------------------------------------------

[2023-01-10T20:24:25.626Z] : [success]: Bot started

[2023-01-10T20:24:25.631Z] : [info]: Robot start

[2023-01-10T20:24:26.480Z] : [info]: G:\Mi unidad\BOTGET\5. PoC\PANDOTEK\3. Desarrollo\CONTABILIDAD\NOMBRE COMPLETO DE CLIENTE\EJERCICIO 2022\GASTOS\09 SEP

[2023-01-10T20:24:26.776Z] : [error]: Unexpected string

[2023-01-10T20:24:26.781Z] : [error]: Total execution time: 1s 145ms

[2023-01-10T20:24:26.784Z] : [info]: ---------------------------------------------

[2023-01-10T20:25:03.749Z] : [success]: Robot saved successfully

[2023-01-10T20:25:04.188Z] : [success]: Bot started

[2023-01-10T20:25:04.192Z] : [info]: Robot start

[2023-01-10T20:25:05.011Z] : [info]: G:\Mi unidad\BOTGET\5. PoC\PANDOTEK\3. Desarrollo\CONTABILIDAD\NOMBRE COMPLETO DE CLIENTE\EJERCICIO 2022\GASTOS\09 SEP

[2023-01-10T20:25:20.602Z] : [success]: Bot finished successfully, total execution time: 16s 409ms

[2023-01-10T20:25:20.606Z] : [info]: ---------------------------------------------

[2023-01-10T20:25:38.623Z] : [success]: Bot started

[2023-01-10T20:25:38.627Z] : [info]: Robot start

[2023-01-10T20:25:39.449Z] : [info]: G:\Mi unidad\BOTGET\5. PoC\PANDOTEK\3. Desarrollo\CONTABILIDAD\NOMBRE COMPLETO DE CLIENTE\EJERCICIO 2022\GASTOS\09 SEP

[2023-01-10T20:25:39.789Z] : [success]: Bot finished successfully, total execution time: 1s 161ms

[2023-01-10T20:25:39.794Z] : [info]: ---------------------------------------------

[2023-01-10T20:27:09.991Z] : [success]: Robot saved successfully


  ==========================================
  Studio Pro version: 8.7.11
  Started at: 10/1/2023 16:13:10
  ==========================================
  

[2023-01-10T23:10:07.450Z] : [success]: Robot saved successfully

