
  ==========================================
  Studio Pro version: 9.1.4
  Started at: 14/2/2023, 9:59:32
  ==========================================
  

[2023-02-14T16:06:19.181Z] : [error]: Script Stopped.

[2023-02-14T16:06:19.188Z] : [info]: ---------------------------------------------

[2023-02-14T16:08:01.686Z] : [success]: Robot saved successfully

[2023-02-14T16:08:02.624Z] : [success]: Bot started

[2023-02-14T16:08:02.626Z] : [info]: Robot start

[2023-02-14T16:08:07.001Z] : [error]: mes_conciliar is not defined

[2023-02-14T16:08:07.007Z] : [info]: Total execution time: 4s 374ms

[2023-02-14T16:08:07.009Z] : [info]: ---------------------------------------------

[2023-02-14T16:09:24.064Z] : [success]: Robot saved successfully

[2023-02-14T16:09:24.421Z] : [success]: Bot started

[2023-02-14T16:09:24.423Z] : [info]: Robot start

[2023-02-14T16:09:43.420Z] : [error]: Script Stopped.

[2023-02-14T16:09:43.424Z] : [info]: Total execution time: 18s 996ms

[2023-02-14T16:09:43.426Z] : [info]: ---------------------------------------------

[2023-02-14T16:10:06.906Z] : [success]: Robot saved successfully

[2023-02-14T16:10:07.257Z] : [success]: Bot started

[2023-02-14T16:10:07.258Z] : [info]: Robot start

[2023-02-14T16:11:02.875Z] : [error]: Script Stopped.

[2023-02-14T16:11:02.879Z] : [info]: Total execution time: 55s 616ms

[2023-02-14T16:11:02.882Z] : [info]: ---------------------------------------------

[2023-02-14T16:13:16.149Z] : [success]: Robot saved successfully

[2023-02-14T16:13:16.502Z] : [success]: Bot started

[2023-02-14T16:13:16.504Z] : [info]: Robot start

[2023-02-14T16:14:08.194Z] : [error]: Script Stopped.

[2023-02-14T16:14:08.205Z] : [info]: Total execution time: 51s 683ms

[2023-02-14T16:14:08.210Z] : [info]: ---------------------------------------------

[2023-02-14T16:14:26.997Z] : [success]: Robot saved successfully

[2023-02-14T16:14:33.109Z] : [success]: Bot started

[2023-02-14T16:14:33.110Z] : [info]: Robot start

[2023-02-14T16:18:13.792Z] : [error]: Script Stopped.

[2023-02-14T16:18:13.800Z] : [info]: Total execution time: 3m 40s 680ms

[2023-02-14T16:18:13.802Z] : [info]: ---------------------------------------------

[2023-02-14T16:18:18.889Z] : [success]: Bot started

[2023-02-14T16:18:18.890Z] : [info]: Robot start

[2023-02-14T16:18:31.564Z] : [success]: Bot finished successfully, total execution time: 12s 673ms

[2023-02-14T16:18:31.566Z] : [info]: ---------------------------------------------

[2023-02-14T16:18:43.235Z] : [success]: Robot saved successfully

[2023-02-14T16:18:43.726Z] : [success]: Bot started

[2023-02-14T16:18:43.729Z] : [info]: Robot start

[2023-02-14T16:19:08.632Z] : [error]: Script Stopped.

[2023-02-14T16:19:08.635Z] : [info]: Total execution time: 24s 902ms

[2023-02-14T16:19:08.637Z] : [info]: ---------------------------------------------

[2023-02-14T16:19:50.128Z] : [success]: Robot saved successfully

[2023-02-14T16:19:50.599Z] : [success]: Bot started

[2023-02-14T16:19:50.601Z] : [info]: Robot start

[2023-02-14T16:23:20.966Z] : [error]: Script Stopped.

[2023-02-14T16:23:20.971Z] : [info]: Total execution time: 3m 30s 364ms

[2023-02-14T16:23:20.973Z] : [info]: ---------------------------------------------

[2023-02-14T16:23:38.100Z] : [success]: Robot saved successfully

[2023-02-14T16:23:38.965Z] : [success]: Bot started

[2023-02-14T16:23:38.970Z] : [info]: Robot start

[2023-02-14T16:24:03.184Z] : [error]: Script Stopped.

[2023-02-14T16:24:03.189Z] : [info]: Total execution time: 24s 213ms

[2023-02-14T16:24:03.190Z] : [info]: ---------------------------------------------

[2023-02-14T16:24:21.262Z] : [success]: Bot started

[2023-02-14T16:24:21.263Z] : [info]: Robot start

[2023-02-14T16:24:34.031Z] : [error]: Script Stopped.

[2023-02-14T16:24:34.045Z] : [info]: Total execution time: 12s 768ms

[2023-02-14T16:24:34.046Z] : [info]: ---------------------------------------------

[2023-02-14T16:24:48.667Z] : [success]: Robot saved successfully

[2023-02-14T16:24:49.326Z] : [success]: Bot started

[2023-02-14T16:24:49.328Z] : [info]: Robot start

[2023-02-14T16:25:16.679Z] : [error]: Script Stopped.

[2023-02-14T16:25:16.682Z] : [info]: Total execution time: 27s 350ms

[2023-02-14T16:25:16.683Z] : [info]: ---------------------------------------------


  ==========================================
  Studio Pro version: 9.1.4
  Started at: 14/2/2023, 13:00:42
  ==========================================
  

[2023-02-14T19:01:04.903Z] : [info]: C:\Users\50378\OneDrive\Escritorio\CONTABILIDAD\ARRASTRE MOTRIZ DE MEXICO SA DE CV\EJERCICIO 2022\GASTOS\09 SEP\ING Y GTS SEP 2022.xlsx

