
  ==========================================
  Studio Pro version: 9.0.5
  Started at: 3/2/2023 21:25:38
  ==========================================
  

[2023-02-04T04:25:44.038Z] : [success]: Robot saved successfully

[2023-02-04T04:26:41.710Z] : [error]: ENOENT: no such file or directory, mkdir 'G:\Mi unidad\BOTGET. PoC'

[2023-02-04T04:26:41.716Z] : [info]: Total execution time: 47s 630ms

[2023-02-04T04:26:41.720Z] : [info]: ---------------------------------------------


  ==========================================
  Studio Pro version: 9.0.5
  Started at: 3/2/2023 21:26:42
  ==========================================
  

[2023-02-04T04:27:37.777Z] : [success]: Robot saved successfully


  ==========================================
  Studio Pro version: 9.0.5
  Started at: 3/2/2023 21:29:15
  ==========================================
  

[2023-02-04T04:30:03.077Z] : [success]: Robot saved successfully

[2023-02-04T04:37:41.997Z] : [error]: Script Stopped.

[2023-02-04T04:37:42.003Z] : [info]: Total execution time: 2m 24s 321ms

[2023-02-04T04:37:42.006Z] : [info]: ---------------------------------------------

[2023-02-04T04:39:51.760Z] : [error]: Script Stopped.

[2023-02-04T04:39:51.765Z] : [info]: Total execution time: 1m 58s 600ms

[2023-02-04T04:39:51.769Z] : [info]: ---------------------------------------------

[2023-02-04T04:40:49.569Z] : [success]: Robot saved successfully


  ==========================================
  Studio Pro version: 9.0.5
  Started at: 3/2/2023 21:45:49
  ==========================================
  

[2023-02-04T04:46:09.848Z] : [success]: Robot saved successfully


  ==========================================
  Studio Pro version: 9.0.5
  Started at: 3/2/2023 22:00:24
  ==========================================
  

[2023-02-04T05:08:27.233Z] : [success]: Robot saved successfully

