[2023-01-11T00:25:44.786Z] : [warn]: There is a small amount of free memory (RAM) left, 90.03% of RAM is being used (14632 MBs). The performance of Studio Pro and bots during execution may be unstable. Close applications that are not being used, increase the memory, or optimize the workflow.

[2023-01-11T00:29:14.861Z] : [warn]: There is a small amount of free memory (RAM) left, 90.2% of RAM is being used (14659 MBs). The performance of Studio Pro and bots during execution may be unstable. Close applications that are not being used, increase the memory, or optimize the workflow.

[2023-01-11T00:32:57.733Z] : [success]: Robot saved successfully

[2023-01-11T00:32:57.987Z] : [info]: ---------------------------------------------

[2023-01-11T00:32:57.991Z] : [success]: Bot started

[2023-01-11T00:32:57.995Z] : [info]: Robot start

[2023-01-11T00:33:07.347Z] : [error]: Selectors: Invalid left-hand side expression in postfix operation

[2023-01-11T00:33:07.352Z] : [error]: Total execution time: 9s 352ms

[2023-01-11T00:33:07.357Z] : [info]: ---------------------------------------------

[2023-01-11T00:33:36.967Z] : [success]: Robot saved successfully

[2023-01-11T00:33:37.270Z] : [success]: Bot started

[2023-01-11T00:33:37.273Z] : [info]: Robot start

[2023-01-11T00:33:44.796Z] : [warn]: There is a small amount of free memory (RAM) left, 90.32% of RAM is being used (14679 MBs). The performance of Studio Pro and bots during execution may be unstable. Close applications that are not being used, increase the memory, or optimize the workflow.

[2023-01-11T00:34:17.879Z] : [error]: No elements were found according to your selection. It may happen because of a wrong selector or because the element takes more time to appear on the screen. Try modifying the selector or increasing the element timeout and run the bot again

[2023-01-11T00:34:17.898Z] : [error]: Total execution time: 40s 606ms

[2023-01-11T00:34:17.902Z] : [info]: ---------------------------------------------

[2023-01-11T00:34:54.533Z] : [success]: Robot saved successfully

[2023-01-11T00:34:54.796Z] : [success]: Bot started

[2023-01-11T00:34:54.799Z] : [info]: Robot start

[2023-01-11T00:34:58.900Z] : [success]: Bot finished successfully, total execution time: 4s 100ms

[2023-01-11T00:34:58.906Z] : [info]: ---------------------------------------------

[2023-01-11T00:35:14.856Z] : [warn]: There is a small amount of free memory (RAM) left, 90.09% of RAM is being used (14641 MBs). The performance of Studio Pro and bots during execution may be unstable. Close applications that are not being used, increase the memory, or optimize the workflow.

[2023-01-11T00:36:26.865Z] : [success]: Robot saved successfully

[2023-01-11T00:36:27.117Z] : [success]: Bot started

[2023-01-11T00:36:27.121Z] : [info]: Robot start

[2023-01-11T00:36:46.380Z] : [error]: No elements were found according to your selection. It may happen because of a wrong selector or because the element takes more time to appear on the screen. Try modifying the selector or increasing the element timeout and run the bot again

[2023-01-11T00:36:46.388Z] : [error]: Total execution time: 19s 259ms

[2023-01-11T00:36:46.394Z] : [info]: ---------------------------------------------

[2023-01-11T00:38:31.628Z] : [success]: Bot started

[2023-01-11T00:38:31.632Z] : [info]: Robot start

[2023-01-11T00:39:14.841Z] : [warn]: There is a small amount of free memory (RAM) left, 90.77% of RAM is being used (14752 MBs). The performance of Studio Pro and bots during execution may be unstable. Close applications that are not being used, increase the memory, or optimize the workflow.

[2023-01-11T00:39:54.993Z] : [error]: Script Stopped.

[2023-01-11T00:39:54.999Z] : [warn]: Total execution time: 1m 23s 361ms

[2023-01-11T00:39:55.006Z] : [info]: ---------------------------------------------

[2023-01-11T00:40:15.785Z] : [success]: Bot started

[2023-01-11T00:40:15.790Z] : [info]: Robot start

[2023-01-11T00:40:33.054Z] : [success]: Bot finished successfully, total execution time: 17s 263ms

[2023-01-11T00:40:33.062Z] : [info]: ---------------------------------------------

[2023-01-11T00:40:44.811Z] : [warn]: There is a small amount of free memory (RAM) left, 90.15% of RAM is being used (14651 MBs). The performance of Studio Pro and bots during execution may be unstable. Close applications that are not being used, increase the memory, or optimize the workflow.

[2023-01-11T00:42:14.865Z] : [warn]: There is a small amount of free memory (RAM) left, 91.48% of RAM is being used (14867 MBs). The performance of Studio Pro and bots during execution may be unstable. Close applications that are not being used, increase the memory, or optimize the workflow.

[2023-01-11T00:45:14.904Z] : [warn]: There is a small amount of free memory (RAM) left, 91.72% of RAM is being used (14907 MBs). The performance of Studio Pro and bots during execution may be unstable. Close applications that are not being used, increase the memory, or optimize the workflow.

[2023-01-11T00:45:58.543Z] : [success]: Robot saved successfully

[2023-01-11T00:48:14.920Z] : [warn]: There is a small amount of free memory (RAM) left, 90.51% of RAM is being used (14709 MBs). The performance of Studio Pro and bots during execution may be unstable. Close applications that are not being used, increase the memory, or optimize the workflow.

[2023-01-11T00:51:14.926Z] : [warn]: There is a small amount of free memory (RAM) left, 91.08% of RAM is being used (14803 MBs). The performance of Studio Pro and bots during execution may be unstable. Close applications that are not being used, increase the memory, or optimize the workflow.

[2023-01-11T00:59:14.854Z] : [warn]: There is a small amount of free memory (RAM) left, 90.22% of RAM is being used (14663 MBs). The performance of Studio Pro and bots during execution may be unstable. Close applications that are not being used, increase the memory, or optimize the workflow.

[2023-01-11T01:00:44.785Z] : [warn]: There is a small amount of free memory (RAM) left, 90.4% of RAM is being used (14692 MBs). The performance of Studio Pro and bots during execution may be unstable. Close applications that are not being used, increase the memory, or optimize the workflow.

[2023-01-11T01:03:44.815Z] : [warn]: There is a small amount of free memory (RAM) left, 91.66% of RAM is being used (14896 MBs). The performance of Studio Pro and bots during execution may be unstable. Close applications that are not being used, increase the memory, or optimize the workflow.

[2023-01-11T01:06:44.834Z] : [warn]: There is a small amount of free memory (RAM) left, 90.09% of RAM is being used (14641 MBs). The performance of Studio Pro and bots during execution may be unstable. Close applications that are not being used, increase the memory, or optimize the workflow.

[2023-01-11T01:09:44.863Z] : [warn]: There is a small amount of free memory (RAM) left, 91.42% of RAM is being used (14857 MBs). The performance of Studio Pro and bots during execution may be unstable. Close applications that are not being used, increase the memory, or optimize the workflow.

[2023-01-11T01:12:44.869Z] : [warn]: There is a small amount of free memory (RAM) left, 93.59% of RAM is being used (15210 MBs). The performance of Studio Pro and bots during execution may be unstable. Close applications that are not being used, increase the memory, or optimize the workflow.

[2023-01-11T01:15:44.889Z] : [warn]: There is a small amount of free memory (RAM) left, 95.13% of RAM is being used (15460 MBs). The performance of Studio Pro and bots during execution may be unstable. Close applications that are not being used, increase the memory, or optimize the workflow.

[2023-01-11T01:18:44.894Z] : [warn]: There is a small amount of free memory (RAM) left, 95.74% of RAM is being used (15560 MBs). The performance of Studio Pro and bots during execution may be unstable. Close applications that are not being used, increase the memory, or optimize the workflow.

[2023-01-11T01:21:44.912Z] : [warn]: There is a small amount of free memory (RAM) left, 93.41% of RAM is being used (15181 MBs). The performance of Studio Pro and bots during execution may be unstable. Close applications that are not being used, increase the memory, or optimize the workflow.

[2023-01-11T01:24:44.945Z] : [warn]: There is a small amount of free memory (RAM) left, 95.06% of RAM is being used (15449 MBs). The performance of Studio Pro and bots during execution may be unstable. Close applications that are not being used, increase the memory, or optimize the workflow.

[2023-01-11T01:27:44.951Z] : [warn]: There is a small amount of free memory (RAM) left, 96.3% of RAM is being used (15651 MBs). The performance of Studio Pro and bots during execution may be unstable. Close applications that are not being used, increase the memory, or optimize the workflow.

[2023-01-11T01:30:44.979Z] : [warn]: There is a small amount of free memory (RAM) left, 96.63% of RAM is being used (15704 MBs). The performance of Studio Pro and bots during execution may be unstable. Close applications that are not being used, increase the memory, or optimize the workflow.

[2023-01-11T01:33:14.834Z] : [warn]: There is a small amount of free memory (RAM) left, 90.17% of RAM is being used (14655 MBs). The performance of Studio Pro and bots during execution may be unstable. Close applications that are not being used, increase the memory, or optimize the workflow.

[2023-01-11T01:36:14.841Z] : [warn]: There is a small amount of free memory (RAM) left, 91.62% of RAM is being used (14890 MBs). The performance of Studio Pro and bots during execution may be unstable. Close applications that are not being used, increase the memory, or optimize the workflow.

[2023-01-11T01:39:14.864Z] : [warn]: There is a small amount of free memory (RAM) left, 90.83% of RAM is being used (14762 MBs). The performance of Studio Pro and bots during execution may be unstable. Close applications that are not being used, increase the memory, or optimize the workflow.

[2023-01-11T01:42:14.883Z] : [warn]: There is a small amount of free memory (RAM) left, 91.37% of RAM is being used (14850 MBs). The performance of Studio Pro and bots during execution may be unstable. Close applications that are not being used, increase the memory, or optimize the workflow.

[2023-01-11T01:45:14.901Z] : [warn]: There is a small amount of free memory (RAM) left, 92.45% of RAM is being used (15025 MBs). The performance of Studio Pro and bots during execution may be unstable. Close applications that are not being used, increase the memory, or optimize the workflow.

[2023-01-11T01:48:14.922Z] : [warn]: There is a small amount of free memory (RAM) left, 93.58% of RAM is being used (15208 MBs). The performance of Studio Pro and bots during execution may be unstable. Close applications that are not being used, increase the memory, or optimize the workflow.

[2023-01-11T01:51:14.942Z] : [warn]: There is a small amount of free memory (RAM) left, 94.19% of RAM is being used (15308 MBs). The performance of Studio Pro and bots during execution may be unstable. Close applications that are not being used, increase the memory, or optimize the workflow.

[2023-01-11T01:54:14.951Z] : [warn]: There is a small amount of free memory (RAM) left, 93.02% of RAM is being used (15118 MBs). The performance of Studio Pro and bots during execution may be unstable. Close applications that are not being used, increase the memory, or optimize the workflow.

[2023-01-11T01:57:14.970Z] : [warn]: There is a small amount of free memory (RAM) left, 94.44% of RAM is being used (15349 MBs). The performance of Studio Pro and bots during execution may be unstable. Close applications that are not being used, increase the memory, or optimize the workflow.

[2023-01-11T02:00:14.988Z] : [warn]: There is a small amount of free memory (RAM) left, 95.12% of RAM is being used (15459 MBs). The performance of Studio Pro and bots during execution may be unstable. Close applications that are not being used, increase the memory, or optimize the workflow.

[2023-01-11T02:03:14.994Z] : [warn]: There is a small amount of free memory (RAM) left, 96.35% of RAM is being used (15658 MBs). The performance of Studio Pro and bots during execution may be unstable. Close applications that are not being used, increase the memory, or optimize the workflow.

[2023-01-11T02:06:15.001Z] : [warn]: There is a small amount of free memory (RAM) left, 95.85% of RAM is being used (15578 MBs). The performance of Studio Pro and bots during execution may be unstable. Close applications that are not being used, increase the memory, or optimize the workflow.

[2023-01-11T02:09:15.031Z] : [warn]: There is a small amount of free memory (RAM) left, 95.07% of RAM is being used (15450 MBs). The performance of Studio Pro and bots during execution may be unstable. Close applications that are not being used, increase the memory, or optimize the workflow.

[2023-01-11T02:12:15.081Z] : [warn]: There is a small amount of free memory (RAM) left, 96.73% of RAM is being used (15720 MBs). The performance of Studio Pro and bots during execution may be unstable. Close applications that are not being used, increase the memory, or optimize the workflow.

[2023-01-11T02:15:15.088Z] : [warn]: There is a small amount of free memory (RAM) left, 96.67% of RAM is being used (15710 MBs). The performance of Studio Pro and bots during execution may be unstable. Close applications that are not being used, increase the memory, or optimize the workflow.

[2023-01-11T02:18:15.095Z] : [warn]: There is a small amount of free memory (RAM) left, 90.71% of RAM is being used (14743 MBs). The performance of Studio Pro and bots during execution may be unstable. Close applications that are not being used, increase the memory, or optimize the workflow.

[2023-01-11T02:21:15.116Z] : [warn]: There is a small amount of free memory (RAM) left, 91.97% of RAM is being used (14947 MBs). The performance of Studio Pro and bots during execution may be unstable. Close applications that are not being used, increase the memory, or optimize the workflow.

[2023-01-11T02:25:44.786Z] : [warn]: There is a small amount of free memory (RAM) left, 90.01% of RAM is being used (14629 MBs). The performance of Studio Pro and bots during execution may be unstable. Close applications that are not being used, increase the memory, or optimize the workflow.

[2023-01-11T02:28:44.806Z] : [warn]: There is a small amount of free memory (RAM) left, 91.08% of RAM is being used (14803 MBs). The performance of Studio Pro and bots during execution may be unstable. Close applications that are not being used, increase the memory, or optimize the workflow.

[2023-01-11T02:31:44.812Z] : [warn]: There is a small amount of free memory (RAM) left, 92.19% of RAM is being used (14983 MBs). The performance of Studio Pro and bots during execution may be unstable. Close applications that are not being used, increase the memory, or optimize the workflow.

[2023-01-11T02:34:44.830Z] : [warn]: There is a small amount of free memory (RAM) left, 93.09% of RAM is being used (15129 MBs). The performance of Studio Pro and bots during execution may be unstable. Close applications that are not being used, increase the memory, or optimize the workflow.

[2023-01-11T02:37:44.838Z] : [warn]: There is a small amount of free memory (RAM) left, 91.3% of RAM is being used (14838 MBs). The performance of Studio Pro and bots during execution may be unstable. Close applications that are not being used, increase the memory, or optimize the workflow.

[2023-01-11T02:40:44.869Z] : [warn]: There is a small amount of free memory (RAM) left, 92.9% of RAM is being used (15098 MBs). The performance of Studio Pro and bots during execution may be unstable. Close applications that are not being used, increase the memory, or optimize the workflow.

[2023-01-11T02:43:44.875Z] : [warn]: There is a small amount of free memory (RAM) left, 95.62% of RAM is being used (15540 MBs). The performance of Studio Pro and bots during execution may be unstable. Close applications that are not being used, increase the memory, or optimize the workflow.

[2023-01-11T02:46:44.895Z] : [warn]: There is a small amount of free memory (RAM) left, 96.06% of RAM is being used (15612 MBs). The performance of Studio Pro and bots during execution may be unstable. Close applications that are not being used, increase the memory, or optimize the workflow.

[2023-01-11T02:49:44.915Z] : [warn]: There is a small amount of free memory (RAM) left, 96.65% of RAM is being used (15707 MBs). The performance of Studio Pro and bots during execution may be unstable. Close applications that are not being used, increase the memory, or optimize the workflow.

[2023-01-11T02:52:44.921Z] : [warn]: There is a small amount of free memory (RAM) left, 94.33% of RAM is being used (15331 MBs). The performance of Studio Pro and bots during execution may be unstable. Close applications that are not being used, increase the memory, or optimize the workflow.

[2023-01-11T02:55:44.951Z] : [warn]: There is a small amount of free memory (RAM) left, 95.64% of RAM is being used (15543 MBs). The performance of Studio Pro and bots during execution may be unstable. Close applications that are not being used, increase the memory, or optimize the workflow.

[2023-01-11T02:58:44.958Z] : [warn]: There is a small amount of free memory (RAM) left, 96.78% of RAM is being used (15729 MBs). The performance of Studio Pro and bots during execution may be unstable. Close applications that are not being used, increase the memory, or optimize the workflow.

[2023-01-11T03:01:45.000Z] : [warn]: There is a small amount of free memory (RAM) left, 92.3% of RAM is being used (15000 MBs). The performance of Studio Pro and bots during execution may be unstable. Close applications that are not being used, increase the memory, or optimize the workflow.

[2023-01-11T03:04:45.025Z] : [warn]: There is a small amount of free memory (RAM) left, 92.33% of RAM is being used (15005 MBs). The performance of Studio Pro and bots during execution may be unstable. Close applications that are not being used, increase the memory, or optimize the workflow.

[2023-01-11T03:07:45.055Z] : [warn]: There is a small amount of free memory (RAM) left, 91.18% of RAM is being used (14818 MBs). The performance of Studio Pro and bots during execution may be unstable. Close applications that are not being used, increase the memory, or optimize the workflow.

[2023-01-11T03:10:45.083Z] : [warn]: There is a small amount of free memory (RAM) left, 92.45% of RAM is being used (15025 MBs). The performance of Studio Pro and bots during execution may be unstable. Close applications that are not being used, increase the memory, or optimize the workflow.

[2023-01-11T03:13:45.103Z] : [warn]: There is a small amount of free memory (RAM) left, 93.5% of RAM is being used (15195 MBs). The performance of Studio Pro and bots during execution may be unstable. Close applications that are not being used, increase the memory, or optimize the workflow.

[2023-01-11T03:16:45.109Z] : [warn]: There is a small amount of free memory (RAM) left, 94.32% of RAM is being used (15329 MBs). The performance of Studio Pro and bots during execution may be unstable. Close applications that are not being used, increase the memory, or optimize the workflow.

[2023-01-11T03:19:45.139Z] : [warn]: There is a small amount of free memory (RAM) left, 95% of RAM is being used (15440 MBs). The performance of Studio Pro and bots during execution may be unstable. Close applications that are not being used, increase the memory, or optimize the workflow.

[2023-01-11T03:22:45.158Z] : [warn]: There is a small amount of free memory (RAM) left, 93.14% of RAM is being used (15137 MBs). The performance of Studio Pro and bots during execution may be unstable. Close applications that are not being used, increase the memory, or optimize the workflow.

[2023-01-11T03:25:45.188Z] : [warn]: There is a small amount of free memory (RAM) left, 94.41% of RAM is being used (15343 MBs). The performance of Studio Pro and bots during execution may be unstable. Close applications that are not being used, increase the memory, or optimize the workflow.

[2023-01-11T03:28:45.218Z] : [warn]: There is a small amount of free memory (RAM) left, 96.63% of RAM is being used (15704 MBs). The performance of Studio Pro and bots during execution may be unstable. Close applications that are not being used, increase the memory, or optimize the workflow.

[2023-01-11T03:31:45.250Z] : [warn]: There is a small amount of free memory (RAM) left, 96.09% of RAM is being used (15616 MBs). The performance of Studio Pro and bots during execution may be unstable. Close applications that are not being used, increase the memory, or optimize the workflow.

[2023-01-11T03:34:45.258Z] : [warn]: There is a small amount of free memory (RAM) left, 96.23% of RAM is being used (15639 MBs). The performance of Studio Pro and bots during execution may be unstable. Close applications that are not being used, increase the memory, or optimize the workflow.

[2023-01-11T03:37:45.277Z] : [warn]: There is a small amount of free memory (RAM) left, 94.23% of RAM is being used (15314 MBs). The performance of Studio Pro and bots during execution may be unstable. Close applications that are not being used, increase the memory, or optimize the workflow.

[2023-01-11T03:40:45.285Z] : [warn]: There is a small amount of free memory (RAM) left, 95.16% of RAM is being used (15465 MBs). The performance of Studio Pro and bots during execution may be unstable. Close applications that are not being used, increase the memory, or optimize the workflow.

[2023-01-11T03:43:45.292Z] : [warn]: There is a small amount of free memory (RAM) left, 96.52% of RAM is being used (15686 MBs). The performance of Studio Pro and bots during execution may be unstable. Close applications that are not being used, increase the memory, or optimize the workflow.

[2023-01-11T03:46:45.311Z] : [warn]: There is a small amount of free memory (RAM) left, 97.18% of RAM is being used (15793 MBs). The performance of Studio Pro and bots during execution may be unstable. Close applications that are not being used, increase the memory, or optimize the workflow.

[2023-01-11T03:49:45.356Z] : [warn]: There is a small amount of free memory (RAM) left, 97.55% of RAM is being used (15854 MBs). The performance of Studio Pro and bots during execution may be unstable. Close applications that are not being used, increase the memory, or optimize the workflow.

[2023-01-11T03:52:45.368Z] : [warn]: There is a small amount of free memory (RAM) left, 95.48% of RAM is being used (15518 MBs). The performance of Studio Pro and bots during execution may be unstable. Close applications that are not being used, increase the memory, or optimize the workflow.

[2023-01-11T03:55:45.375Z] : [warn]: There is a small amount of free memory (RAM) left, 96.72% of RAM is being used (15719 MBs). The performance of Studio Pro and bots during execution may be unstable. Close applications that are not being used, increase the memory, or optimize the workflow.

[2023-01-11T03:58:45.396Z] : [warn]: There is a small amount of free memory (RAM) left, 97.35% of RAM is being used (15821 MBs). The performance of Studio Pro and bots during execution may be unstable. Close applications that are not being used, increase the memory, or optimize the workflow.

[2023-01-11T04:01:45.416Z] : [warn]: There is a small amount of free memory (RAM) left, 97.58% of RAM is being used (15858 MBs). The performance of Studio Pro and bots during execution may be unstable. Close applications that are not being used, increase the memory, or optimize the workflow.

[2023-01-11T04:04:45.434Z] : [warn]: There is a small amount of free memory (RAM) left, 98.36% of RAM is being used (15985 MBs). The performance of Studio Pro and bots during execution may be unstable. Close applications that are not being used, increase the memory, or optimize the workflow.

[2023-01-11T04:07:45.455Z] : [warn]: There is a small amount of free memory (RAM) left, 95% of RAM is being used (15440 MBs). The performance of Studio Pro and bots during execution may be unstable. Close applications that are not being used, increase the memory, or optimize the workflow.

[2023-01-11T04:10:45.476Z] : [warn]: There is a small amount of free memory (RAM) left, 96.52% of RAM is being used (15687 MBs). The performance of Studio Pro and bots during execution may be unstable. Close applications that are not being used, increase the memory, or optimize the workflow.

[2023-01-11T04:13:45.495Z] : [warn]: There is a small amount of free memory (RAM) left, 97.62% of RAM is being used (15866 MBs). The performance of Studio Pro and bots during execution may be unstable. Close applications that are not being used, increase the memory, or optimize the workflow.

[2023-01-11T04:16:45.518Z] : [warn]: There is a small amount of free memory (RAM) left, 97.86% of RAM is being used (15904 MBs). The performance of Studio Pro and bots during execution may be unstable. Close applications that are not being used, increase the memory, or optimize the workflow.

[2023-01-11T04:19:45.538Z] : [warn]: There is a small amount of free memory (RAM) left, 97.29% of RAM is being used (15811 MBs). The performance of Studio Pro and bots during execution may be unstable. Close applications that are not being used, increase the memory, or optimize the workflow.

[2023-01-11T04:22:45.556Z] : [warn]: There is a small amount of free memory (RAM) left, 94.05% of RAM is being used (15285 MBs). The performance of Studio Pro and bots during execution may be unstable. Close applications that are not being used, increase the memory, or optimize the workflow.

[2023-01-11T04:25:45.564Z] : [warn]: There is a small amount of free memory (RAM) left, 95.29% of RAM is being used (15487 MBs). The performance of Studio Pro and bots during execution may be unstable. Close applications that are not being used, increase the memory, or optimize the workflow.

[2023-01-11T04:28:45.570Z] : [warn]: There is a small amount of free memory (RAM) left, 96.97% of RAM is being used (15759 MBs). The performance of Studio Pro and bots during execution may be unstable. Close applications that are not being used, increase the memory, or optimize the workflow.

[2023-01-11T04:31:45.587Z] : [warn]: There is a small amount of free memory (RAM) left, 96.9% of RAM is being used (15748 MBs). The performance of Studio Pro and bots during execution may be unstable. Close applications that are not being used, increase the memory, or optimize the workflow.

[2023-01-11T04:34:45.593Z] : [warn]: There is a small amount of free memory (RAM) left, 96.38% of RAM is being used (15664 MBs). The performance of Studio Pro and bots during execution may be unstable. Close applications that are not being used, increase the memory, or optimize the workflow.

[2023-01-11T04:37:45.625Z] : [warn]: There is a small amount of free memory (RAM) left, 94.17% of RAM is being used (15305 MBs). The performance of Studio Pro and bots during execution may be unstable. Close applications that are not being used, increase the memory, or optimize the workflow.

[2023-01-11T04:40:45.644Z] : [warn]: There is a small amount of free memory (RAM) left, 95.49% of RAM is being used (15519 MBs). The performance of Studio Pro and bots during execution may be unstable. Close applications that are not being used, increase the memory, or optimize the workflow.

[2023-01-11T04:43:45.673Z] : [warn]: There is a small amount of free memory (RAM) left, 96.45% of RAM is being used (15675 MBs). The performance of Studio Pro and bots during execution may be unstable. Close applications that are not being used, increase the memory, or optimize the workflow.

[2023-01-11T04:46:45.680Z] : [warn]: There is a small amount of free memory (RAM) left, 97.51% of RAM is being used (15847 MBs). The performance of Studio Pro and bots during execution may be unstable. Close applications that are not being used, increase the memory, or optimize the workflow.

[2023-01-11T04:49:45.687Z] : [warn]: There is a small amount of free memory (RAM) left, 96.71% of RAM is being used (15717 MBs). The performance of Studio Pro and bots during execution may be unstable. Close applications that are not being used, increase the memory, or optimize the workflow.

[2023-01-11T04:52:45.720Z] : [warn]: There is a small amount of free memory (RAM) left, 94.46% of RAM is being used (15351 MBs). The performance of Studio Pro and bots during execution may be unstable. Close applications that are not being used, increase the memory, or optimize the workflow.

[2023-01-11T04:55:45.738Z] : [warn]: There is a small amount of free memory (RAM) left, 96.2% of RAM is being used (15635 MBs). The performance of Studio Pro and bots during execution may be unstable. Close applications that are not being used, increase the memory, or optimize the workflow.

[2023-01-11T04:58:45.746Z] : [warn]: There is a small amount of free memory (RAM) left, 96.81% of RAM is being used (15733 MBs). The performance of Studio Pro and bots during execution may be unstable. Close applications that are not being used, increase the memory, or optimize the workflow.

[2023-01-11T05:01:45.776Z] : [warn]: There is a small amount of free memory (RAM) left, 97.43% of RAM is being used (15834 MBs). The performance of Studio Pro and bots during execution may be unstable. Close applications that are not being used, increase the memory, or optimize the workflow.

[2023-01-11T05:04:45.800Z] : [warn]: There is a small amount of free memory (RAM) left, 93.51% of RAM is being used (15197 MBs). The performance of Studio Pro and bots during execution may be unstable. Close applications that are not being used, increase the memory, or optimize the workflow.

[2023-01-11T05:07:45.808Z] : [warn]: There is a small amount of free memory (RAM) left, 91.81% of RAM is being used (14921 MBs). The performance of Studio Pro and bots during execution may be unstable. Close applications that are not being used, increase the memory, or optimize the workflow.

[2023-01-11T05:10:45.829Z] : [warn]: There is a small amount of free memory (RAM) left, 96.47% of RAM is being used (15678 MBs). The performance of Studio Pro and bots during execution may be unstable. Close applications that are not being used, increase the memory, or optimize the workflow.

[2023-01-11T05:13:45.837Z] : [warn]: There is a small amount of free memory (RAM) left, 96.95% of RAM is being used (15756 MBs). The performance of Studio Pro and bots during execution may be unstable. Close applications that are not being used, increase the memory, or optimize the workflow.

[2023-01-11T05:16:45.844Z] : [warn]: There is a small amount of free memory (RAM) left, 97.08% of RAM is being used (15777 MBs). The performance of Studio Pro and bots during execution may be unstable. Close applications that are not being used, increase the memory, or optimize the workflow.

[2023-01-11T05:19:45.861Z] : [warn]: There is a small amount of free memory (RAM) left, 97.05% of RAM is being used (15773 MBs). The performance of Studio Pro and bots during execution may be unstable. Close applications that are not being used, increase the memory, or optimize the workflow.

[2023-01-11T05:22:45.893Z] : [warn]: There is a small amount of free memory (RAM) left, 94.42% of RAM is being used (15345 MBs). The performance of Studio Pro and bots during execution may be unstable. Close applications that are not being used, increase the memory, or optimize the workflow.

[2023-01-11T05:25:45.913Z] : [warn]: There is a small amount of free memory (RAM) left, 96.68% of RAM is being used (15712 MBs). The performance of Studio Pro and bots during execution may be unstable. Close applications that are not being used, increase the memory, or optimize the workflow.

[2023-01-11T05:28:45.933Z] : [warn]: There is a small amount of free memory (RAM) left, 95.17% of RAM is being used (15467 MBs). The performance of Studio Pro and bots during execution may be unstable. Close applications that are not being used, increase the memory, or optimize the workflow.

[2023-01-11T05:31:46.014Z] : [warn]: There is a small amount of free memory (RAM) left, 92.69% of RAM is being used (15064 MBs). The performance of Studio Pro and bots during execution may be unstable. Close applications that are not being used, increase the memory, or optimize the workflow.

[2023-01-11T05:34:46.034Z] : [warn]: There is a small amount of free memory (RAM) left, 97.29% of RAM is being used (15811 MBs). The performance of Studio Pro and bots during execution may be unstable. Close applications that are not being used, increase the memory, or optimize the workflow.

[2023-01-11T05:37:46.041Z] : [warn]: There is a small amount of free memory (RAM) left, 95.27% of RAM is being used (15484 MBs). The performance of Studio Pro and bots during execution may be unstable. Close applications that are not being used, increase the memory, or optimize the workflow.

[2023-01-11T05:40:46.071Z] : [warn]: There is a small amount of free memory (RAM) left, 96.86% of RAM is being used (15742 MBs). The performance of Studio Pro and bots during execution may be unstable. Close applications that are not being used, increase the memory, or optimize the workflow.

[2023-01-11T05:43:46.091Z] : [warn]: There is a small amount of free memory (RAM) left, 97.53% of RAM is being used (15850 MBs). The performance of Studio Pro and bots during execution may be unstable. Close applications that are not being used, increase the memory, or optimize the workflow.

[2023-01-11T05:46:46.110Z] : [warn]: There is a small amount of free memory (RAM) left, 94.55% of RAM is being used (15366 MBs). The performance of Studio Pro and bots during execution may be unstable. Close applications that are not being used, increase the memory, or optimize the workflow.

[2023-01-11T05:49:46.141Z] : [warn]: There is a small amount of free memory (RAM) left, 92.67% of RAM is being used (15061 MBs). The performance of Studio Pro and bots during execution may be unstable. Close applications that are not being used, increase the memory, or optimize the workflow.

[2023-01-11T06:06:46.044Z] : [info]: Internet connection // error

[2023-01-11T06:06:49.307Z] : [success]: Connection to our licenses server is restored

[2023-01-11T08:19:47.165Z] : [info]: Internet connection // error

[2023-01-11T08:19:56.409Z] : [success]: Connection to our licenses server is restored

[2023-01-11T14:15:03.585Z] : [info]: ---------------------------------------------

[2023-01-11T14:15:03.589Z] : [success]: Bot started

[2023-01-11T14:15:03.593Z] : [info]: Robot start

[2023-01-11T14:15:12.955Z] : [error]: Script Stopped.

[2023-01-11T14:15:12.969Z] : [warn]: Total execution time: 9s 362ms

[2023-01-11T14:15:12.975Z] : [info]: ---------------------------------------------

[2023-01-11T14:15:25.097Z] : [success]: Robot saved successfully

[2023-01-11T14:15:26.692Z] : [error]: Cannot read properties of null (reading 'type')

[2023-01-11T14:15:26.697Z] : [error]: Cannot read properties of null (reading 'type')

[2023-01-11T14:15:26.703Z] : [error]: Cannot read properties of null (reading 'type')

[2023-01-11T14:15:26.707Z] : [error]: Cannot read properties of null (reading 'type')

[2023-01-11T14:15:26.711Z] : [error]: Cannot read properties of null (reading 'type')

