
  ==========================================
  Studio Pro version: 9.0.5
  Started at: 3/2/2023 20:08:49
  ==========================================
  


  ==========================================
  Studio Pro version: 9.0.5
  Started at: 3/2/2023 20:11:53
  ==========================================
  


  ==========================================
  Studio Pro version: 9.0.5
  Started at: 3/2/2023 21:55:58
  ==========================================
  

[2023-02-04T04:56:25.700Z] : [success]: Robot saved successfully


  ==========================================
  Studio Pro version: 9.0.5
  Started at: 3/2/2023 22:01:22
  ==========================================
  

[2023-02-04T05:08:14.098Z] : [success]: Robot saved successfully


  ==========================================
  Studio Pro version: 9.0.5
  Started at: 3/2/2023 22:41:08
  ==========================================
  

[2023-02-04T05:57:11.511Z] : [success]: Robot saved successfully


  ==========================================
  Studio Pro version: 9.0.5
  Started at: 6/2/2023 10:58:10
  ==========================================
  

[2023-02-06T17:59:43.784Z] : [warn]: There is a small amount of free memory (RAM) left, 91.32% of RAM is being used (14841 MBs). The performance of Studio Pro and bots during execution may be unstable. Close applications that are not being used, increase the memory, or optimize the workflow.

[2023-02-06T17:59:58.477Z] : [warn]: Keep in mind that it is good practice to set different names for variables. If a global and a local variable have the same name, the local one may shadow the global one. In case, you want to keep the names alike, we recommend you enable the Clear variables before execution option or add a lowercase “g” to the global one

[2023-02-06T17:59:59.070Z] : [error]: Script Stopped.

[2023-02-06T17:59:59.076Z] : [info]: Total execution time: 5m 3s 498ms

[2023-02-06T17:59:59.079Z] : [info]: ---------------------------------------------

[2023-02-06T18:02:05.543Z] : [success]: Robot saved successfully

[2023-02-06T18:02:06.550Z] : [success]: Bot started

[2023-02-06T18:02:06.574Z] : [info]: Robot start

[2023-02-06T18:02:08.920Z] : [success]: Bot finished successfully, total execution time: 2s 345ms

[2023-02-06T18:02:08.925Z] : [info]: ---------------------------------------------

[2023-02-06T18:02:43.815Z] : [warn]: There is a small amount of free memory (RAM) left, 90.54% of RAM is being used (14714 MBs). The performance of Studio Pro and bots during execution may be unstable. Close applications that are not being used, increase the memory, or optimize the workflow.

[2023-02-06T18:03:25.654Z] : [error]: Cannot read properties of null (reading 'comment')

[2023-02-06T18:03:32.827Z] : [success]: Robot saved successfully


  ==========================================
  Studio Pro version: 9.0.5
  Started at: 6/2/2023 11:06:17
  ==========================================
  

[2023-02-06T18:07:25.683Z] : [warn]: Keep in mind that it is good practice to set different names for variables. If a global and a local variable have the same name, the local one may shadow the global one. In case, you want to keep the names alike, we recommend you enable the Clear variables before execution option or add a lowercase “g” to the global one

[2023-02-06T18:07:26.022Z] : [error]: Script Stopped.

[2023-02-06T18:07:26.027Z] : [info]: Total execution time: 3m 25s 49ms

[2023-02-06T18:07:26.031Z] : [info]: ---------------------------------------------

[2023-02-06T18:08:31.080Z] : [success]: Robot saved successfully

[2023-02-06T18:11:43.263Z] : [warn]: There is a small amount of free memory (RAM) left, 91.24% of RAM is being used (14829 MBs). The performance of Studio Pro and bots during execution may be unstable. Close applications that are not being used, increase the memory, or optimize the workflow.

[2023-02-06T18:18:00.548Z] : [warn]: Keep in mind that it is good practice to set different names for variables. If a global and a local variable have the same name, the local one may shadow the global one. In case, you want to keep the names alike, we recommend you enable the Clear variables before execution option or add a lowercase “g” to the global one

[2023-02-06T18:18:02.987Z] : [error]: Script Stopped.

[2023-02-06T18:18:02.994Z] : [info]: Total execution time: 9m 19s 367ms

[2023-02-06T18:18:02.999Z] : [info]: ---------------------------------------------

[2023-02-06T18:47:54.054Z] : [success]: Robot saved successfully

[2023-02-06T18:48:42.171Z] : [success]: Robot saved successfully

[2023-02-06T18:48:42.606Z] : [success]: Bot started

[2023-02-06T18:48:42.610Z] : [info]: Robot start

[2023-02-06T18:48:45.946Z] : [success]: Bot finished successfully, total execution time: 3s 335ms

[2023-02-06T18:48:45.961Z] : [info]: ---------------------------------------------

[2023-02-06T18:49:23.216Z] : [success]: Robot saved successfully

[2023-02-06T18:49:25.543Z] : [success]: Bot started

[2023-02-06T18:49:25.548Z] : [info]: Robot start

[2023-02-06T18:49:28.056Z] : [success]: Bot finished successfully, total execution time: 2s 507ms

[2023-02-06T18:49:28.061Z] : [info]: ---------------------------------------------

[2023-02-06T18:54:48.497Z] : [error]: Cannot read properties of null (reading 'comment')

[2023-02-06T18:55:16.506Z] : [success]: Robot saved successfully

[2023-02-06T18:55:17.078Z] : [success]: Bot started

[2023-02-06T18:55:17.083Z] : [info]: Robot start

[2023-02-06T18:55:19.219Z] : [success]: Bot finished successfully, total execution time: 2s 135ms

[2023-02-06T18:55:19.233Z] : [info]: ---------------------------------------------

[2023-02-06T18:56:37.195Z] : [success]: Robot saved successfully

[2023-02-06T18:56:37.658Z] : [success]: Bot started

[2023-02-06T18:56:37.662Z] : [info]: Robot start

[2023-02-06T18:56:39.782Z] : [success]: Bot finished successfully, total execution time: 2s 119ms

[2023-02-06T18:56:39.787Z] : [info]: ---------------------------------------------

[2023-02-06T18:57:43.499Z] : [success]: Robot saved successfully

[2023-02-06T18:57:43.928Z] : [success]: Bot started

[2023-02-06T18:57:43.932Z] : [info]: Robot start

[2023-02-06T18:57:46.059Z] : [success]: Bot finished successfully, total execution time: 2s 126ms

[2023-02-06T18:57:46.063Z] : [info]: ---------------------------------------------

[2023-02-06T18:58:45.589Z] : [success]: Robot saved successfully

[2023-02-06T18:58:46.777Z] : [success]: Bot started

[2023-02-06T18:58:46.781Z] : [info]: Robot start

[2023-02-06T18:58:48.911Z] : [success]: Bot finished successfully, total execution time: 2s 130ms

[2023-02-06T18:58:48.915Z] : [info]: ---------------------------------------------

[2023-02-06T18:59:08.400Z] : [success]: Robot saved successfully

[2023-02-06T18:59:09.539Z] : [error]: Cannot read properties of null (reading 'type')

[2023-02-06T18:59:09.546Z] : [error]: Cannot read properties of null (reading 'type')

[2023-02-06T18:59:09.550Z] : [error]: Cannot read properties of null (reading 'type')

[2023-02-06T18:59:09.555Z] : [error]: Cannot read properties of null (reading 'type')

[2023-02-06T18:59:09.560Z] : [error]: Cannot read properties of null (reading 'type')

[2023-02-06T18:59:09.564Z] : [error]: Cannot read properties of null (reading 'type')

[2023-02-06T18:59:09.568Z] : [error]: Cannot read properties of null (reading 'type')

[2023-02-06T18:59:09.573Z] : [error]: Cannot read properties of null (reading 'type')

[2023-02-06T18:59:09.577Z] : [error]: Cannot read properties of null (reading 'type')

[2023-02-06T18:59:09.581Z] : [error]: Cannot read properties of null (reading 'type')

[2023-02-06T18:59:09.585Z] : [error]: Cannot read properties of null (reading 'type')

[2023-02-06T18:59:09.589Z] : [error]: Cannot read properties of null (reading 'type')

[2023-02-06T18:59:09.593Z] : [error]: Cannot read properties of null (reading 'type')

