
  ==========================================
  Studio Pro version: 9.0.5
  Started at: 13/2/2023 10:18:40
  ==========================================
  

[2023-02-13T17:27:19.700Z] : [success]: Robot saved successfully

[2023-02-13T17:27:20.137Z] : [info]: ---------------------------------------------

[2023-02-13T17:27:20.146Z] : [success]: Bot started

[2023-02-13T17:27:20.149Z] : [info]: Robot start

[2023-02-13T17:30:47.690Z] : [error]: Script Stopped.

[2023-02-13T17:30:47.696Z] : [info]: Total execution time: 3m 27s 541ms

[2023-02-13T17:30:47.700Z] : [info]: ---------------------------------------------

[2023-02-13T17:31:13.147Z] : [success]: Robot saved successfully

[2023-02-13T17:31:13.513Z] : [success]: Bot started

[2023-02-13T17:31:13.517Z] : [info]: Robot start

[2023-02-13T17:33:05.854Z] : [error]: Script Stopped.

[2023-02-13T17:33:05.861Z] : [info]: Total execution time: 1m 52s 337ms

[2023-02-13T17:33:05.865Z] : [info]: ---------------------------------------------

[2023-02-13T17:33:42.101Z] : [success]: Robot saved successfully

[2023-02-13T17:33:46.699Z] : [success]: Bot started

[2023-02-13T17:33:46.727Z] : [info]: Robot start

[2023-02-13T17:34:48.750Z] : [error]: Script Stopped.

[2023-02-13T17:34:48.756Z] : [info]: Total execution time: 1m 2s 23ms

[2023-02-13T17:34:48.761Z] : [info]: ---------------------------------------------

[2023-02-13T17:35:50.147Z] : [success]: Robot saved successfully

[2023-02-13T17:36:00.841Z] : [success]: Robot saved successfully

[2023-02-13T17:36:01.231Z] : [success]: Bot started

[2023-02-13T17:36:01.234Z] : [info]: Robot start

[2023-02-13T17:36:19.444Z] : [success]: Bot finished successfully, total execution time: 18s 209ms

[2023-02-13T17:36:19.449Z] : [info]: ---------------------------------------------

[2023-02-13T17:36:30.481Z] : [success]: Bot started

[2023-02-13T17:36:30.485Z] : [info]: Robot start

[2023-02-13T17:36:44.723Z] : [success]: Bot finished successfully, total execution time: 14s 237ms

[2023-02-13T17:36:44.727Z] : [info]: ---------------------------------------------

[2023-02-13T17:38:47.161Z] : [success]: Robot saved successfully

[2023-02-13T17:38:55.373Z] : [success]: Bot started

[2023-02-13T17:38:55.377Z] : [info]: Robot start

[2023-02-13T17:38:59.492Z] : [success]: Bot finished successfully, total execution time: 4s 114ms

[2023-02-13T17:38:59.553Z] : [info]: ---------------------------------------------

[2023-02-13T17:40:02.241Z] : [success]: Robot saved successfully

[2023-02-13T17:41:11.027Z] : [success]: Robot saved successfully

[2023-02-13T17:41:42.482Z] : [success]: Robot saved successfully

[2023-02-13T17:41:47.653Z] : [info]: ---------------------------------------------

[2023-02-13T17:41:47.657Z] : [success]: Bot started

[2023-02-13T17:41:47.661Z] : [info]: Robot start

[2023-02-13T17:44:22.401Z] : [success]: Bot finished successfully, total execution time: 2m 34s 738ms

[2023-02-13T17:44:22.407Z] : [info]: ---------------------------------------------

[2023-02-13T17:44:29.445Z] : [success]: Robot saved successfully

