[2023-01-11T21:37:49.340Z] : [success]: Robot saved successfully

[2023-01-11T21:41:04.427Z] : [success]: Robot saved successfully

[2023-01-11T21:41:04.905Z] : [success]: Bot started

[2023-01-11T21:41:04.909Z] : [info]: Robot start

[2023-01-11T21:41:06.051Z] : [success]: Bot finished successfully, total execution time: 1s 141ms

[2023-01-11T21:41:06.057Z] : [info]: ---------------------------------------------

[2023-01-11T21:41:19.092Z] : [success]: Robot saved successfully

[2023-01-11T21:41:19.353Z] : [success]: Bot started

[2023-01-11T21:41:19.358Z] : [info]: Robot start

[2023-01-11T21:41:20.428Z] : [success]: Bot finished successfully, total execution time: 1s 69ms

[2023-01-11T21:41:20.432Z] : [info]: ---------------------------------------------

[2023-01-11T21:43:36.681Z] : [success]: Robot saved successfully

[2023-01-11T21:43:36.953Z] : [success]: Bot started

[2023-01-11T21:43:36.958Z] : [info]: Robot start

[2023-01-11T21:43:38.048Z] : [success]: Bot finished successfully, total execution time: 1s 89ms

[2023-01-11T21:43:38.053Z] : [info]: ---------------------------------------------

[2023-01-11T21:43:53.161Z] : [success]: Robot saved successfully

[2023-01-11T21:43:53.400Z] : [success]: Bot started

[2023-01-11T21:43:53.431Z] : [info]: Robot start

[2023-01-11T21:43:54.531Z] : [success]: Bot finished successfully, total execution time: 1s 100ms

[2023-01-11T21:43:54.536Z] : [info]: ---------------------------------------------

[2023-01-11T21:46:09.550Z] : [success]: Robot saved successfully

[2023-01-11T21:46:09.917Z] : [success]: Bot started

[2023-01-11T21:46:09.922Z] : [info]: Robot start

[2023-01-11T21:46:11.017Z] : [success]: Bot finished successfully, total execution time: 1s 94ms

[2023-01-11T21:46:11.021Z] : [info]: ---------------------------------------------

[2023-01-11T21:46:37.853Z] : [success]: Robot saved successfully

[2023-01-11T21:46:38.260Z] : [success]: Bot started

[2023-01-11T21:46:38.264Z] : [info]: Robot start

[2023-01-11T21:46:39.363Z] : [success]: Bot finished successfully, total execution time: 1s 96ms

[2023-01-11T21:46:39.372Z] : [info]: ---------------------------------------------

[2023-01-11T21:47:59.942Z] : [success]: Robot saved successfully

[2023-01-11T21:48:00.233Z] : [success]: Bot started

[2023-01-11T21:48:00.238Z] : [info]: Robot start

[2023-01-11T21:48:13.439Z] : [success]: Bot finished successfully, total execution time: 13s 200ms

[2023-01-11T21:48:13.477Z] : [info]: ---------------------------------------------

[2023-01-11T21:48:43.585Z] : [success]: Robot saved successfully

[2023-01-11T21:49:37.650Z] : [success]: Robot saved successfully

[2023-01-11T21:49:37.934Z] : [success]: Bot started

[2023-01-11T21:49:37.939Z] : [info]: Robot start

[2023-01-11T21:49:47.108Z] : [success]: Bot finished successfully, total execution time: 9s 168ms

[2023-01-11T21:49:47.112Z] : [info]: ---------------------------------------------

[2023-01-11T21:49:55.334Z] : [success]: Robot saved successfully

