
  ==========================================
  Studio Pro version: 9.0.5
  Started at: 3/2/2023 23:22:26
  ==========================================
  

[2023-02-04T06:22:45.493Z] : [success]: Robot saved successfully

[2023-02-04T06:23:43.602Z] : [error]: excel_completo is not defined

[2023-02-04T06:23:43.607Z] : [info]: Total execution time: 30s 588ms

[2023-02-04T06:23:43.610Z] : [info]: ---------------------------------------------


  ==========================================
  Studio Pro version: 9.0.5
  Started at: 3/2/2023 23:23:44
  ==========================================
  

[2023-02-04T06:24:01.774Z] : [success]: Robot saved successfully

[2023-02-04T06:24:40.246Z] : [error]: Selectors: Unfortunately, the Excel sheet name you're searching for is either invalid or does not exist. Check the sheet name exists and it is well written in Studion Pro and/or validate the characters formatting is correct.

[2023-02-04T06:24:40.264Z] : [info]: Total execution time: 33s 2ms

[2023-02-04T06:24:40.268Z] : [info]: ---------------------------------------------


  ==========================================
  Studio Pro version: 9.0.5
  Started at: 3/2/2023 23:24:40
  ==========================================
  

[2023-02-04T06:26:24.350Z] : [success]: Robot saved successfully

[2023-02-04T06:27:07.400Z] : [error]: Selectors: Unfortunately, the Excel sheet name you're searching for is either invalid or does not exist. Check the sheet name exists and it is well written in Studion Pro and/or validate the characters formatting is correct.

[2023-02-04T06:27:07.405Z] : [info]: Total execution time: 38s 139ms

[2023-02-04T06:27:07.409Z] : [info]: ---------------------------------------------


  ==========================================
  Studio Pro version: 9.0.5
  Started at: 3/2/2023 23:27:07
  ==========================================
  

[2023-02-04T06:27:31.927Z] : [success]: Robot saved successfully


  ==========================================
  Studio Pro version: 9.0.5
  Started at: 3/2/2023 23:31:34
  ==========================================
  

[2023-02-04T06:33:36.575Z] : [success]: Robot saved successfully

