
  ==========================================
  Studio Pro version: 9.1.4
  Started at: 10/3/2023, 10:39:57
  ==========================================
  


  ==========================================
  Studio Pro version: 9.1.4
  Started at: 10/3/2023, 11:57:34
  ==========================================
  

[2023-03-10T18:00:53.920Z] : [success]: Robot saved successfully

[2023-03-10T18:00:54.342Z] : [success]: Bot started

[2023-03-10T18:00:54.343Z] : [info]: Robot start

[2023-03-10T18:00:56.936Z] : [error]: fecha_inicio_mes is not defined

[2023-03-10T18:00:56.943Z] : [info]: Total execution time: 2s 592ms

[2023-03-10T18:00:56.945Z] : [info]: ---------------------------------------------

[2023-03-10T18:02:31.482Z] : [success]: Robot saved successfully

[2023-03-10T18:02:32.016Z] : [success]: Bot started

[2023-03-10T18:02:32.017Z] : [info]: Robot start

[2023-03-10T18:02:34.226Z] : [success]: Bot finished successfully, total execution time: 2s 206ms

[2023-03-10T18:02:34.227Z] : [info]: ---------------------------------------------

[2023-03-10T18:12:13.701Z] : [success]: Robot saved successfully

[2023-03-10T18:12:14.534Z] : [success]: Bot started

[2023-03-10T18:12:14.536Z] : [info]: Robot start

[2023-03-10T18:12:17.046Z] : [success]: Bot finished successfully, total execution time: 2s 509ms

[2023-03-10T18:12:17.048Z] : [info]: ---------------------------------------------

[2023-03-10T18:13:01.688Z] : [success]: Robot saved successfully

[2023-03-10T18:27:56.332Z] : [success]: Robot saved successfully


  ==========================================
  Studio Pro version: 9.1.4
  Started at: 10/3/2023, 12:39:33
  ==========================================
  


  ==========================================
  Studio Pro version: 9.1.4
  Started at: 10/3/2023, 12:44:46
  ==========================================
  

[2023-03-10T18:45:16.312Z] : [success]: Robot saved successfully


  ==========================================
  Studio Pro version: 9.1.4
  Started at: 10/3/2023, 13:40:15
  ==========================================
  


  ==========================================
  Studio Pro version: 9.1.4
  Started at: 10/3/2023, 14:40:01
  ==========================================
  

[2023-03-10T20:40:17.992Z] : [success]: Robot saved successfully

[2023-03-10T20:42:43.553Z] : [success]: Robot saved successfully

