
  ==========================================
  Studio Pro version: 9.0.5
  Started at: 19/1/2023 20:10:40
  ==========================================
  

[2023-01-20T02:11:01.046Z] : [success]: Robot saved successfully

[2023-01-20T02:11:01.511Z] : [success]: Bot started

[2023-01-20T02:11:01.514Z] : [info]: Robot start

[2023-01-20T02:11:08.339Z] : [success]: Bot finished successfully, total execution time: 6s 824ms

[2023-01-20T02:11:08.343Z] : [info]: ---------------------------------------------

[2023-01-20T02:11:35.717Z] : [success]: Robot saved successfully

[2023-01-20T02:11:36.139Z] : [success]: Bot started

[2023-01-20T02:11:36.142Z] : [info]: Robot start

[2023-01-20T02:11:38.272Z] : [error]: Unexpected token ':'

[2023-01-20T02:11:38.277Z] : [info]: Total execution time: 2s 129ms

[2023-01-20T02:11:38.281Z] : [info]: ---------------------------------------------

[2023-01-20T02:11:49.665Z] : [success]: Robot saved successfully

[2023-01-20T02:11:50.089Z] : [success]: Bot started

[2023-01-20T02:11:50.092Z] : [info]: Robot start

[2023-01-20T02:11:55.592Z] : [success]: Bot finished successfully, total execution time: 5s 499ms

[2023-01-20T02:11:55.597Z] : [info]: ---------------------------------------------

[2023-01-20T02:12:03.259Z] : [success]: Robot saved successfully

[2023-01-20T02:12:03.719Z] : [success]: Bot started

[2023-01-20T02:12:03.723Z] : [info]: Robot start

[2023-01-20T02:12:06.134Z] : [success]: Bot finished successfully, total execution time: 2s 410ms

[2023-01-20T02:12:06.170Z] : [info]: ---------------------------------------------

[2023-01-20T02:12:32.866Z] : [success]: Robot saved successfully

[2023-01-20T02:12:33.469Z] : [success]: Bot started

[2023-01-20T02:12:33.474Z] : [info]: Robot start

[2023-01-20T02:12:53.983Z] : [error]: Script Stopped.

[2023-01-20T02:12:53.989Z] : [info]: Total execution time: 20s 509ms

[2023-01-20T02:12:53.992Z] : [info]: ---------------------------------------------

[2023-01-20T02:12:59.852Z] : [success]: Robot saved successfully

[2023-01-20T02:13:00.526Z] : [success]: Bot started

[2023-01-20T02:13:00.530Z] : [info]: Robot start

[2023-01-20T02:13:27.424Z] : [warn]: There is a small amount of free memory (RAM) left, 95.29% of RAM is being used (15486 MBs). The performance of Studio Pro and bots during execution may be unstable. Close applications that are not being used, increase the memory, or optimize the workflow.

[2023-01-20T02:13:33.394Z] : [error]: Script Stopped.

[2023-01-20T02:13:33.399Z] : [info]: Total execution time: 32s 864ms

[2023-01-20T02:13:33.403Z] : [info]: ---------------------------------------------

[2023-01-20T02:13:45.454Z] : [success]: Robot saved successfully

[2023-01-20T02:13:45.966Z] : [success]: Bot started

[2023-01-20T02:13:45.969Z] : [info]: Robot start

[2023-01-20T02:13:50.406Z] : [success]: Bot finished successfully, total execution time: 4s 437ms

[2023-01-20T02:13:50.411Z] : [info]: ---------------------------------------------

[2023-01-20T02:14:01.374Z] : [success]: Robot saved successfully

