[2023-02-04T05:12:03.803Z] : [error]: Canceled by user

[2023-02-04T05:12:03.824Z] : [info]: Total execution time: 17s 965ms

[2023-02-04T05:12:03.827Z] : [info]: ---------------------------------------------


  ==========================================
  Studio Pro version: 9.0.5
  Started at: 3/2/2023 22:12:04
  ==========================================
  

[2023-02-04T05:13:49.544Z] : [success]: Robot saved successfully

[2023-02-04T05:13:50.316Z] : [success]: Bot started

[2023-02-04T05:13:50.320Z] : [info]: Robot start

[2023-02-04T05:14:03.755Z] : [success]: Bot finished successfully, total execution time: 13s 435ms

[2023-02-04T05:14:03.760Z] : [info]: ---------------------------------------------

[2023-02-04T05:16:26.131Z] : [success]: Robot saved successfully

[2023-02-04T05:16:26.719Z] : [success]: Bot started

[2023-02-04T05:16:26.723Z] : [info]: Robot start

[2023-02-04T05:16:28.830Z] : [success]: Bot finished successfully, total execution time: 2s 106ms

[2023-02-04T05:16:28.834Z] : [info]: ---------------------------------------------

[2023-02-04T05:17:17.575Z] : [success]: Robot saved successfully

[2023-02-04T05:17:18.034Z] : [success]: Bot started

[2023-02-04T05:17:18.037Z] : [info]: Robot start

[2023-02-04T05:17:20.156Z] : [success]: Bot finished successfully, total execution time: 2s 119ms

[2023-02-04T05:17:20.162Z] : [info]: ---------------------------------------------

[2023-02-04T05:17:28.770Z] : [success]: Robot saved successfully

[2023-02-04T05:17:29.154Z] : [success]: Bot started

[2023-02-04T05:17:29.157Z] : [info]: Robot start

[2023-02-04T05:17:31.247Z] : [success]: Bot finished successfully, total execution time: 2s 90ms

[2023-02-04T05:17:31.252Z] : [info]: ---------------------------------------------

[2023-02-04T05:17:37.703Z] : [success]: Robot saved successfully


  ==========================================
  Studio Pro version: 9.0.5
  Started at: 3/2/2023 23:00:11
  ==========================================
  

