[2023-03-07T00:43:39.946Z] : [error]: directory doesn't exist

[2023-03-07T00:43:39.954Z] : [info]: Total execution time: 8s 695ms

[2023-03-07T00:43:39.957Z] : [info]: ---------------------------------------------


  ==========================================
  Studio Pro version: 9.0.5
  Started at: 6/3/2023 17:43:40
  ==========================================
  

[2023-03-07T00:44:25.437Z] : [error]: directory doesn't exist

[2023-03-07T00:44:25.442Z] : [info]: Total execution time: 7s 713ms

[2023-03-07T00:44:25.445Z] : [info]: ---------------------------------------------


  ==========================================
  Studio Pro version: 9.0.5
  Started at: 6/3/2023 17:44:25
  ==========================================
  


  ==========================================
  Studio Pro version: 9.0.5
  Started at: 6/3/2023 17:47:21
  ==========================================
  

[2023-03-07T00:47:30.295Z] : [error]: directory doesn't exist

[2023-03-07T00:47:30.318Z] : [info]: Total execution time: 35s 561ms

[2023-03-07T00:47:30.322Z] : [info]: ---------------------------------------------

[2023-03-07T00:49:10.085Z] : [success]: Robot saved successfully


  ==========================================
  Studio Pro version: 9.0.5
  Started at: 6/3/2023 17:51:49
  ==========================================
  


  ==========================================
  Studio Pro version: 9.0.5
  Started at: 6/3/2023 18:06:41
  ==========================================
  


  ==========================================
  Studio Pro version: 9.0.5
  Started at: 6/3/2023 19:35:43
  ==========================================
  

[2023-03-07T02:37:04.232Z] : [success]: Robot saved successfully

