
  ==========================================
  Studio Pro version: 9.0.5
  Started at: 24/2/2023 10:36:20
  ==========================================
  

[2023-02-24T18:08:30.143Z] : [warn]: There is a small amount of free memory (RAM) left, 90.07% of RAM is being used (14638 MBs). The performance of Studio Pro and bots during execution may be unstable. Close applications that are not being used, increase the memory, or optimize the workflow.

[2023-02-24T18:11:30.164Z] : [warn]: There is a small amount of free memory (RAM) left, 90.13% of RAM is being used (14648 MBs). The performance of Studio Pro and bots during execution may be unstable. Close applications that are not being used, increase the memory, or optimize the workflow.

[2023-02-24T18:19:00.062Z] : [warn]: There is a small amount of free memory (RAM) left, 91.29% of RAM is being used (14836 MBs). The performance of Studio Pro and bots during execution may be unstable. Close applications that are not being used, increase the memory, or optimize the workflow.

[2023-02-24T18:27:00.066Z] : [warn]: There is a small amount of free memory (RAM) left, 90.51% of RAM is being used (14709 MBs). The performance of Studio Pro and bots during execution may be unstable. Close applications that are not being used, increase the memory, or optimize the workflow.

[2023-02-24T21:23:47.632Z] : [success]: Robot saved successfully

[2023-02-24T22:26:54.968Z] : [error]: Cannot read properties of undefined (reading 'replaceAll')

[2023-02-24T22:26:54.991Z] : [info]: Total execution time: 18s 461ms

[2023-02-24T22:26:54.995Z] : [info]: ---------------------------------------------


  ==========================================
  Studio Pro version: 9.0.5
  Started at: 24/2/2023 15:26:55
  ==========================================
  

[2023-02-24T22:27:34.627Z] : [success]: Robot saved successfully


  ==========================================
  Studio Pro version: 9.0.5
  Started at: 24/2/2023 15:29:13
  ==========================================
  

[2023-02-24T22:29:16.792Z] : [warn]: Keep in mind that it is good practice to set different names for variables. If a global and a local variable have the same name, the local one may shadow the global one. In case, you want to keep the names alike, we recommend you enable the Clear variables before execution option or add a lowercase “g” to the global one

[2023-02-24T22:29:17.407Z] : [error]: Script Stopped.

[2023-02-24T22:29:17.412Z] : [info]: Total execution time: 1m 26s 474ms

[2023-02-24T22:29:17.415Z] : [info]: ---------------------------------------------

[2023-02-24T22:30:20.185Z] : [success]: Robot saved successfully

[2023-02-24T22:30:20.982Z] : [success]: Bot started

[2023-02-24T22:30:21.003Z] : [info]: Robot start

[2023-02-24T22:32:15.577Z] : [error]: Script Stopped.

[2023-02-24T22:32:15.584Z] : [info]: Total execution time: 1m 54s 574ms

[2023-02-24T22:32:15.589Z] : [info]: ---------------------------------------------

[2023-02-24T22:32:35.449Z] : [success]: Robot saved successfully

[2023-02-24T22:32:36.002Z] : [success]: Bot started

[2023-02-24T22:32:36.006Z] : [info]: Robot start

[2023-02-24T22:33:56.174Z] : [success]: Bot finished successfully, total execution time: 1m 20s 167ms

[2023-02-24T22:33:56.193Z] : [info]: ---------------------------------------------

[2023-02-24T22:34:00.964Z] : [success]: Robot saved successfully

[2023-02-24T22:34:07.574Z] : [success]: Robot saved successfully


  ==========================================
  Studio Pro version: 9.0.5
  Started at: 24/2/2023 15:35:00
  ==========================================
  

[2023-02-24T22:49:12.321Z] : [error]: Cannot read properties of undefined (reading 'toString')

[2023-02-24T22:49:12.327Z] : [info]: Total execution time: 22s 337ms

[2023-02-24T22:49:12.344Z] : [info]: ---------------------------------------------


  ==========================================
  Studio Pro version: 9.0.5
  Started at: 24/2/2023 15:49:12
  ==========================================
  

[2023-02-24T22:50:14.750Z] : [error]: Cannot read properties of undefined (reading 'toString')

[2023-02-24T22:50:14.769Z] : [info]: Total execution time: 30s 984ms

[2023-02-24T22:50:14.773Z] : [info]: ---------------------------------------------


  ==========================================
  Studio Pro version: 9.0.5
  Started at: 24/2/2023 15:50:14
  ==========================================
  

[2023-02-24T22:50:27.618Z] : [success]: Robot saved successfully

[2023-02-24T22:50:28.064Z] : [success]: Bot started

[2023-02-24T22:50:28.067Z] : [info]: Robot start

[2023-02-24T22:50:52.252Z] : [success]: Bot finished successfully, total execution time: 24s 184ms

[2023-02-24T22:50:52.257Z] : [info]: ---------------------------------------------

[2023-02-24T22:51:34.368Z] : [success]: Robot saved successfully

[2023-02-24T22:51:36.656Z] : [success]: Bot started

[2023-02-24T22:51:36.661Z] : [info]: Robot start

[2023-02-24T22:52:02.593Z] : [success]: Bot finished successfully, total execution time: 25s 931ms

[2023-02-24T22:52:02.599Z] : [info]: ---------------------------------------------


  ==========================================
  Studio Pro version: 9.0.5
  Started at: 24/2/2023 15:55:04
  ==========================================
  

[2023-02-24T22:55:17.077Z] : [success]: Robot saved successfully

[2023-02-24T22:55:57.550Z] : [error]: Cannot read properties of undefined (reading 'toString')

[2023-02-24T22:55:57.556Z] : [info]: Total execution time: 22s 492ms

[2023-02-24T22:55:57.574Z] : [info]: ---------------------------------------------


  ==========================================
  Studio Pro version: 9.0.5
  Started at: 24/2/2023 15:55:57
  ==========================================
  

