
  ==========================================
  Studio Pro version: 9.1.4
  Started at: 13/3/2023, 10:39:47
  ==========================================
  

[2023-03-13T16:39:59.630Z] : [info]: ---------------------------------------------

[2023-03-13T16:39:59.632Z] : [success]: Bot started

[2023-03-13T16:39:59.633Z] : [info]: Robot start

[2023-03-13T16:40:00.808Z] : [info]: 6,999.6 : Preprocesamiento

[2023-03-13T16:40:00.928Z] : [info]: 6999.60 : Procesamiento final

[2023-03-13T16:40:01.289Z] : [info]: 0 : Preprocesamiento

[2023-03-13T16:40:01.369Z] : [info]: 0.00 : Procesamiento final

[2023-03-13T16:40:01.577Z] : [info]: 0.00 : Preprocesamiento

[2023-03-13T16:40:01.657Z] : [info]: 0.00 : Procesamiento final

[2023-03-13T16:40:01.929Z] : [info]: 0.00 : Preprocesamiento

[2023-03-13T16:40:02.042Z] : [info]: 0.00 : Procesamiento final

[2023-03-13T16:40:02.247Z] : [info]: 0.00 : Preprocesamiento

[2023-03-13T16:40:02.359Z] : [info]: 0.00 : Procesamiento final

[2023-03-13T16:40:02.560Z] : [info]: 0.00 : Preprocesamiento

[2023-03-13T16:40:02.661Z] : [info]: 0.00 : Procesamiento final

[2023-03-13T16:40:02.898Z] : [info]: 0.00 : Preprocesamiento

[2023-03-13T16:40:03.041Z] : [info]: 0.00 : Procesamiento final

[2023-03-13T16:40:03.323Z] : [info]: 0.00 : Preprocesamiento

[2023-03-13T16:40:03.414Z] : [info]: 0.00 : Procesamiento final

[2023-03-13T16:40:03.601Z] : [info]: 0.00 : Preprocesamiento

[2023-03-13T16:40:03.702Z] : [info]: 0.00 : Procesamiento final

[2023-03-13T16:40:03.921Z] : [info]: 0.00 : Preprocesamiento

[2023-03-13T16:40:04.045Z] : [info]: 0.00 : Procesamiento final

[2023-03-13T16:40:04.270Z] : [info]: 0.00 : Preprocesamiento

[2023-03-13T16:40:04.369Z] : [info]: 0.00 : Procesamiento final

[2023-03-13T16:40:04.588Z] : [info]: 0.00 : Preprocesamiento

[2023-03-13T16:40:04.671Z] : [info]: 0.00 : Procesamiento final

[2023-03-13T16:40:04.906Z] : [info]: 0.00 : Preprocesamiento

[2023-03-13T16:40:05.015Z] : [info]: 0.00 : Procesamiento final

[2023-03-13T16:40:05.248Z] : [info]: 0.00 : Preprocesamiento

[2023-03-13T16:40:05.342Z] : [info]: 0.00 : Procesamiento final

[2023-03-13T16:40:05.541Z] : [info]: 0.00 : Preprocesamiento

[2023-03-13T16:40:05.644Z] : [info]: 0.00 : Procesamiento final

[2023-03-13T16:40:05.869Z] : [info]: 0.00 : Preprocesamiento

[2023-03-13T16:40:05.993Z] : [info]: 0.00 : Procesamiento final

[2023-03-13T16:40:06.187Z] : [info]: 0.00 : Preprocesamiento

[2023-03-13T16:40:06.293Z] : [info]: 0.00 : Procesamiento final

[2023-03-13T16:40:06.482Z] : [info]: 0.00 : Preprocesamiento

[2023-03-13T16:40:06.564Z] : [info]: 0.00 : Procesamiento final

[2023-03-13T16:40:06.814Z] : [info]: 0.00 : Preprocesamiento

[2023-03-13T16:40:06.923Z] : [info]: 0.00 : Procesamiento final

[2023-03-13T16:40:07.135Z] : [info]: 0.00 : Preprocesamiento

[2023-03-13T16:40:07.254Z] : [info]: 0.00 : Procesamiento final

[2023-03-13T16:40:07.464Z] : [info]: 0.00 : Preprocesamiento

[2023-03-13T16:40:07.562Z] : [info]: 0.00 : Procesamiento final

[2023-03-13T16:40:07.819Z] : [info]: 0.00 : Preprocesamiento

[2023-03-13T16:40:07.931Z] : [info]: 0.00 : Procesamiento final

[2023-03-13T16:40:08.144Z] : [info]: 0.00 : Preprocesamiento

[2023-03-13T16:40:08.254Z] : [info]: 0.00 : Procesamiento final

[2023-03-13T16:40:08.536Z] : [info]: 0.00 : Preprocesamiento

[2023-03-13T16:40:08.663Z] : [info]: 0.00 : Procesamiento final

[2023-03-13T16:40:08.912Z] : [info]: 0.00 : Preprocesamiento

[2023-03-13T16:40:09.030Z] : [info]: 0.00 : Procesamiento final

[2023-03-13T16:40:09.236Z] : [info]: 0.00 : Preprocesamiento

[2023-03-13T16:40:09.346Z] : [info]: 0.00 : Procesamiento final

[2023-03-13T16:40:09.551Z] : [info]: 0.00 : Preprocesamiento

[2023-03-13T16:40:09.679Z] : [info]: 0.00 : Procesamiento final

[2023-03-13T16:40:09.888Z] : [info]: 0.00 : Preprocesamiento

[2023-03-13T16:40:10.075Z] : [info]: 0.00 : Procesamiento final

[2023-03-13T16:40:10.290Z] : [info]: 0.00 : Preprocesamiento

[2023-03-13T16:40:10.390Z] : [info]: 0.00 : Procesamiento final

[2023-03-13T16:40:10.610Z] : [info]: 0.00 : Preprocesamiento

[2023-03-13T16:40:10.736Z] : [info]: 0.00 : Procesamiento final

[2023-03-13T16:40:10.941Z] : [info]: 0.00 : Preprocesamiento

[2023-03-13T16:40:11.068Z] : [info]: 0.00 : Procesamiento final

[2023-03-13T16:40:11.288Z] : [info]: 0.00 : Preprocesamiento

[2023-03-13T16:40:11.369Z] : [info]: 0.00 : Procesamiento final

[2023-03-13T16:40:11.575Z] : [info]: 0.00 : Preprocesamiento

[2023-03-13T16:40:11.669Z] : [info]: 0.00 : Procesamiento final

[2023-03-13T16:40:11.873Z] : [info]: 0.00 : Preprocesamiento

[2023-03-13T16:40:11.968Z] : [info]: 0.00 : Procesamiento final

[2023-03-13T16:40:12.170Z] : [info]: 0.00 : Preprocesamiento

[2023-03-13T16:40:12.277Z] : [info]: 0.00 : Procesamiento final

[2023-03-13T16:40:12.525Z] : [info]: 0.00 : Preprocesamiento

[2023-03-13T16:40:12.619Z] : [info]: 0.00 : Procesamiento final

[2023-03-13T16:40:12.823Z] : [info]: 0.00 : Preprocesamiento

[2023-03-13T16:40:12.917Z] : [info]: 0.00 : Procesamiento final

[2023-03-13T16:40:13.122Z] : [info]: 0.00 : Preprocesamiento

[2023-03-13T16:40:13.219Z] : [info]: 0.00 : Procesamiento final

[2023-03-13T16:40:13.442Z] : [info]: 0.00 : Preprocesamiento

[2023-03-13T16:40:13.548Z] : [info]: 0.00 : Procesamiento final

[2023-03-13T16:40:13.796Z] : [info]: 0.00 : Preprocesamiento

[2023-03-13T16:40:13.904Z] : [info]: 0.00 : Procesamiento final

[2023-03-13T16:40:14.164Z] : [info]: 0.00 : Preprocesamiento

[2023-03-13T16:40:14.276Z] : [info]: 0.00 : Procesamiento final

[2023-03-13T16:40:14.501Z] : [info]: 0.00 : Preprocesamiento

[2023-03-13T16:40:14.604Z] : [info]: 0.00 : Procesamiento final

[2023-03-13T16:40:14.836Z] : [info]: 0.00 : Preprocesamiento

[2023-03-13T16:40:14.955Z] : [info]: 0.00 : Procesamiento final

[2023-03-13T16:40:15.205Z] : [info]: 0.00 : Preprocesamiento

[2023-03-13T16:40:15.304Z] : [info]: 0.00 : Procesamiento final

[2023-03-13T16:40:15.549Z] : [info]: 0.00 : Preprocesamiento

[2023-03-13T16:40:15.690Z] : [info]: 0.00 : Procesamiento final

[2023-03-13T16:40:15.992Z] : [info]: 0.00 : Preprocesamiento

[2023-03-13T16:40:16.101Z] : [info]: 0.00 : Procesamiento final

[2023-03-13T16:40:16.365Z] : [info]: 0.00 : Preprocesamiento

[2023-03-13T16:40:16.473Z] : [info]: 0.00 : Procesamiento final

[2023-03-13T16:40:16.705Z] : [info]: 0.00 : Preprocesamiento

[2023-03-13T16:40:16.816Z] : [info]: 0.00 : Procesamiento final

[2023-03-13T16:40:17.018Z] : [info]: 0.00 : Preprocesamiento

[2023-03-13T16:40:17.116Z] : [info]: 0.00 : Procesamiento final

[2023-03-13T16:40:17.345Z] : [info]: 0.00 : Preprocesamiento

[2023-03-13T16:40:17.455Z] : [info]: 0.00 : Procesamiento final

[2023-03-13T16:40:17.662Z] : [info]: 0.00 : Preprocesamiento

[2023-03-13T16:40:17.799Z] : [info]: 0.00 : Procesamiento final

[2023-03-13T16:40:18.052Z] : [info]: 0.00 : Preprocesamiento

[2023-03-13T16:40:18.161Z] : [info]: 0.00 : Procesamiento final

[2023-03-13T16:40:18.404Z] : [info]: 0.00 : Preprocesamiento

[2023-03-13T16:40:18.491Z] : [info]: 0.00 : Procesamiento final

[2023-03-13T16:40:18.864Z] : [info]: 0.00 : Preprocesamiento

[2023-03-13T16:40:18.966Z] : [info]: 0.00 : Procesamiento final

[2023-03-13T16:40:19.091Z] : [warn]: Keep in mind that it is good practice to set different names for variables. If a global and a local variable have the same name, the local one may shadow the global one. In case, you want to keep the names alike, we recommend you enable the Clear variables before execution option or add a lowercase “g” to the global one

[2023-03-13T16:40:20.587Z] : [error]: Script Stopped.

[2023-03-13T16:40:20.591Z] : [info]: Total execution time: 20s 953ms

[2023-03-13T16:40:20.592Z] : [info]: ---------------------------------------------

[2023-03-13T16:41:00.033Z] : [success]: Bot started

[2023-03-13T16:41:00.038Z] : [info]: Robot start

[2023-03-13T16:41:01.862Z] : [info]: 6,999.6 : Preprocesamiento

[2023-03-13T16:41:02.067Z] : [info]: 6999.60 : Procesamiento final

[2023-03-13T16:41:02.974Z] : [info]: 0 : Preprocesamiento

[2023-03-13T16:41:03.180Z] : [info]: 0.00 : Procesamiento final

[2023-03-13T16:41:03.724Z] : [info]: 0.00 : Preprocesamiento

[2023-03-13T16:41:03.964Z] : [info]: 0.00 : Procesamiento final

[2023-03-13T16:41:04.617Z] : [info]: 0.00 : Preprocesamiento

[2023-03-13T16:41:04.798Z] : [info]: 0.00 : Procesamiento final

[2023-03-13T16:41:05.202Z] : [info]: 0.00 : Preprocesamiento

[2023-03-13T16:41:05.385Z] : [info]: 0.00 : Procesamiento final

[2023-03-13T16:41:05.860Z] : [info]: 0.00 : Preprocesamiento

[2023-03-13T16:41:06.097Z] : [info]: 0.00 : Procesamiento final

[2023-03-13T16:41:06.572Z] : [info]: 0.00 : Preprocesamiento

[2023-03-13T16:41:06.812Z] : [info]: 0.00 : Procesamiento final

[2023-03-13T16:41:07.242Z] : [info]: 0.00 : Preprocesamiento

[2023-03-13T16:41:07.418Z] : [info]: 0.00 : Procesamiento final

[2023-03-13T16:41:07.912Z] : [info]: 0.00 : Preprocesamiento

[2023-03-13T16:41:08.087Z] : [info]: 0.00 : Procesamiento final

[2023-03-13T16:41:08.479Z] : [info]: 0.00 : Preprocesamiento

[2023-03-13T16:41:08.630Z] : [info]: 0.00 : Procesamiento final

[2023-03-13T16:41:09.025Z] : [info]: 0.00 : Preprocesamiento

[2023-03-13T16:41:09.209Z] : [info]: 0.00 : Procesamiento final

[2023-03-13T16:41:09.612Z] : [info]: 0.00 : Preprocesamiento

[2023-03-13T16:41:09.795Z] : [info]: 0.00 : Procesamiento final

[2023-03-13T16:41:10.289Z] : [info]: 0.00 : Preprocesamiento

[2023-03-13T16:41:10.458Z] : [info]: 0.00 : Procesamiento final

[2023-03-13T16:41:10.874Z] : [info]: 0.00 : Preprocesamiento

[2023-03-13T16:41:11.124Z] : [info]: 0.00 : Procesamiento final

[2023-03-13T16:41:11.463Z] : [info]: 0.00 : Preprocesamiento

[2023-03-13T16:41:11.672Z] : [info]: 0.00 : Procesamiento final

[2023-03-13T16:41:12.245Z] : [info]: 0.00 : Preprocesamiento

[2023-03-13T16:41:12.466Z] : [info]: 0.00 : Procesamiento final

[2023-03-13T16:41:12.930Z] : [info]: 0.00 : Preprocesamiento

[2023-03-13T16:41:13.119Z] : [info]: 0.00 : Procesamiento final

[2023-03-13T16:41:13.670Z] : [info]: 0.00 : Preprocesamiento

[2023-03-13T16:41:13.876Z] : [info]: 0.00 : Procesamiento final

[2023-03-13T16:41:14.401Z] : [info]: 0.00 : Preprocesamiento

[2023-03-13T16:41:14.593Z] : [info]: 0.00 : Procesamiento final

[2023-03-13T16:41:15.098Z] : [info]: 0.00 : Preprocesamiento

[2023-03-13T16:41:15.362Z] : [info]: 0.00 : Procesamiento final

[2023-03-13T16:41:15.886Z] : [info]: 0.00 : Preprocesamiento

[2023-03-13T16:41:16.113Z] : [info]: 0.00 : Procesamiento final

[2023-03-13T16:41:16.631Z] : [info]: 0.00 : Preprocesamiento

[2023-03-13T16:41:16.830Z] : [info]: 0.00 : Procesamiento final

[2023-03-13T16:41:17.273Z] : [info]: 0.00 : Preprocesamiento

[2023-03-13T16:41:17.447Z] : [info]: 0.00 : Procesamiento final

[2023-03-13T16:41:17.824Z] : [info]: 0.00 : Preprocesamiento

[2023-03-13T16:41:18.051Z] : [info]: 0.00 : Procesamiento final

[2023-03-13T16:41:18.586Z] : [info]: 0.00 : Preprocesamiento

[2023-03-13T16:41:18.787Z] : [info]: 0.00 : Procesamiento final

[2023-03-13T16:41:19.301Z] : [info]: 0.00 : Preprocesamiento

[2023-03-13T16:41:19.503Z] : [info]: 0.00 : Procesamiento final

[2023-03-13T16:41:20.072Z] : [info]: 0.00 : Preprocesamiento

[2023-03-13T16:41:20.291Z] : [info]: 0.00 : Procesamiento final

[2023-03-13T16:41:20.827Z] : [info]: 0.00 : Preprocesamiento

[2023-03-13T16:41:21.008Z] : [info]: 0.00 : Procesamiento final

[2023-03-13T16:41:21.466Z] : [info]: 0.00 : Preprocesamiento

[2023-03-13T16:41:21.657Z] : [info]: 0.00 : Procesamiento final

[2023-03-13T16:41:22.146Z] : [info]: 0.00 : Preprocesamiento

[2023-03-13T16:41:22.322Z] : [info]: 0.00 : Procesamiento final

[2023-03-13T16:41:22.807Z] : [info]: 0.00 : Preprocesamiento

[2023-03-13T16:41:23.189Z] : [info]: 0.00 : Procesamiento final

[2023-03-13T16:41:23.469Z] : [warn]: Keep in mind that it is good practice to set different names for variables. If a global and a local variable have the same name, the local one may shadow the global one. In case, you want to keep the names alike, we recommend you enable the Clear variables before execution option or add a lowercase “g” to the global one

[2023-03-13T16:41:24.684Z] : [error]: Script Stopped.

[2023-03-13T16:41:24.696Z] : [info]: Total execution time: 24s 646ms

[2023-03-13T16:41:24.698Z] : [info]: ---------------------------------------------

[2023-03-13T16:44:28.054Z] : [success]: Bot started

[2023-03-13T16:44:28.057Z] : [info]: Robot start

[2023-03-13T16:44:30.817Z] : [info]: 6,999.6 : Preprocesamiento

[2023-03-13T16:44:31.138Z] : [info]: 6999.60 : Procesamiento final

[2023-03-13T16:44:31.942Z] : [info]: 0 : Preprocesamiento

[2023-03-13T16:44:32.130Z] : [info]: 0.00 : Procesamiento final

[2023-03-13T16:44:32.680Z] : [info]: 0.00 : Preprocesamiento

[2023-03-13T16:44:32.870Z] : [info]: 0.00 : Procesamiento final

[2023-03-13T16:44:33.453Z] : [info]: 0.00 : Preprocesamiento

[2023-03-13T16:44:33.615Z] : [info]: 0.00 : Procesamiento final

[2023-03-13T16:44:34.012Z] : [info]: 0.00 : Preprocesamiento

[2023-03-13T16:44:34.186Z] : [info]: 0.00 : Procesamiento final

[2023-03-13T16:44:34.644Z] : [info]: 0.00 : Preprocesamiento

[2023-03-13T16:44:34.798Z] : [info]: 0.00 : Procesamiento final

[2023-03-13T16:44:35.331Z] : [info]: 0.00 : Preprocesamiento

[2023-03-13T16:44:35.517Z] : [info]: 0.00 : Procesamiento final

[2023-03-13T16:44:35.879Z] : [info]: 0.00 : Preprocesamiento

[2023-03-13T16:44:36.082Z] : [info]: 0.00 : Procesamiento final

[2023-03-13T16:44:36.622Z] : [info]: 0.00 : Preprocesamiento

[2023-03-13T16:44:36.833Z] : [info]: 0.00 : Procesamiento final

[2023-03-13T16:44:37.280Z] : [info]: 0.00 : Preprocesamiento

[2023-03-13T16:44:37.504Z] : [info]: 0.00 : Procesamiento final

[2023-03-13T16:44:38.005Z] : [info]: 0.00 : Preprocesamiento

[2023-03-13T16:44:38.177Z] : [info]: 0.00 : Procesamiento final

[2023-03-13T16:44:38.640Z] : [info]: 0.00 : Preprocesamiento

[2023-03-13T16:44:38.844Z] : [info]: 0.00 : Procesamiento final

[2023-03-13T16:44:39.416Z] : [info]: 0.00 : Preprocesamiento

[2023-03-13T16:44:39.623Z] : [info]: 0.00 : Procesamiento final

[2023-03-13T16:44:39.997Z] : [info]: 0.00 : Preprocesamiento

[2023-03-13T16:44:40.214Z] : [info]: 0.00 : Procesamiento final

[2023-03-13T16:44:40.597Z] : [info]: 0.00 : Preprocesamiento

[2023-03-13T16:44:40.805Z] : [info]: 0.00 : Procesamiento final

[2023-03-13T16:44:41.201Z] : [info]: 0.00 : Preprocesamiento

[2023-03-13T16:44:41.393Z] : [info]: 0.00 : Procesamiento final

[2023-03-13T16:44:41.885Z] : [info]: 0.00 : Preprocesamiento

[2023-03-13T16:44:42.060Z] : [info]: 0.00 : Procesamiento final

[2023-03-13T16:44:42.458Z] : [info]: 0.00 : Preprocesamiento

[2023-03-13T16:44:42.682Z] : [info]: 0.00 : Procesamiento final

[2023-03-13T16:44:43.122Z] : [info]: 0.00 : Preprocesamiento

[2023-03-13T16:44:43.264Z] : [info]: 0.00 : Procesamiento final

[2023-03-13T16:44:43.662Z] : [info]: 0.00 : Preprocesamiento

[2023-03-13T16:44:43.816Z] : [info]: 0.00 : Procesamiento final

[2023-03-13T16:44:44.568Z] : [info]: 0.00 : Preprocesamiento

[2023-03-13T16:44:44.873Z] : [info]: 0.00 : Procesamiento final

[2023-03-13T16:44:45.280Z] : [warn]: Keep in mind that it is good practice to set different names for variables. If a global and a local variable have the same name, the local one may shadow the global one. In case, you want to keep the names alike, we recommend you enable the Clear variables before execution option or add a lowercase “g” to the global one

[2023-03-13T16:44:45.547Z] : [error]: Script Stopped.

[2023-03-13T16:44:45.553Z] : [info]: Total execution time: 17s 488ms

[2023-03-13T16:44:45.555Z] : [info]: ---------------------------------------------

[2023-03-13T16:48:59.365Z] : [success]: Bot started

[2023-03-13T16:48:59.369Z] : [info]: Robot start

[2023-03-13T16:56:05.488Z] : [info]: 6,999.6 : Preprocesamiento

[2023-03-13T16:57:17.170Z] : [info]: 6999.60 : Procesamiento final

[2023-03-13T17:00:58.399Z] : [info]: 0 : Preprocesamiento

[2023-03-13T17:07:54.902Z] : [warn]: Keep in mind that it is good practice to set different names for variables. If a global and a local variable have the same name, the local one may shadow the global one. In case, you want to keep the names alike, we recommend you enable the Clear variables before execution option or add a lowercase “g” to the global one

[2023-03-13T17:07:55.890Z] : [error]: Script Stopped.

[2023-03-13T17:07:55.895Z] : [info]: Total execution time: 18m 56s 520ms

[2023-03-13T17:07:55.896Z] : [info]: ---------------------------------------------

[2023-03-13T17:56:04.325Z] : [success]: Robot saved successfully

[2023-03-13T17:56:05.129Z] : [success]: Bot started

[2023-03-13T17:56:05.131Z] : [info]: Robot start

[2023-03-13T17:56:06.406Z] : [info]: 6,999.6 : Preprocesamiento

[2023-03-13T17:56:06.549Z] : [info]: 6999.60 : Procesamiento final

[2023-03-13T17:56:06.931Z] : [info]: 0 : Preprocesamiento

[2023-03-13T17:56:07.025Z] : [info]: 0.00 : Procesamiento final

[2023-03-13T17:56:07.248Z] : [info]: 0.00 : Preprocesamiento

[2023-03-13T17:56:07.352Z] : [info]: 0.00 : Procesamiento final

[2023-03-13T17:56:07.612Z] : [info]: 0.00 : Preprocesamiento

[2023-03-13T17:56:07.692Z] : [info]: 0.00 : Procesamiento final

[2023-03-13T17:56:07.899Z] : [info]: 0.00 : Preprocesamiento

[2023-03-13T17:56:08.009Z] : [info]: 0.00 : Procesamiento final

[2023-03-13T17:56:08.215Z] : [info]: 0.00 : Preprocesamiento

[2023-03-13T17:56:08.340Z] : [info]: 0.00 : Procesamiento final

[2023-03-13T17:56:08.579Z] : [info]: 0.00 : Preprocesamiento

[2023-03-13T17:56:08.658Z] : [info]: 0.00 : Procesamiento final

[2023-03-13T17:56:08.879Z] : [info]: 0.00 : Preprocesamiento

[2023-03-13T17:56:08.990Z] : [info]: 0.00 : Procesamiento final

[2023-03-13T17:56:09.181Z] : [info]: 0.00 : Preprocesamiento

[2023-03-13T17:56:09.275Z] : [info]: 0.00 : Procesamiento final

[2023-03-13T17:56:09.498Z] : [info]: 0.00 : Preprocesamiento

[2023-03-13T17:56:09.606Z] : [info]: 0.00 : Procesamiento final

[2023-03-13T17:56:09.831Z] : [info]: 0.00 : Preprocesamiento

[2023-03-13T17:56:09.941Z] : [info]: 0.00 : Procesamiento final

[2023-03-13T17:56:10.165Z] : [info]: 0.00 : Preprocesamiento

[2023-03-13T17:56:10.244Z] : [info]: 0.00 : Procesamiento final

[2023-03-13T17:56:10.467Z] : [info]: 0.00 : Preprocesamiento

[2023-03-13T17:56:10.578Z] : [info]: 0.00 : Procesamiento final

[2023-03-13T17:56:10.769Z] : [info]: 0.00 : Preprocesamiento

[2023-03-13T17:56:10.895Z] : [info]: 0.00 : Procesamiento final

[2023-03-13T17:56:11.094Z] : [info]: 0.00 : Preprocesamiento

[2023-03-13T17:56:11.194Z] : [info]: 0.00 : Procesamiento final

[2023-03-13T17:56:11.402Z] : [info]: 0.00 : Preprocesamiento

[2023-03-13T17:56:11.498Z] : [info]: 0.00 : Procesamiento final

[2023-03-13T17:56:11.718Z] : [info]: 0.00 : Preprocesamiento

[2023-03-13T17:56:11.829Z] : [info]: 0.00 : Procesamiento final

[2023-03-13T17:56:12.129Z] : [info]: 0.00 : Preprocesamiento

[2023-03-13T17:56:12.250Z] : [info]: 0.00 : Procesamiento final

[2023-03-13T17:56:12.502Z] : [info]: 0.00 : Preprocesamiento

[2023-03-13T17:56:12.621Z] : [info]: 0.00 : Procesamiento final

[2023-03-13T17:56:12.827Z] : [info]: 0.00 : Preprocesamiento

[2023-03-13T17:56:12.938Z] : [info]: 0.00 : Procesamiento final

[2023-03-13T17:56:13.185Z] : [info]: 0.00 : Preprocesamiento

[2023-03-13T17:56:13.299Z] : [info]: 0.00 : Procesamiento final

[2023-03-13T17:56:13.572Z] : [info]: 0.00 : Preprocesamiento

[2023-03-13T17:56:13.684Z] : [info]: 0.00 : Procesamiento final

[2023-03-13T17:56:14.055Z] : [info]: 0.00 : Preprocesamiento

[2023-03-13T17:56:14.171Z] : [info]: 0.00 : Procesamiento final

[2023-03-13T17:56:14.405Z] : [info]: 0.00 : Preprocesamiento

[2023-03-13T17:56:14.511Z] : [info]: 0.00 : Procesamiento final

[2023-03-13T17:56:14.518Z] : [warn]: Keep in mind that it is good practice to set different names for variables. If a global and a local variable have the same name, the local one may shadow the global one. In case, you want to keep the names alike, we recommend you enable the Clear variables before execution option or add a lowercase “g” to the global one

[2023-03-13T17:56:14.649Z] : [error]: Script Stopped.

[2023-03-13T17:56:14.652Z] : [info]: Total execution time: 9s 515ms

[2023-03-13T17:56:14.654Z] : [info]: ---------------------------------------------

[2023-03-13T17:56:35.991Z] : [success]: Bot started

[2023-03-13T17:56:35.992Z] : [info]: Robot start

[2023-03-13T17:56:58.218Z] : [info]: 6,999.6 : Preprocesamiento

[2023-03-13T17:57:07.010Z] : [info]: 6999.60 : Procesamiento final

[2023-03-13T17:57:08.750Z] : [info]: 0 : Preprocesamiento

[2023-03-13T17:57:10.807Z] : [info]: 0.00 : Procesamiento final

[2023-03-13T17:57:11.122Z] : [info]: 0.00 : Preprocesamiento

[2023-03-13T17:57:22.778Z] : [info]: 0.00 : Procesamiento final

[2023-03-13T17:57:23.043Z] : [info]: 0.00 : Preprocesamiento

[2023-03-13T17:57:27.954Z] : [info]: 0.00 : Procesamiento final

[2023-03-13T17:57:28.256Z] : [info]: 0.00 : Preprocesamiento

[2023-03-13T17:57:32.754Z] : [info]: 0.00 : Procesamiento final

[2023-03-13T17:57:33.018Z] : [info]: 0.00 : Preprocesamiento

[2023-03-13T17:57:46.883Z] : [warn]: Keep in mind that it is good practice to set different names for variables. If a global and a local variable have the same name, the local one may shadow the global one. In case, you want to keep the names alike, we recommend you enable the Clear variables before execution option or add a lowercase “g” to the global one

[2023-03-13T17:57:47.040Z] : [error]: Script Stopped.

[2023-03-13T17:57:47.043Z] : [info]: Total execution time: 1m 11s 48ms

[2023-03-13T17:57:47.045Z] : [info]: ---------------------------------------------

[2023-03-13T17:58:01.446Z] : [success]: Robot saved successfully

[2023-03-13T17:58:01.930Z] : [success]: Bot started

[2023-03-13T17:58:01.931Z] : [info]: Robot start

[2023-03-13T17:58:08.247Z] : [info]: 6,999.6 : Preprocesamiento

[2023-03-13T17:58:29.389Z] : [info]: 6999.60 : Procesamiento final

[2023-03-13T17:59:18.520Z] : [info]: 0 : Preprocesamiento

[2023-03-13T18:00:22.242Z] : [info]: 0.00 : Procesamiento final

[2023-03-13T18:01:22.342Z] : [warn]: Keep in mind that it is good practice to set different names for variables. If a global and a local variable have the same name, the local one may shadow the global one. In case, you want to keep the names alike, we recommend you enable the Clear variables before execution option or add a lowercase “g” to the global one

[2023-03-13T18:01:22.992Z] : [error]: Script Stopped.

[2023-03-13T18:01:22.995Z] : [info]: Total execution time: 3m 21s 60ms

[2023-03-13T18:01:22.997Z] : [info]: ---------------------------------------------

[2023-03-13T18:01:34.138Z] : [success]: Robot saved successfully

[2023-03-13T18:01:34.610Z] : [success]: Bot started

[2023-03-13T18:01:34.611Z] : [info]: Robot start

[2023-03-13T18:01:35.847Z] : [info]: 6,999.6 : Preprocesamiento

[2023-03-13T18:01:35.973Z] : [info]: 6999.60 : Procesamiento final

[2023-03-13T18:01:36.432Z] : [info]: 0 : Preprocesamiento

[2023-03-13T18:01:36.560Z] : [info]: 0.00 : Procesamiento final

[2023-03-13T18:01:36.926Z] : [info]: 5800 : Preprocesamiento

[2023-03-13T18:01:37.039Z] : [info]: 5800.00 : Procesamiento final

[2023-03-13T18:01:37.475Z] : [info]: 1440 : Preprocesamiento

[2023-03-13T18:01:37.569Z] : [info]: 1440.00 : Procesamiento final

[2023-03-13T18:01:40.267Z] : [info]: 395 : Preprocesamiento

[2023-03-13T18:01:40.393Z] : [info]: 395.00 : Procesamiento final

[2023-03-13T18:01:40.810Z] : [info]: 59400 : Preprocesamiento

[2023-03-13T18:01:40.875Z] : [info]: 59400.00 : Procesamiento final

[2023-03-13T18:01:43.001Z] : [info]: 5100 : Preprocesamiento

[2023-03-13T18:01:43.105Z] : [info]: 5100.00 : Procesamiento final

[2023-03-13T18:01:45.212Z] : [info]: 35322 : Preprocesamiento

[2023-03-13T18:01:45.312Z] : [info]: 35322.00 : Procesamiento final

[2023-03-13T18:01:46.441Z] : [error]: Script Stopped.

[2023-03-13T18:01:46.444Z] : [info]: Total execution time: 11s 830ms

[2023-03-13T18:01:46.446Z] : [info]: ---------------------------------------------

[2023-03-13T18:01:55.932Z] : [success]: Bot started

[2023-03-13T18:01:55.933Z] : [info]: Robot start

[2023-03-13T18:02:03.220Z] : [info]: 6,999.6 : Preprocesamiento

[2023-03-13T18:02:09.199Z] : [info]: 6999.60 : Procesamiento final

[2023-03-13T18:02:31.516Z] : [info]: 0 : Preprocesamiento

[2023-03-13T18:02:37.851Z] : [info]: 0.00 : Procesamiento final

[2023-03-13T18:02:59.194Z] : [info]: 5800 : Preprocesamiento

[2023-03-13T18:03:38.470Z] : [info]: 5800.00 : Procesamiento final

[2023-03-13T18:06:45.796Z] : [info]: 1440 : Preprocesamiento

[2023-03-13T18:06:51.396Z] : [info]: 1440.00 : Procesamiento final

[2023-03-13T18:19:01.836Z] : [success]: Robot saved successfully

[2023-03-13T18:19:06.246Z] : [error]: Script Stopped.

[2023-03-13T18:19:06.249Z] : [info]: Total execution time: 17m 10s 312ms

[2023-03-13T18:19:06.251Z] : [info]: ---------------------------------------------

[2023-03-13T18:19:22.305Z] : [success]: Robot saved successfully

[2023-03-13T18:22:36.181Z] : [success]: Robot saved successfully

[2023-03-13T19:18:09.215Z] : [error]: Cannot read properties of undefined (reading 'toString')

[2023-03-13T19:18:09.219Z] : [info]: Total execution time: 1m 51s 110ms

[2023-03-13T19:18:09.221Z] : [info]: ---------------------------------------------

[2023-03-13T19:18:26.683Z] : [success]: Robot saved successfully

[2023-03-13T19:18:55.540Z] : [success]: Robot saved successfully

[2023-03-13T19:19:20.659Z] : [success]: Robot saved successfully

