[2023-01-06T23:01:40.790Z] : [success]: Robot saved successfully

[2023-01-06T23:02:59.915Z] : [success]: Robot saved successfully

[2023-01-06T23:03:00.099Z] : [success]: Bot started

[2023-01-06T23:03:00.104Z] : [info]: Robot start

[2023-01-06T23:03:09.307Z] : [success]: Bot finished successfully, total execution time: 9s 202ms

[2023-01-06T23:03:09.311Z] : [info]: ---------------------------------------------

[2023-01-06T23:03:24.224Z] : [success]: Robot saved successfully


  ==========================================
  Studio Pro version: 8.7.11
  Started at: 6/1/2023 17:15:01
  ==========================================
  

[2023-01-06T23:15:03.916Z] : [success]: Robot saved successfully


  ==========================================
  Studio Pro version: 8.7.11
  Started at: 6/1/2023 17:15:23
  ==========================================
  

[2023-01-06T23:16:14.836Z] : [success]: Robot saved successfully


  ==========================================
  Studio Pro version: 8.7.11
  Started at: 7/1/2023 11:03:09
  ==========================================
  


  ==========================================
  Studio Pro version: 8.7.11
  Started at: 7/1/2023 15:30:05
  ==========================================
  

[2023-01-07T21:32:35.728Z] : [success]: Robot saved successfully

[2023-01-07T21:32:35.960Z] : [success]: Bot started

[2023-01-07T21:32:35.965Z] : [info]: Robot start

[2023-01-07T21:32:47.291Z] : [error]: Script Stopped.

[2023-01-07T21:32:47.296Z] : [warn]: Total execution time: 11s 325ms

[2023-01-07T21:32:47.299Z] : [info]: ---------------------------------------------

[2023-01-07T21:33:04.017Z] : [success]: Bot started

[2023-01-07T21:33:04.023Z] : [info]: Robot start

[2023-01-07T21:33:11.589Z] : [error]: Script Stopped.

[2023-01-07T21:33:11.608Z] : [warn]: Total execution time: 7s 566ms

[2023-01-07T21:33:11.614Z] : [info]: ---------------------------------------------

[2023-01-07T21:33:13.688Z] : [warn]: There is a small amount of free memory (RAM) left, 91.9% of RAM is being used (14936 MBs). The performance of Studio Pro and bots during execution may be unstable. Close applications that are not being used, increase the memory, or optimize the workflow.


  ==========================================
  Studio Pro version: 8.7.11
  Started at: 7/1/2023 15:34:13
  ==========================================
  

[2023-01-07T21:34:16.763Z] : [success]: Robot saved successfully

[2023-01-07T21:34:16.940Z] : [success]: Bot started

[2023-01-07T21:34:16.944Z] : [info]: Robot start

[2023-01-07T21:34:27.566Z] : [error]: Script Stopped.

[2023-01-07T21:34:27.573Z] : [warn]: Total execution time: 10s 622ms

[2023-01-07T21:34:27.580Z] : [info]: ---------------------------------------------

[2023-01-07T21:35:58.263Z] : [success]: Robot saved successfully


  ==========================================
  Studio Pro version: 8.7.11
  Started at: 7/1/2023 15:36:04
  ==========================================
  

[2023-01-07T21:36:26.887Z] : [success]: Robot saved successfully


  ==========================================
  Studio Pro version: 8.7.11
  Started at: 7/1/2023 15:37:53
  ==========================================
  

[2023-01-07T21:39:39.666Z] : [success]: Robot saved successfully

[2023-01-07T21:39:50.656Z] : [success]: Robot saved successfully

