[2023-01-19T16:20:55.601Z] : [success]: Robot saved successfully

[2023-01-19T16:20:56.065Z] : [success]: Robot saved successfully

[2023-01-19T16:55:28.272Z] : [success]: Robot saved successfully


  ==========================================
  Studio Pro version: 9.0.5
  Started at: 19/1/2023 10:56:56
  ==========================================
  

[2023-01-19T16:56:59.944Z] : [success]: Robot saved successfully


  ==========================================
  Studio Pro version: 9.0.5
  Started at: 19/1/2023 11:20:39
  ==========================================
  

[2023-01-19T17:20:41.051Z] : [success]: Robot saved successfully


  ==========================================
  Studio Pro version: 9.0.5
  Started at: 19/1/2023 12:09:03
  ==========================================
  

[2023-01-19T18:09:38.252Z] : [success]: Robot saved successfully

[2023-01-19T18:09:38.661Z] : [success]: Bot started

[2023-01-19T18:09:38.665Z] : [info]: Robot start

[2023-01-19T18:09:40.756Z] : [success]: Bot finished successfully, total execution time: 2s 90ms

[2023-01-19T18:09:40.761Z] : [info]: ---------------------------------------------

[2023-01-19T18:10:08.712Z] : [success]: Robot saved successfully

[2023-01-19T18:12:06.096Z] : [success]: Robot saved successfully

[2023-01-19T18:12:11.500Z] : [success]: Robot saved successfully


  ==========================================
  Studio Pro version: 9.0.5
  Started at: 19/1/2023 12:15:54
  ==========================================
  


  ==========================================
  Studio Pro version: 9.0.5
  Started at: 19/1/2023 12:35:58
  ==========================================
  


  ==========================================
  Studio Pro version: 9.0.5
  Started at: 19/1/2023 20:17:44
  ==========================================
  


  ==========================================
  Studio Pro version: 9.0.5
  Started at: 19/1/2023 20:18:07
  ==========================================
  

