
  ==========================================
  Studio Pro version: 9.0.5
  Started at: 19/1/2023 10:16:05
  ==========================================
  

[2023-01-19T16:18:04.950Z] : [success]: Robot saved successfully


  ==========================================
  Studio Pro version: 9.0.5
  Started at: 19/1/2023 11:20:24
  ==========================================
  

[2023-01-19T17:20:35.499Z] : [success]: Robot saved successfully


  ==========================================
  Studio Pro version: 9.0.5
  Started at: 19/1/2023 12:02:30
  ==========================================
  

[2023-01-19T18:07:57.312Z] : [warn]: There is a small amount of free memory (RAM) left, 91.78% of RAM is being used (14916 MBs). The performance of Studio Pro and bots during execution may be unstable. Close applications that are not being used, increase the memory, or optimize the workflow.

[2023-01-19T18:08:05.346Z] : [success]: Robot saved successfully

[2023-01-19T18:08:05.727Z] : [info]: ---------------------------------------------

[2023-01-19T18:08:05.732Z] : [success]: Bot started

[2023-01-19T18:08:05.736Z] : [info]: Robot start

[2023-01-19T18:08:10.220Z] : [success]: Bot finished successfully, total execution time: 4s 483ms

[2023-01-19T18:08:10.225Z] : [info]: ---------------------------------------------


  ==========================================
  Studio Pro version: 9.0.5
  Started at: 19/1/2023 12:16:00
  ==========================================
  

[2023-01-19T18:19:41.112Z] : [success]: Robot saved successfully


  ==========================================
  Studio Pro version: 9.0.5
  Started at: 19/1/2023 12:34:26
  ==========================================
  

[2023-01-19T18:34:40.949Z] : [success]: Robot saved successfully

[2023-01-19T18:34:41.345Z] : [success]: Bot started

[2023-01-19T18:34:41.350Z] : [info]: Robot start

[2023-01-19T18:34:46.575Z] : [success]: Bot finished successfully, total execution time: 5s 224ms

[2023-01-19T18:34:46.579Z] : [info]: ---------------------------------------------

[2023-01-19T18:35:55.246Z] : [success]: Robot saved successfully


  ==========================================
  Studio Pro version: 9.0.5
  Started at: 19/1/2023 16:32:19
  ==========================================
  

[2023-01-19T22:34:57.276Z] : [warn]: There is a small amount of free memory (RAM) left, 92.57% of RAM is being used (15045 MBs). The performance of Studio Pro and bots during execution may be unstable. Close applications that are not being used, increase the memory, or optimize the workflow.

[2023-01-19T22:35:25.705Z] : [success]: Robot saved successfully

[2023-01-19T22:35:26.074Z] : [success]: Bot started

[2023-01-19T22:35:26.078Z] : [info]: Robot start

[2023-01-19T22:35:29.542Z] : [success]: Bot finished successfully, total execution time: 3s 460ms

[2023-01-19T22:35:29.545Z] : [info]: ---------------------------------------------

[2023-01-19T22:36:20.115Z] : [success]: Robot saved successfully

[2023-01-19T22:36:20.513Z] : [success]: Bot started

[2023-01-19T22:36:20.516Z] : [info]: Robot start

[2023-01-19T22:36:22.602Z] : [success]: Bot finished successfully, total execution time: 2s 85ms

[2023-01-19T22:36:22.606Z] : [info]: ---------------------------------------------

[2023-01-19T22:36:52.839Z] : [success]: Robot saved successfully

[2023-01-19T22:36:53.339Z] : [success]: Bot started

[2023-01-19T22:36:53.343Z] : [info]: Robot start

[2023-01-19T22:36:57.466Z] : [success]: Bot finished successfully, total execution time: 4s 122ms

[2023-01-19T22:36:57.471Z] : [info]: ---------------------------------------------

[2023-01-19T22:37:57.441Z] : [warn]: There is a small amount of free memory (RAM) left, 94.4% of RAM is being used (15342 MBs). The performance of Studio Pro and bots during execution may be unstable. Close applications that are not being used, increase the memory, or optimize the workflow.

[2023-01-19T22:40:57.473Z] : [warn]: There is a small amount of free memory (RAM) left, 95.63% of RAM is being used (15542 MBs). The performance of Studio Pro and bots during execution may be unstable. Close applications that are not being used, increase the memory, or optimize the workflow.

[2023-01-19T22:41:42.322Z] : [success]: Robot saved successfully

[2023-01-19T22:41:42.761Z] : [success]: Bot started

[2023-01-19T22:41:42.765Z] : [info]: Robot start

[2023-01-19T22:41:45.214Z] : [success]: Bot finished successfully, total execution time: 2s 448ms

[2023-01-19T22:41:45.219Z] : [info]: ---------------------------------------------

[2023-01-19T22:42:57.382Z] : [success]: Robot saved successfully

[2023-01-19T22:42:57.747Z] : [success]: Bot started

[2023-01-19T22:42:57.751Z] : [info]: Robot start

[2023-01-19T22:42:59.902Z] : [success]: Bot finished successfully, total execution time: 2s 150ms

[2023-01-19T22:42:59.909Z] : [info]: ---------------------------------------------

[2023-01-19T22:43:57.485Z] : [warn]: There is a small amount of free memory (RAM) left, 96.25% of RAM is being used (15643 MBs). The performance of Studio Pro and bots during execution may be unstable. Close applications that are not being used, increase the memory, or optimize the workflow.

[2023-01-19T22:46:57.495Z] : [warn]: There is a small amount of free memory (RAM) left, 95.71% of RAM is being used (15555 MBs). The performance of Studio Pro and bots during execution may be unstable. Close applications that are not being used, increase the memory, or optimize the workflow.

[2023-01-19T22:51:17.674Z] : [success]: Robot saved successfully

[2023-01-19T22:51:18.119Z] : [success]: Bot started

[2023-01-19T22:51:18.122Z] : [info]: Robot start

[2023-01-19T22:51:20.250Z] : [success]: Bot finished successfully, total execution time: 2s 127ms

[2023-01-19T22:51:20.254Z] : [info]: ---------------------------------------------

[2023-01-19T22:52:15.557Z] : [success]: Robot saved successfully

[2023-01-19T22:52:20.030Z] : [success]: Robot saved successfully

[2023-01-19T23:01:20.267Z] : [success]: Robot saved successfully


  ==========================================
  Studio Pro version: 9.0.5
  Started at: 19/1/2023 17:04:46
  ==========================================
  

[2023-01-20T02:09:16.070Z] : [success]: Robot saved successfully


  ==========================================
  Studio Pro version: 9.0.5
  Started at: 19/1/2023 20:15:52
  ==========================================
  

[2023-01-20T02:15:57.142Z] : [warn]: There is a small amount of free memory (RAM) left, 90.27% of RAM is being used (14670 MBs). The performance of Studio Pro and bots during execution may be unstable. Close applications that are not being used, increase the memory, or optimize the workflow.

