[2023-01-24T21:41:39.706Z] : [error]: Script Stopped.

[2023-01-24T21:41:39.726Z] : [info]: Total execution time: 8s 616ms

[2023-01-24T21:41:39.730Z] : [info]: ---------------------------------------------


  ==========================================
  Studio Pro version: 9.0.5
  Started at: 24/1/2023 15:41:40
  ==========================================
  

[2023-01-24T21:41:46.963Z] : [success]: Robot saved successfully


  ==========================================
  Studio Pro version: 9.0.5
  Started at: 24/1/2023 15:41:59
  ==========================================
  

[2023-01-24T21:42:16.410Z] : [success]: Robot saved successfully


  ==========================================
  Studio Pro version: 9.0.5
  Started at: 24/1/2023 15:42:23
  ==========================================
  

[2023-01-24T21:42:51.770Z] : [error]: Script Stopped.

[2023-01-24T21:42:51.775Z] : [info]: Total execution time: 17s 14ms

[2023-01-24T21:42:51.779Z] : [info]: ---------------------------------------------

[2023-01-24T21:44:14.271Z] : [success]: Robot saved successfully

[2023-01-24T21:46:23.086Z] : [success]: Robot saved successfully


  ==========================================
  Studio Pro version: 9.0.5
  Started at: 24/1/2023 15:47:24
  ==========================================
  

[2023-01-24T21:47:57.517Z] : [success]: Robot saved successfully

[2023-01-24T21:47:57.937Z] : [success]: Bot started

[2023-01-24T21:47:57.942Z] : [info]: Robot start

[2023-01-24T21:48:08.272Z] : [error]: Script Stopped.

[2023-01-24T21:48:08.278Z] : [info]: Total execution time: 10s 329ms

[2023-01-24T21:48:08.281Z] : [info]: ---------------------------------------------

[2023-01-24T21:48:16.417Z] : [success]: Bot started

[2023-01-24T21:48:16.421Z] : [info]: Robot start

[2023-01-24T21:48:24.561Z] : [success]: Bot finished successfully, total execution time: 8s 139ms

[2023-01-24T21:48:24.566Z] : [info]: ---------------------------------------------

[2023-01-24T21:48:31.325Z] : [success]: Robot saved successfully

[2023-01-24T21:49:16.971Z] : [success]: Robot saved successfully

[2023-01-24T21:49:28.919Z] : [success]: Bot started

[2023-01-24T21:49:28.923Z] : [info]: Robot start

[2023-01-24T21:49:37.165Z] : [success]: Bot finished successfully, total execution time: 8s 241ms

[2023-01-24T21:49:37.169Z] : [info]: ---------------------------------------------

[2023-01-24T21:50:25.535Z] : [success]: Robot saved successfully

[2023-01-24T21:50:33.490Z] : [success]: Bot started

[2023-01-24T21:50:33.494Z] : [info]: Robot start

[2023-01-24T21:50:41.646Z] : [success]: Bot finished successfully, total execution time: 8s 152ms

[2023-01-24T21:50:41.650Z] : [info]: ---------------------------------------------

[2023-01-24T21:50:51.654Z] : [success]: Robot saved successfully

